
	20-Jan-2017 05:41:31 ORION version 6(10554) beginning log file
	in SPOOL:OPERATOR-SYSTEM.LOG for system Panda Distribution, PANDA TOPS-20 Monitor 7.1(21733)-4

05:41:31 OPRWTO job 2 OPERATOR detached running SYSJB1
		  -- Can't rename file SPOOL:OPERATOR-SYSTEM.LOG --
		Current LOG file will be appended
05:41:31 OPRACK job 2 OPERATOR detached running SYSJB1
		File Retrieval 0  -- Startup Scheduled --
05:41:31 OPRACK job 2 OPERATOR detached running SYSJB1
		Card Reader Interpreter 0  -- Startup Scheduled --
05:41:31 OPRACK job 2 OPERATOR detached running SYSJB1
		DBMS System 0  -- Startup Scheduled --
05:41:31 OPRLOG job 2 OPERATOR detached running SYSJB1
		NCP
		NCP V4.0 Started
05:41:34 OPRHEL OPR signon from OPR version 6(6012) (PID=4061000002)
		job 1 OPERATOR at terminal 13 node TOPS20
05:41:34 OPRCMD from job 1 OPERATOR at terminal 13 node TOPS20 running OPR
		=>TAKE SYSTEM:SYSTEM.CMD
05:41:34 OPRCMD from job 1 OPERATOR at terminal 13 node TOPS20 running OPR
		=>DISABLE LOGGING
