
			 5-Mar-2006 17:30:30

BATCON Version	6(10114)			GLXLIB Version	6(1534)

	    Job BOOT Req #5 for MRC in Stream 0

	OUTPUT:	 Nolog				TIME-LIMIT: 0:05:00
	UNIQUE:	 Yes				BATCH-LOG:  Append
	RESTART: No				ASSISTANCE: Yes
	ACCOUNT:                                SEQUENCE:   3969

	Input from => PANDA:<MONITOR-SOURCES>BOOT.CTL
	Output to  => PANDA:<MONITOR-SOURCES>BOOT.LOG



17:30:30 MONTR	 Lingling, Pandamonium Reigns!, PANDA TOPS-20 Monitor 7.1(21733)-4
17:30:30 MONTR	 Job 17 on TTY22 5-Mar-2006 17:30:30
17:30:30 MONTR	  Last interactive login 5-Mar-2006 17:18:20
17:30:30 MONTR	  Last non-interactive login 5-Mar-2006 17:30:05
17:30:30 MONTR	 $
17:30:30 MONTR	[Connected to PANDA:<MONITOR-SOURCES>]
17:30:30 MONTR	@COMPILE /COMPILE SYSFLG.MAC+BOOT.MAC BOOT
17:30:31 USER	MACRO:	BOOT
17:30:32 USER	[1002 words free in code area]
17:30:32 USER	
17:30:32 USER	EXIT
17:30:32 MONTR	 $@LINK
17:30:32 USER	**/NOSYM
17:30:32 USER	**/SET:.LOW.:40000
17:30:32 USER	**BOOT,SYS:DXMCA.RMC/G
17:30:32 MONTR	
17:30:32 MONTR	 $@CSAVE BOOT 40000
17:30:32 MONTR	 BOOT.EXE.1 Saved
17:30:32 MONTR	 $@R RSXFMT
17:30:32 USER	
17:30:32 USER	RSXFMT>*CONVERT BOOT.EXE BOOT.EXB
17:30:33 USER	BOOT.EXE.1 [SAVE] ==> BOOT.EXB.1 [RSX-BINARY]
17:30:33 USER	RSXFMT>^C
17:30:33 MONTR	 $@COMPILE /COMPILE SYSFLG.MAC+PMT.MAC+BOOT MTBOOT
17:30:33 USER	MACRO:	BOOT
17:30:35 USER	[2070 words free in code area]
17:30:35 USER	
17:30:35 USER	EXIT
17:30:35 MONTR	 $@LINK
17:30:35 USER	**/NOSYM
17:30:35 USER	**/SET:.LOW.:40000
17:30:35 USER	**MTBOOT,SYS:DXMCA.RMC/G
17:30:35 MONTR	
17:30:35 MONTR	 $@CSA MTBOOT 40000
17:30:35 MONTR	 MTBOOT.EXE.1 Saved
17:30:35 MONTR	 $@R RSXFMT
17:30:35 USER	
17:30:35 USER	RSXFMT>^C
17:30:35 MONTR	 $@COMPILE /COMPILE SYSFLG.MAC+RP2.MAC+BOOT.MAC RP2DBT
17:30:35 USER	MACRO:	BOOT
17:30:37 USER	[774 words free in code area]
17:30:37 USER	
17:30:37 USER	EXIT
17:30:37 MONTR	 $@LINK
17:30:37 USER	**/NOSYM
17:30:37 USER	**/SET:.LOW.:40000
17:30:37 USER	**RP2DBT,SYS:DXMCA.RMC,SYS:DXMCE.RMC/G
17:30:37 MONTR	
17:30:37 MONTR	 $@CSAVE RP2DBT 40000
17:30:37 MONTR	 RP2DBT.EXE.1 Saved
17:30:37 MONTR	 $@R RSXFMT
17:30:37 USER	
17:30:37 USER	RSXFMT>*CONVERT RP2DBT.EXE RP2DBT.EXB
17:30:38 USER	RP2DBT.EXE.1 [SAVE] ==> RP2DBT.EXB.1 [RSX-BINARY]
17:30:38 USER	RSXFMT>^C
17:30:38 MONTR	 $@COMPILE /COMPILE SYSFLG.MAC+PMT.MAC+RP2.MAC+BOOT RP2MBT
17:30:38 USER	MACRO:	BOOT
17:30:40 USER	[2062 words free in code area]
17:30:40 USER	
17:30:40 USER	EXIT
17:30:40 MONTR	 $@LINK
17:30:40 USER	**/NOSYM
17:30:40 USER	**/SET:.LOW.:40000
17:30:40 USER	**RP2MBT,SYS:DXMCA.RMC,SYS:DXMCE.RMC/G
17:30:40 MONTR	
17:30:40 MONTR	 $@CSA RP2MBT 40000
17:30:40 MONTR	 RP2MBT.EXE.1 Saved
17:30:40 MONTR	 $@R RSXFMT
17:30:40 USER	
17:30:40 USER	RSXFMT>*CONVERT RP2MBT.EXE RP2MBT.EXB
17:30:40 USER	RP2MBT.EXE.1 [SAVE] ==> RP2MBT.EXB.1 [RSX-BINARY]
17:30:40 USER	RSXFMT>^C
17:30:40 MONTR	 $@
17:30:40 MONTR	 $
17:30:40 MONTR	Killed by OPERATOR, Detached
17:30:40 MONTR	Killed Job 17, User MRC, TTY22, at 5-Mar-2006 17:30:40
17:30:40 MONTR	 Used 0:00:09 in 0:00:10
