
			 5-Mar-2006 17:30:41

BATCON Version	6(10114)			GLXLIB Version	6(1534)

	    Job MONGEN Req #6 for MRC in Stream 0

	OUTPUT:	 Nolog				TIME-LIMIT: 1:00:00
	UNIQUE:	 Yes				BATCH-LOG:  Append
	RESTART: No				ASSISTANCE: Yes
	ACCOUNT:                                SEQUENCE:   3970

	Input from => PANDA:<MONITOR-SOURCES>MONGEN.CTL
	Output to  => PANDA:<MONITOR-SOURCES>MONGEN.LOG



17:30:41 MONTR	 Lingling, Pandamonium Reigns!, PANDA TOPS-20 Monitor 7.1(21733)-4
17:30:41 MONTR	 Job 17 on TTY22 5-Mar-2006 17:30:41
17:30:41 MONTR	  Last interactive login 5-Mar-2006 17:18:20
17:30:41 MONTR	  Last non-interactive login 5-Mar-2006 17:30:30
17:30:41 MONTR	 $
17:30:41 MONTR	[Connected to PANDA:<MONITOR-SOURCES>]
		! PANDA monitor generator
17:30:41 MONTR	@ENABLE
17:30:42 MONTR	 $@DEFINE MON: DSK:
17:30:42 MONTR	
17:30:42 MONTR	 $@DEFINE R: DSK:
17:30:42 MONTR	
17:30:42 MONTR	 $@COMPILE MON:SYSFLG.MAC+MON:PROLOG.MAC R:PROLOG
17:30:42 USER	MACRO:	PROLOG
17:30:44 USER	
17:30:44 USER	EXIT
17:30:44 MONTR	 $@COMPILE MON:GLOBS.MAC R:GLOBS		;Global symbols
17:30:44 USER	MACRO:	GLOBS
17:30:44 USER	
17:30:44 USER	EXIT
17:30:44 MONTR	 $@COMPILE MON:NIPAR.MAC R:NIPAR		;Universal for NISRV users
17:30:45 USER	MACRO:	NIPAR
17:30:45 USER	
17:30:45 USER	EXIT
17:30:45 MONTR	 $@COMPILE MON:ANAUNV.MAC R:ANAUNV	;Universal for ARPANET TCP/IP
17:30:46 USER	MACRO:	ANAUNV
17:30:46 USER	
17:30:46 USER	EXIT
17:30:46 MONTR	 $@COMPILE MON:DOMSYM.MAC R:DOMSYM	;Universal for GTDOM
17:30:47 USER	MACRO:	DOMSYM
17:30:49 USER	
17:30:49 USER	EXIT
17:30:49 MONTR	 $@COMPILE MON:PHYPAR.MAC R:PHYPAR	;Universal for PHYSIO and like modules
17:30:49 USER	MACRO:	PHYPAR
17:30:49 USER	
17:30:49 USER	EXIT
17:30:49 MONTR	 $@COMPILE MON:SCAPAR.MAC R:SCAPAR	;Universal for SCA
17:30:50 USER	MACRO:	SCAPAR
17:30:50 USER	
17:30:50 USER	EXIT
17:30:50 MONTR	 $@COMPILE MON:MSCPAR.MAC R:MSCPAR	;Universal for MSCP drivers and servers
17:30:50 USER	MACRO:	MSCPAR
17:30:51 USER	
17:30:51 USER	EXIT
17:30:51 MONTR	 $@COMPILE MON:ENQPAR.MAC R:ENQPAR	;[7.1072] Universal for ENQ
17:30:51 USER	MACRO:	ENQPAR
17:30:51 USER	
17:30:51 USER	EXIT
17:30:51 MONTR	 $@COMPILE MON:CLUPAR.MAC R:CLUPAR	;[7.1076] CLUDGR parameters
17:30:51 USER	MACRO:	CLUPAR
17:30:51 USER	
17:30:51 USER	EXIT
17:30:51 MONTR	 $@COMPILE MON:CFSPAR.MAC R:CFSPAR	;[7.1190] CFS parameters
17:30:51 USER	MACRO:	CFSPAR
17:30:51 USER	
17:30:51 USER	EXIT
17:30:51 MONTR	 $@COMPILE MON:D36PAR.MAC R:D36PAR	;DECnet symbols
17:30:52 USER	MACRO:	D36PAR
17:30:57 USER	
17:30:57 USER	EXIT
17:30:57 MONTR	 $@COMPILE MON:SCPAR.MAC R:SCPAR		;Session control symbols
17:30:58 USER	MACRO:	SCPAR
17:30:59 USER	
17:30:59 USER	EXIT
17:30:59 MONTR	 $@COMPILE MON:CTERMD.MAC R:CTERMD	;CTERM symbols
17:30:59 USER	MACRO:	CTERMD
17:31:00 USER	
17:31:00 USER	EXIT
17:31:00 MONTR	 $@COMPILE MON:TTYDEF.MAC R:TTYDEF	;Teletype service symbols
17:31:00 USER	MACRO:	TTYDEF
17:31:00 USER	
17:31:00 USER	EXIT
17:31:00 MONTR	 $@COMPILE MON:SERCOD.MAC R:SERCOD	;Codes and fields for SYSERR facility
17:31:00 USER	MACRO:	SERCOD
17:31:00 USER	
17:31:00 USER	EXIT
17:31:00 MONTR	 $@COMPILE MON:SCHED.MAC R:SCHED		;Scheduler
17:31:01 USER	MACRO:	SCHED
17:31:17 USER	
17:31:17 USER	EXIT
17:31:17 MONTR	 $@COMPILE MON:PAGEM.MAC R:PAGEM		;Page management/working set management
17:31:17 USER	MACRO:	PAGEM
17:31:30 USER	
17:31:30 USER	EXIT
17:31:30 MONTR	 $@COMPILE MON:PAGUTL.MAC R:PAGUTL	;Page management subroutines/utilities
17:31:30 USER	MACRO:	PAGUTL
17:31:43 USER	
17:31:43 USER	EXIT
17:31:43 MONTR	 $@COMPILE MON:TAPE.MAC R:TAPE		;Label handler and record processor
17:31:44 USER	MACRO:	TAPE
17:32:01 USER	
17:32:01 USER	EXIT
17:32:01 MONTR	 $@COMPILE MON:CDPSRV.MAC R:CDPSRV	;Card punch service
17:32:01 USER	MACRO:	CDPSRV
17:32:04 USER	
17:32:04 USER	EXIT
17:32:04 MONTR	 $@COMPILE MON:CDRSRV.MAC+MON:CDKLDV.MAC R:CDRSRV	;Card reader service
17:32:04 USER	MACRO:	CDRSRV
17:32:08 USER	
17:32:08 USER	EXIT
17:32:08 MONTR	 $@COMPILE MON:COMND.MAC R:COMND		;Command scanner JSYS
17:32:08 USER	MACRO:	COMND
17:32:14 USER	
17:32:14 USER	EXIT
17:32:14 MONTR	 $@COMPILE MON:CRYPT.MAC R:CRYPT		;Encryption routines
17:32:14 USER	MACRO:	CRYPT
17:32:15 USER	
17:32:15 USER	EXIT
17:32:15 MONTR	 $@COMPILE MON:DATIME.MAC R:DATIME	;Time and date routines
17:32:16 USER	MACRO:	DATIME
17:32:18 USER	
17:32:18 USER	EXIT
17:32:18 MONTR	 $@COMPILE MON:DEVICE.MAC R:DEVICE	;Device table (DEVTAB) routines
17:32:18 USER	MACRO:	DEVICE
17:32:20 USER	
17:32:20 USER	EXIT
17:32:20 MONTR	 $@COMPILE MON:DIRECT.MAC R:DIRECT	;Disk directory management
17:32:20 USER	MACRO:	DIRECT
17:32:34 USER	
17:32:34 USER	EXIT
17:32:34 MONTR	 $@COMPILE MON:DISC.MAC R:DISC		;Disk file management
17:32:34 USER	MACRO:	DISC
17:32:41 USER	
17:32:41 USER	EXIT
17:32:41 MONTR	 $@COMPILE MON:ENQ.MAC R:ENQ		;ENQ and DEQ JSYS
17:32:41 USER	MACRO:	ENQ
17:32:46 USER	
17:32:46 USER	EXIT
17:32:46 MONTR	 $@COMPILE MON:FESRV.MAC R:FESRV		;Device code for FE devices
17:32:47 USER	MACRO:	FESRV
17:32:50 USER	
17:32:50 USER	EXIT
17:32:50 MONTR	 $@COMPILE MON:FILINI.MAC R:FILINI	;File system initialization
17:32:51 USER	MACRO:	FILINI
17:32:54 USER	
17:32:54 USER	EXIT
17:32:54 MONTR	 $@COMPILE MON:FILMSC.MAC R:FILMSC	;DTBs, PTY support
17:32:54 USER	MACRO:	FILMSC
17:32:57 USER	
17:32:57 USER	EXIT
17:32:57 MONTR	 $@COMPILE MON:FILNFT.MAC R:FILNFT	;DECNET DAP support
17:32:58 USER	MACRO:	FILNFT
17:32:59 USER	
17:32:59 USER	EXIT
17:32:59 MONTR	 $@COMPILE MON:FORK.MAC R:FORK		;Fork controlling JSYS and functions
17:32:59 USER	MACRO:	FORK
17:33:05 USER	
17:33:05 USER	EXIT
17:33:06 MONTR	 $@COMPILE MON:FREE.MAC R:FREE		;Storage routines
17:33:06 USER	MACRO:	FREE
17:33:09 USER	
17:33:09 USER	EXIT
17:33:09 MONTR	 $@COMPILE MON:FUTILI.MAC R:FUTILI	;Miscellaneous routines for file system
17:33:10 USER	MACRO:	FUTILI
17:33:11 USER	
17:33:11 USER	EXIT
17:33:11 MONTR	 $@COMPILE MON:GETSAV.MAC R:GETSAV	;Get and save routines
17:33:12 USER	MACRO:	GETSAV
17:33:15 USER	
17:33:15 USER	EXIT
17:33:15 MONTR	 $@COMPILE MON:GTJFN.MAC R:GTJFN		;GTJFN and GNJFN JSYS
17:33:15 USER	MACRO:	GTJFN
17:33:28 USER	
17:33:28 USER	EXIT
17:33:28 MONTR	 $@COMPILE MON:IO.MAC R:IO		;Sequential IO routines and JSYSes
17:33:28 USER	MACRO:	IO
17:33:33 USER	
17:33:33 USER	EXIT
17:33:33 MONTR	 $@COMPILE MON:IPCF.MAC R:IPCF		;Interprocess communications facility
17:33:34 USER	MACRO:	IPCF
17:33:39 MONTR	
17:33:39 MONTR	EXIT
17:33:39 MONTR	 $@COMPILE MON:JSYSA.MAC R:JSYSA		;Non-file system JSYSes
17:33:39 USER	MACRO:	JSYSA
17:33:49 USER	
17:33:49 USER	EXIT
17:33:49 MONTR	 $@COMPILE MON:JSYSF.MAC R:JSYSF		;File system JSYSes
17:33:49 USER	MACRO:	JSYSF
17:34:05 USER	
17:34:05 USER	EXIT
17:34:05 MONTR	 $@COMPILE MON:JSYSM.MAC R:JSYSM		;[7.1200] JSYSes and support for MEXEC
17:34:06 USER	MACRO:	JSYSM
17:34:14 USER	
17:34:14 USER	EXIT
17:34:14 MONTR	 $@COMPILE MON:LDINIT.MAC R:LDINIT	;JSYS dispatch table, monitor version
17:34:15 USER	MACRO:	LDINIT
17:34:15 USER	
17:34:15 USER	EXIT
17:34:15 MONTR	 $@COMPILE MON:LINEPR.MAC+MON:LPFEDV.MAC R:LINEPR	;Line printer device routine
17:34:16 USER	MACRO:	LINEPR
17:34:21 USER	
17:34:21 USER	EXIT
17:34:21 MONTR	 $@COMPILE MON:LOGNAM.MAC R:LOGNAM	;Logical name JSYSes and support
17:34:21 USER	MACRO:	LOGNAM
17:34:25 USER	
17:34:25 USER	EXIT
17:34:25 MONTR	 $@COMPILE MON:LOOKUP.MAC R:LOOKUP	;File name lookup utilities (for GTJFN)
17:34:25 USER	MACRO:	LOOKUP
17:34:28 USER	
17:34:28 USER	EXIT
17:34:28 MONTR	 $@COMPILE MON:MFLIN.MAC R:MFLIN		;Floating point input routines
17:34:28 USER	MACRO:	MFLIN
17:34:29 USER	
17:34:29 USER	EXIT
17:34:29 MONTR	 $@COMPILE MON:MFLOUT.MAC R:MFLOUT	;Floating point outputl routines
17:34:30 USER	MACRO:	MFLOUT
17:34:31 USER	
17:34:31 USER	EXIT
17:34:31 MONTR	 $@COMPILE MON:PLT.MAC R:PLT		;Plotter service
17:34:31 USER	MACRO:	PLT
17:34:32 USER	
17:34:32 USER	EXIT
17:34:32 MONTR	 $@COMPILE MON:POSTLD.MAC R:POSTLD	;Post-loading one-shot init
17:34:33 USER	MACRO:	POSTLD
17:34:36 USER	
17:34:36 USER	EXIT
17:34:36 MONTR	 $@COMPILE MON:PTP.MAC R:PTP		;Paper tape punch service
17:34:37 USER	MACRO:	PTP
17:34:38 USER	
17:34:38 USER	EXIT
17:34:38 MONTR	 $@COMPILE MON:PTR.MAC R:PTR		;Paper tape reader service
17:34:39 USER	MACRO:	PTR
17:34:40 USER	
17:34:40 USER	EXIT
17:34:40 MONTR	 $@COMPILE MON:SWPALC.MAC R:SWPALC	;Swapping space allocation
17:34:41 USER	MACRO:	SWPALC
17:34:42 MONTR	
17:34:42 MONTR	EXIT
17:34:42 MONTR	 $@COMPILE MON:SYSERR.MAC R:SYSERR	;SPEAR routines
17:34:42 USER	MACRO:	SYSERR
17:34:44 USER	
17:34:44 USER	EXIT
17:34:44 MONTR	 $@COMPILE MON:TIMER.MAC R:TIMER		;TIMER JSYS & schedular clock routines
17:34:45 USER	MACRO:	TIMER
17:34:46 USER	
17:34:46 USER	EXIT
17:34:46 MONTR	 $@COMPILE MON:SCAMPI.MAC R:SCAMPI	;Systems communications architecture
17:34:47 USER	MACRO:	SCAMPI
17:35:01 USER	
17:35:01 USER	EXIT
17:35:01 MONTR	 $@COMPILE MON:CFSSRV.MAC R:CFSSRV	;Common File System
17:35:01 USER	MACRO:	CFSSRV
17:35:18 USER	
17:35:18 USER	EXIT
17:35:18 MONTR	 $@COMPILE MON:CFSUSR.MAC R:CFSUSR	;[7.1190] CFS user related stuff
17:35:18 USER	MACRO:	CFSUSR
17:35:21 USER	
17:35:21 USER	EXIT
17:35:21 MONTR	 $@COMPILE MON:PHYKLP.MAC R:PHYKLP	;Device dependent code for KLIPA port
17:35:21 USER	MACRO:	PHYKLP
17:35:33 USER	
17:35:33 USER	EXIT
17:35:33 MONTR	 $@COMPILE MON:SCSJSY.MAC R:SCSJSY	;The SCS% JSYS
17:35:33 USER	MACRO:	SCSJSY
17:35:43 USER	
17:35:43 USER	EXIT
17:35:43 MONTR	 $@COMPILE MON:PHYMSC.MAC R:PHYMSC	;MSCP driver
17:35:43 USER	MACRO:	PHYMSC
17:35:49 USER	
17:35:49 USER	EXIT
17:35:49 MONTR	 $@COMPILE MON:PHYMVR.MAC R:PHYMVR	;MSCP Server
17:35:49 USER	MACRO:	PHYMVR
17:35:55 USER	
17:35:55 USER	EXIT
17:35:55 MONTR	 $@COMPILE MON:APRSRV.MAC R:APRSRV	;Processor-dependent paging
17:35:55 USER	MACRO:	APRSRV
17:36:02 USER	
17:36:02 USER	EXIT
17:36:02 MONTR	 $@COMPILE MON:DIAG.MAC R:DIAG		;The DIAG JSYS
17:36:02 USER	MACRO:	DIAG
17:36:05 USER	
17:36:05 USER	EXIT
17:36:05 MONTR	 $@COMPILE MON:DSKALC.MAC R:DSKALC	;Device independent disk code
17:36:05 USER	MACRO:	DSKALC
17:36:12 USER	
17:36:12 USER	EXIT
17:36:12 MONTR	 $@COMPILE MON:PHYH2.MAC R:PHYH2		;Channel dependent code for RH20
17:36:13 USER	MACRO:	PHYH2
17:36:15 USER	
17:36:15 USER	EXIT
17:36:15 MONTR	 $@COMPILE MON:PHYM2.MAC R:PHYM2		;Device dependent code for TM02/TU45
17:36:15 USER	MACRO:	PHYM2
17:36:18 USER	
17:36:18 USER	EXIT
17:36:18 MONTR	 $@COMPILE MON:PHYM78.MAC R:PHYM78	;Device dependent code for TM78/TU78
17:36:18 USER	MACRO:	PHYM78
17:36:21 USER	
17:36:21 USER	EXIT
17:36:21 MONTR	 $@COMPILE MON:PHYP2.MAC R:PHYP2		;Device dependent code for DX20B/RP20
17:36:21 USER	MACRO:	PHYP2
17:36:24 USER	
17:36:24 USER	EXIT
17:36:24 MONTR	 $@COMPILE MON:PHYP4.MAC R:PHYP4		;Device dependent code for RP04 DISKS
17:36:25 USER	MACRO:	PHYP4
17:36:26 USER	
17:36:26 USER	EXIT
17:36:26 MONTR	 $@COMPILE MON:PHYX2.MAC R:PHYX2		;Device dependent code for DX20A/TU70S
17:36:27 USER	MACRO:	PHYX2
17:36:30 USER	
17:36:30 USER	EXIT
17:36:30 MONTR	 $@COMPILE MON:PHYSIO.MAC R:PHYSIO	;Device independent physical IO
17:36:31 USER	MACRO:	PHYSIO
17:36:37 USER	
17:36:37 USER	EXIT
17:36:37 MONTR	 $@COMPILE MON:MAGTAP.MAC R:MAGTAP	;MTA routines
17:36:37 USER	MACRO:	MAGTAP
17:36:44 USER	
17:36:44 USER	EXIT
17:36:44 MONTR	 $@COMPILE MON:MEXEC.MAC R:MEXEC		;Swappable monitor routines
17:36:44 USER	MACRO:	MEXEC
17:36:49 USER	
17:36:49 USER	EXIT
17:36:49 MONTR	 $@COMPILE MON:MSTR.MAC R:MSTR		;Mountable structure monitor call
17:36:49 USER	MACRO:	MSTR
17:36:54 USER	
17:36:54 USER	EXIT
17:36:54 MONTR	 $@COMPILE MON:DTESRV.MAC R:DTESRV	;DTE support. RSX20F interface
17:36:54 USER	MACRO:	DTESRV
17:37:05 USER	
17:37:05 USER	EXIT
17:37:05 MONTR	 $@COMPILE MON:IPIPIP.MAC R:IPIPIP	;Arpanet internet protocols
17:37:05 USER	MACRO:	IPIPIP
17:37:16 USER	
17:37:16 USER	EXIT
17:37:16 MONTR	 $@COMPILE MON:IPCIDV.MAC R:IPCIDV	;Internet CI Driver
17:37:16 USER	MACRO:	IPCIDV
17:37:20 USER	
17:37:20 USER	EXIT
17:37:20 MONTR	 $@COMPILE MON:IPNIDV.MAC R:IPNIDV	;Internet Ethernet Driver
17:37:21 USER	MACRO:	IPNIDV
17:37:28 USER	
17:37:28 USER	EXIT
17:37:28 MONTR	 $@COMPILE MON:IPFREE.MAC R:IPFREE	;Internet free storage routines
17:37:28 USER	MACRO:	IPFREE
17:37:32 USER	
17:37:32 USER	EXIT
17:37:32 MONTR	 $@COMPILE MON:TCPTCP.MAC R:TCPTCP	;Arpanet transmission control
17:37:32 USER	MACRO:	TCPTCP
17:37:47 USER	
17:37:47 USER	EXIT
17:37:47 MONTR	 $@COMPILE MON:TCPCRC.MAC R:TCPCRC	;Cyclic redundancy check routines
17:37:48 USER	MACRO:	TCPCRC
17:37:49 USER	
17:37:49 USER	EXIT
17:37:49 MONTR	 $@COMPILE MON:TCPBBN.MAC R:TCPBBN	;BBN TCP JSYS service routines
17:37:50 USER	MACRO:	TCPBBN
17:37:55 USER	
17:37:55 USER	EXIT
17:37:55 MONTR	 $@COMPILE MON:TCPJFN.MAC R:TCPJFN	;DEC JSYS interface for BBN TCP
17:37:55 USER	MACRO:	TCPJFN
17:38:01 MONTR	
17:38:01 MONTR	EXIT
17:38:01 MONTR	 $@COMPILE MON:MNETDV.MAC R:MNETDV	;Multinet software for ARPANET TCP/IP
17:38:01 USER	MACRO:	MNETDV
17:38:08 USER	
17:38:08 USER	EXIT
17:38:08 MONTR	 $@COMPILE MON:IMPANX.MAC R:IMPANX	;IMP driver for AN20
17:38:08 USER	MACRO:	IMPANX
17:38:10 USER	
17:38:10 USER	EXIT
17:38:10 MONTR	 $@COMPILE MON:IMPDV.MAC R:IMPDV		;Arpanet IMP Communication Protocols
17:38:11 USER	MACRO:	IMPDV
17:38:14 USER	
17:38:14 USER	EXIT
17:38:14 MONTR	 $@COMPILE MON:GTDOM.MAC R:GTDOM		;Domain name system
17:38:15 USER	MACRO:	GTDOM
17:38:19 USER	
17:38:19 USER	EXIT
17:38:19 MONTR	 $@COMPILE MON:TTYSRV.MAC R:TTYSRV	;Teletype service routines
17:38:19 USER	MACRO:	TTYSRV
17:38:36 USER	
17:38:36 USER	EXIT
17:38:36 MONTR	 $@COMPILE MON:NRTSRV.MAC R:NRTSRV	;NRT service routines
17:38:36 USER	MACRO:	NRTSRV
17:38:41 USER	
17:38:41 USER	EXIT
17:38:41 MONTR	 $@COMPILE MON:RSXSRV.MAC R:RSXSRV	;Teletype service routines
17:38:41 USER	MACRO:	RSXSRV
17:38:45 USER	
17:38:45 USER	EXIT
17:38:45 MONTR	 $@COMPILE MON:TVTSRV.MAC R:TVTSRV	;Internet terminal service
17:38:45 USER	MACRO:	TVTSRV
17:38:50 USER	
17:38:50 USER	EXIT
17:38:50 MONTR	 $@COMPILE MON:CIDLL.MAC R:CIDLL		;CI data link layer
17:38:51 USER	MACRO:	CIDLL
17:38:56 USER	
17:38:56 USER	EXIT
17:38:56 MONTR	 $@COMPILE MON:CTHSRV.MAC R:CTHSRV	;CTERM terminal support
17:38:56 USER	MACRO:	CTHSRV
17:39:08 USER	
17:39:08 USER	EXIT
17:39:08 MONTR	 $@COMPILE MON:D36COM.MAC R:D36COM	;Common routines for DECnet
17:39:08 USER	MACRO:	D36COM
17:39:16 USER	
17:39:16 USER	EXIT
17:39:16 MONTR	 $@COMPILE MON:DNADLL.MAC R:DNADLL	;Common data link layer interface
17:39:16 USER	MACRO:	DNADLL
17:39:25 USER	
17:39:25 USER	EXIT
17:39:25 MONTR	 $@COMPILE MON:JNTMAN.MAC R:JNTMAN	;TOPS20 specific network management
17:39:26 USER	MACRO:	JNTMAN
17:39:29 USER	
17:39:29 USER	EXIT
17:39:29 MONTR	 $@COMPILE MON:LLINKS.MAC R:LLINKS	;DECnet NSP (ECL) layer
17:39:29 USER	MACRO:	LLINKS
17:39:53 USER	
17:39:53 USER	EXIT
17:39:53 MONTR	 $@COMPILE MON:LLMOP.MAC R:LLMOP		;DECnet low level MOP support
17:39:53 USER	MACRO:	LLMOP
17:40:05 USER	
17:40:05 USER	EXIT
17:40:05 MONTR	 $@COMPILE MON:TOPS.MAC+MON:NISRV.MAC+MON:PHYKNI.MAC R:NISRV ;KLNI device driver
17:40:05 USER	MACRO:	NISRV
17:40:24 USER	
17:40:24 USER	EXIT
17:40:24 MONTR	 $@COMPILE MON:NIUSR.MAC R:NIUSR		;NI% JSYS
17:40:25 USER	MACRO:	NIUSR
17:40:33 USER	
17:40:33 USER	EXIT
17:40:33 MONTR	 $@COMPILE MON:NTMAN.MAC R:NTMAN		;Network management
17:40:33 USER	MACRO:	NTMAN
17:40:46 USER	
17:40:46 USER	EXIT
17:40:46 MONTR	 $@COMPILE MON:ROUTER.MAC R:ROUTER	;DECnet router layer
17:40:46 USER	MACRO:	ROUTER
17:41:04 USER	
17:41:04 USER	EXIT
17:41:04 MONTR	 $@COMPILE MON:SCJSYS.MAC R:SCJSYS	;DECnet JSYSes
17:41:04 USER	MACRO:	SCJSYS
17:41:13 USER	
17:41:13 USER	EXIT
17:41:13 MONTR	 $@COMPILE MON:SCLINK.MAC R:SCLINK	;DECnet session control layer
17:41:13 USER	MACRO:	SCLINK
17:41:32 USER	
17:41:32 USER	EXIT
17:41:32 MONTR	 $@COMPILE MON:LATSRV.MAC R:LATSRV	;LAT host server
17:41:33 USER	MACRO:	LATSRV
17:41:50 USER	
17:41:50 USER	EXIT
17:41:50 MONTR	 $@COMPILE MON:CLUDGR.MAC R:CLUDGR	;[7.1076] CLUDGR SYSAP
17:41:50 USER	MACRO:	CLUDGR
17:41:59 USER	
17:41:59 USER	EXIT
17:41:59 MONTR	 $@COMPILE MON:CLUFRK.MAC R:CLUFRK	;[7.1076] CLUDGR's fork
17:41:59 USER	MACRO:	CLUFRK
17:42:03 USER	
17:42:03 USER	EXIT
17:42:03 MONTR	 $@COMPILE MON:ENQSRV.MAC R:ENQSRV	;[7.1072] Cluster-wide ENQ/DEQ protocol
17:42:04 USER	MACRO:	ENQSRV
17:42:11 USER	
17:42:11 USER	EXIT
17:42:11 MONTR	 $@COMPILE MON:DOB.MAC R:DOB		;[7.1081] DOB JSYS and code
17:42:11 USER	MACRO:	DOB
17:42:15 USER	
17:42:15 USER	EXIT
17:42:15 MONTR	 $@COMPILE MON:PIPE.MAC R:PIPE		;Data pipes
17:42:15 USER	MACRO:	PIPE
17:42:18 USER	
17:42:18 USER	EXIT
17:42:18 MONTR	 $@COMPILE MON:KLHSRV.MAC R:KLHSRV	;KN10 routines
17:42:19 USER	MACRO:	KLHSRV
17:42:20 USER	
17:42:20 USER	EXIT
17:42:20 MONTR	 $
							;Monitor name string and version
17:42:20 MONTR	@COMPILE MON:NAMMON.MAC+MON:VEDIT.MAC+MON:VERSIO.MAC R:VERSIO
17:42:20 USER	MACRO:	VERSIO
17:42:20 USER	
17:42:20 USER	EXIT
17:42:20 MONTR	 $
							;Storage
17:42:20 MONTR	@COMPILE MON:PARMON.MAC+MON:PARNEW.MAC+MON:PARAMS.MAC+MON:STG.MAC R:STG
17:42:20 USER	MACRO:	STG
17:42:28 USER	
17:42:28 USER	EXIT
17:42:28 MONTR	 $@COMPILE MON:F2KDDT.MAC+MON:DDT.MAC KDDT
17:42:28 USER	MACRO:	KDDT
17:42:36 USER	
17:42:36 USER	EXIT
17:42:36 MONTR	 $@COMPILE MON:F2MDDT.MAC+MON:DDT.MAC MDDT
17:42:36 USER	MACRO:	MDDT
17:42:43 USER	[396 words left in data area]
17:42:43 USER	
17:42:43 USER	EXIT
17:42:43 MONTR	 $@COMPILE MON:F2XDDT.MAC+MON:DDT.MAC XDDT
17:42:43 USER	MACRO:	UDDT
17:42:50 USER	[382 words left in data area]
17:42:50 USER	[10336 words left in code area]
17:42:50 USER	
17:42:50 USER	EXIT
17:42:50 MONTR	 $@LINK
17:42:50 USER	**/NOINITIAL, /SET:.LOW.:700000 /SET:DDTSYM:701000 /SYMSEG:PSECT:DDTSYM -
17:42:50 USER	#*/UPTO:737777 /PATCHSIZE:#2000 /HASHSIZE:10000 XDDT/SAVE = XDDT/NOLOCALS, -
17:42:50 USER	#*/LOCALS SYS:MONSYM, SYS:MACREL, SYS:JOBDAT, /PVBLOCK:PSECT:DDTCOD -
17:42:50 USER	#*/PVDATA:NAME:DDT% /PVDATA:START:DDTXPT /PVDATA:VERSION:%%DDT, /GO
17:42:51 MONTR	
17:42:51 MONTR	 $@GET XDDT.EXE
17:42:51 MONTR	
17:42:51 MONTR	 $@START
17:42:51 MONTR	
17:42:51 MONTR	 $@SAVE XDDT.EXE 700 777
17:42:52 MONTR	 XDDT.EXE.2 Saved
17:42:52 MONTR	 $@R LINK
17:42:52 USER	**@LNKNEW.CCL
17:42:52 USER	**TTY:/LOG/LOGL:5
17:42:52 USER	**MON/SAVE,/HASHSIZE:12007, -
17:42:52 USER	#*/FRECOR:0, -
17:42:52 USER	#*/LOCALS, -
17:42:52 USER	#*R:MONSYM.REL/NOLOCALS, -
17:42:52 USER	#*R:LDINIT, -
17:42:52 USER	#*R:VERSIO,R:STG, -
17:42:52 USER	#*R:KDDT, -
17:42:52 USER	#*R:MDDT, -
17:42:52 USER	#*R:TTYSRV.REL/S,R:NRTSRV.REL/S,R:RSXSRV.REL/S,R:CIDLL.REL/S, - 
17:42:52 USER	#*R:CTHSRV.REL/S,R:D36COM.REL/S,R:DNADLL.REL/S,R:JNTMAN.REL/S, -
17:42:52 USER	#*R:LLINKS.REL/S,R:LLMOP.REL/S,R:NISRV.REL/S,R:NIUSR.REL/S,R:NTMAN.REL/S, -
17:42:52 USER	#*R:ROUTER.REL/S,R:SCJSYS.REL/S,R:SCLINK.REL/S,R:LATSRV.REL/S, -
17:42:52 USER	#*R:SCAMPI.REL/S,R:SCSJSY.REL/S,R:PHYKLP.REL/S,R:PHYMSC.REL/S, -
17:42:52 USER	#*R:CFSSRV.REL/S,R:CFSUSR.REL/S,R:APRSRV.REL/S,R:SCHED.REL/S,R:PAGEM.REL/S, -
17:42:52 USER	#*R:PAGUTL.REL/S,R:PHYMVR.REL/S,R:FORK.REL/S,R:MEXEC.REL/S, -
17:42:52 USER	#*R:GETSAV.REL/S,R:SYSERR.REL/S,R:COMND.REL/S,R:DEVICE.REL/S, -
17:42:52 USER	#*R:DIRECT.REL/S,R:ENQ.REL/S,R:FREE.REL/S,R:FUTILI.REL/S,R:GTJFN.REL/S, -
17:42:52 USER	#*R:IO.REL/S,R:IPCF.REL/S,R:JSYSA.REL/S,R:JSYSF.REL/S,R:JSYSM.REL/S, -
17:42:52 USER	#*R:LOGNAM.REL/S,R:LOOKUP.REL/S,R:MSTR.REL/S,R:SWPALC.REL/S,R:DISC.REL/S, -
17:42:52 USER	#*R:FILINI.REL/S,R:FILMSC.REL/S,R:MFLIN.REL/S,R:MFLOUT.REL/S,R:DATIME.REL/S, -
17:42:52 USER	#*R:PHYSIO.REL/S,R:DIAG.REL/S,R:DSKALC.REL/S,R:PHYH2.REL/S,R:PHYP4.REL/S, -
17:42:52 USER	#*R:PHYP2.REL/S,R:PHYM78/S,R:FESRV.REL/S,R:MAGTAP.REL/S, -
17:42:52 USER	#*R:TAPE.REL/S,R:TIMER.REL/S,R:PHYM2.REL/S,R:PHYX2.REL/S,R:DTESRV.REL/S, -
17:42:52 USER	#*R:LINEPR.REL/S,R:CDPSRV.REL/S,R:PLT.REL/S,R:PTP.REL/S,R:PTR.REL/S, -
17:42:52 USER	#*R:CDRSRV.REL/S,R:NTMAN.REL/S,R:FILNFT.REL/S, -
17:42:52 USER	#*R:CLUDGR.REL/S,R:CLUFRK.REL/S,R:ENQSRV.REL/S,R:DOB.REL/S, -
17:42:52 USER	#*R:IMPANX/S,R:IMPDV/S,R:NISRV/S,R:NIUSR/S,R:IPNIDV/S,R:IPCIDV/S, -
17:42:52 USER	#*R:MNETDV/S,R:GTDOM/S,R:IPFREE/S,R:IPIPIP/S,R:TCPCRC/S,R:TCPTCP/S,R:TCPBBN/S,
17:42:52 USER	[LNKLMN	Loading module MONSYM from file MONSYM.REL.1]
17:42:52 USER	[LNKLMN	Loading module LDINIT from file LDINIT.REL.1]
17:42:52 USER	[LNKLMN	Loading module VERSIO from file VERSIO.REL.1]
17:42:52 USER	[LNKLMN	Loading module STG from file STG.REL.1]
17:42:52 USER	[LNKLMN	Loading module KDDT from file KDDT.REL.1]
17:42:52 USER	[LNKLMN	Loading module MDDT from file MDDT.REL.1]
17:42:53 USER	[LNKLMN	Loading module TTYSRV from file TTYSRV.REL.1]
17:42:53 USER	[LNKLMN	Loading module NRTSRV from file NRTSRV.REL.1]
17:42:53 USER	[LNKLMN	Loading module RSXSRV from file RSXSRV.REL.1]
17:42:53 USER	[LNKLMN	Loading module CIDLL from file CIDLL.REL.1]
17:42:53 USER	[LNKLMN	Loading module CTHSRV from file CTHSRV.REL.1]
17:42:54 USER	[LNKLMN	Loading module D36COM from file D36COM.REL.1]
17:42:54 USER	[LNKLMN	Loading module DNADLL from file DNADLL.REL.1]
17:42:54 USER	[LNKLMN	Loading module JNTMAN from file JNTMAN.REL.1]
17:42:54 USER	[LNKLMN	Loading module LLINKS from file LLINKS.REL.1]
17:42:54 USER	[LNKLMN	Loading module LLMOP from file LLMOP.REL.1]
17:42:54 USER	[LNKLMN	Loading module NISRV from file NISRV.REL.1]
17:42:54 USER	[LNKLMN	Loading module NIUSR from file NIUSR.REL.1]
17:42:54 USER	[LNKLMN	Loading module NTMAN from file NTMAN.REL.1]
17:42:55 USER	[LNKLMN	Loading module ROUTER from file ROUTER.REL.1]
17:42:55 USER	[LNKLMN	Loading module SCJSYS from file SCJSYS.REL.1]
17:42:55 USER	[LNKLMN	Loading module SCLINK from file SCLINK.REL.1]
17:42:55 USER	[LNKLMN	Loading module LATSRV from file LATSRV.REL.1]
17:42:56 USER	[LNKLMN	Loading module SCAMPI from file SCAMPI.REL.1]
17:42:56 USER	[LNKLMN	Loading module SCSJSY from file SCSJSY.REL.1]
17:42:56 USER	[LNKLMN	Loading module PHYKLP from file PHYKLP.REL.1]
17:42:57 USER	[LNKLMN	Loading module PHYMSC from file PHYMSC.REL.1]
17:42:58 USER	[LNKLMN	Loading module CFSSRV from file CFSSRV.REL.1]
17:42:58 USER	[LNKLMN	Loading module CFSUSR from file CFSUSR.REL.1]
17:42:58 USER	[LNKLMN	Loading module APRSRV from file APRSRV.REL.1]
17:42:58 USER	[LNKLMN	Loading module SCHED from file SCHED.REL.1]
17:42:59 USER	[LNKLMN	Loading module PAGEM from file PAGEM.REL.1]
17:42:59 USER	[LNKLMN	Loading module PAGUTL from file PAGUTL.REL.1]
17:43:01 USER	[LNKLMN	Loading module PHYMVR from file PHYMVR.REL.1]
17:43:01 USER	[LNKLMN	Loading module FORK from file FORK.REL.1]
17:43:01 USER	[LNKLMN	Loading module MEXEC from file MEXEC.REL.1]
17:43:01 USER	[LNKLMN	Loading module GETSAV from file GETSAV.REL.1]
17:43:02 USER	[LNKLMN	Loading module SYSERR from file SYSERR.REL.1]
17:43:02 USER	[LNKLMN	Loading module COMND from file COMND.REL.1]
17:43:02 USER	[LNKLMN	Loading module DEVICE from file DEVICE.REL.1]
17:43:02 USER	[LNKLMN	Loading module DIRECT from file DIRECT.REL.1]
17:43:03 USER	[LNKLMN	Loading module ENQ from file ENQ.REL.1]
17:43:03 USER	[LNKLMN	Loading module FREE from file FREE.REL.1]
17:43:03 USER	[LNKLMN	Loading module FUTILI from file FUTILI.REL.1]
17:43:03 USER	[LNKLMN	Loading module GTJFN from file GTJFN.REL.1]
17:43:03 USER	[LNKLMN	Loading module IO from file IO.REL.1]
17:43:04 USER	[LNKLMN	Loading module IPCF from file IPCF.REL.1]
17:43:04 USER	[LNKLMN	Loading module JSYSA from file JSYSA.REL.1]
17:43:04 USER	[LNKLMN	Loading module JSYSF from file JSYSF.REL.1]
17:43:05 USER	[LNKLMN	Loading module JSYSM from file JSYSM.REL.1]
17:43:06 USER	[LNKLMN	Loading module LOGNAM from file LOGNAM.REL.1]
17:43:06 USER	[LNKLMN	Loading module LOOKUP from file LOOKUP.REL.1]
17:43:06 USER	[LNKLMN	Loading module MSTR from file MSTR.REL.1]
17:43:06 USER	[LNKLMN	Loading module SWPALC from file SWPALC.REL.1]
17:43:07 USER	[LNKLMN	Loading module DISC from file DISC.REL.1]
17:43:07 USER	[LNKLMN	Loading module FILINI from file FILINI.REL.1]
17:43:07 USER	[LNKLMN	Loading module FILMSC from file FILMSC.REL.1]
17:43:07 USER	[LNKLMN	Loading module MFLIN from file MFLIN.REL.1]
17:43:07 USER	[LNKLMN	Loading module MFLOUT from file MFLOUT.REL.1]
17:43:07 USER	[LNKLMN	Loading module DATIME from file DATIME.REL.1]
17:43:07 USER	[LNKLMN	Loading module PHYSIO from file PHYSIO.REL.1]
17:43:09 USER	[LNKLMN	Loading module DIAG from file DIAG.REL.1]
17:43:09 USER	[LNKLMN	Loading module DSKALC from file DSKALC.REL.1]
17:43:10 USER	[LNKLMN	Loading module PHYH2 from file PHYH2.REL.1]
17:43:10 USER	[LNKLMN	Loading module PHYP4 from file PHYP4.REL.1]
17:43:10 USER	[LNKLMN	Loading module FESRV from file FESRV.REL.1]
17:43:11 USER	[LNKLMN	Loading module MAGTAP from file MAGTAP.REL.1]
17:43:11 USER	[LNKLMN	Loading module TAPE from file TAPE.REL.1]
17:43:11 USER	[LNKLMN	Loading module TIMER from file TIMER.REL.1]
17:43:11 USER	[LNKLMN	Loading module PHYM2 from file PHYM2.REL.1]
17:43:11 USER	[LNKLMN	Loading module DTESRV from file DTESRV.REL.1]
17:43:13 USER	[LNKLMN	Loading module FILNFT from file FILNFT.REL.1]
17:43:13 USER	[LNKLMN	Loading module CLUDGR from file CLUDGR.REL.1]
17:43:13 USER	[LNKLMN	Loading module CLUFRK from file CLUFRK.REL.1]
17:43:13 USER	[LNKLMN	Loading module ENQSRV from file ENQSRV.REL.1]
17:43:13 USER	[LNKLMN	Loading module DOB from file DOB.REL.1]
17:43:14 USER	[LNKLMN	Loading module IPNIDV from file IPNIDV.REL.1]
17:43:14 USER	[LNKLMN	Loading module MNETDV from file MNETDV.REL.1]
17:43:15 USER	[LNKLMN	Loading module GTDOM from file GTDOM.REL.1]
17:43:15 USER	[LNKLMN	Loading module IPFREE from file IPFREE.REL.1]
17:43:15 USER	[LNKLMN	Loading module IPIPIP from file IPIPIP.REL.1]
17:43:16 USER	[LNKLMN	Loading module TCPCRC from file TCPCRC.REL.1]
17:43:16 USER	[LNKLMN	Loading module TCPTCP from file TCPTCP.REL.1]
17:43:16 USER	[LNKLMN	Loading module TCPBBN from file TCPBBN.REL.1]
17:43:16 USER	**R:TCPJFN/S,R:TVTSRV/S, -
17:43:16 USER	#*R:PIPE/S,R:KLHSRV/S, -
17:43:16 USER	#*R:CRYPT.REL/S,R:POSTLD.REL/S, -
17:43:16 USER	#*/NOLOCALS, -
17:43:16 USER	#*/SYSLIB, -
17:43:16 USER	#*/COUNTER, -
17:43:16 USER	#*/GO
17:43:16 USER	[LNKLMN	Loading module TCPJFN from file TCPJFN.REL.1]
17:43:17 USER	[LNKLMN	Loading module TVTSRV from file TVTSRV.REL.1]
17:43:17 USER	[LNKLMN	Loading module PIPE from file PIPE.REL.1]
17:43:17 USER	[LNKLMN	Loading module KLHSRV from file KLHSRV.REL.1]
17:43:18 USER	[LNKLMN	Loading module CRYPT from file CRYPT.REL.1]
17:43:18 USER	[LNKLMN	Loading module POSTLD from file POSTLD.REL.1]
17:43:18 USER	%LNKFTH	Fullword value ERCOD being truncated to halfword at address 37751207
17:43:18 USER	%LNKFTH	Fullword value FAKDDT being truncated to halfword at address 37751231
17:43:18 USER	%LNKFTH	Fullword value XRCOD being truncated to halfword at address 37750104
17:43:18 USER	[LNKRLC	Reloc. ctr.	initial value	current value	limit value
17:43:18 USER		.LOW.		0		166		1000000
17:43:18 USER		RSCOD		1000		142544		1000000
17:43:18 USER		INCOD		143000		150212		1000000
17:43:18 USER		RSDAT		151000		161567		1000000
17:43:18 USER		PPVAR		162000		166000		1000000
17:43:18 USER		RSVAR		166000		316437		1000000
17:43:18 USER		NRVAR		317000		334665		1000000
17:43:18 USER		NRCOD		447000		661616		1000000
17:43:18 USER		BGSTR		5001000		5021305		40000000
17:43:18 USER		BGPTR		5022000		5026326		40000000
17:43:18 USER		SYPSX		5027000		5027000		40000000
17:43:18 USER		ERCOD		5713000		5734163		40000000
17:43:18 USER		XRCOD		6447000		6531605		40000000
17:43:18 USER		XNCOD		6532000		6643550		40000000
17:43:18 USER		ENCOD		6644000		6661476		40000000
17:43:18 USER		POSTCD		37750000	37753377	40000000
17:43:18 USER		Absolute code loaded]
17:43:20 MONTR	 $@EXPUNGE
17:43:20 MONTR	 PANDA:<MONITOR-SOURCES> [372 pages freed]
17:43:20 MONTR	 $@GET MON
17:43:20 MONTR	
17:43:20 MONTR	 $@START 142
17:43:20 USER	DDT
17:43:20 USER	*0^[6M
17:43:20 USER	   =BUGHLT<HLTADR^[12B   =BUGCHK<CHKADR^[11B   ^[G
17:43:20 USER	
17:43:20 USER	
17:43:20 USER	PANDA PROGRAMMING, PANDA TOPS-20 Monitor 7.1(21733)-4
17:43:20 USER	
17:43:20 USER	- Monitor runtime address space -
17:43:20 USER	
17:43:20 USER	  Psect	      Start         End       Length       Free         Limit
17:43:20 USER	
17:43:20 USER	
17:43:20 USER	Section 0/1:
17:43:20 USER	
17:43:20 USER	  RSCOD	        1000      142543      141544         234
17:43:20 USER	  INCOD	      143000      150211        5212         566
17:43:20 USER	  RSDAT	      151000      161566       10567         211
17:43:20 USER	  PPVAR	      162000      165777        4000           0
17:43:20 USER	  RSVAR	      166000      316436      130437         341
17:43:20 USER	  NRVAR	      317000      334664       15665         113
17:43:20 USER	  PSVAR	      335000      353777       17000           0
17:43:20 USER	  JSVAR	      354000      446777       73000           0
17:43:20 USER	  NRCOD	      447000      661615      212616         162
17:43:20 USER	  NPVAR	      662000      751000       67001       26777      777777
17:43:21 USER	
17:43:21 USER	
17:43:21 USER	There are 26 (octal) free pages in section 0.
17:43:21 USER	
17:43:21 USER	
17:43:21 USER	
17:43:21 USER	Symbol section (SYMSEC):
17:43:21 USER	
17:43:21 USER	  BGSTR	     5001000     5021304       20305         473
17:43:21 USER	  BGPTR	     5022000     5026325        4326         452
17:43:21 USER	
17:43:21 USER	  ERCOD	     5713000     5734162       21163         616     5735000
17:43:21 USER	
17:43:21 USER	
17:43:21 USER	Extended code section (XCDSEC):
17:43:21 USER	
17:43:21 USER	  XRCOD	     6447000     6531604       62605         173
17:43:21 USER	  XNCOD	     6532000     6643547      111550         230
17:43:21 USER	  ENCOD	     6644000     6661475       15476         302     6661777
17:43:21 USER	
17:43:21 USER	
17:43:21 USER	Extended variables section (RESSEC):
17:43:21 USER	
17:43:21 USER	  ERVAR	    13001000    13004246        3247         531
17:43:21 USER	  ENVAR	    13005000    13046535       41536         242
17:43:21 USER	  EPVAR	    13047000    13340777      272000      437000    13777777
17:43:21 USER	
17:43:21 USER	
17:43:21 USER	No psect overflows detected.
17:43:21 USER	
17:43:21 USER	A potential set of new psect origins will be written into LNKNEW.CCL
17:43:21 USER	and PARNEW.MAC.
17:43:21 USER	
17:43:21 USER	Writing sorted bug list to file BUGSTRINGS.TXT.1
17:43:22 USER	
17:43:22 USER	- POSTLD image layout -
17:43:22 USER	
17:43:22 USER	       Start         End        Psect
17:43:22 USER	
17:43:22 USER	           0         142	Page 0 and RSCOD
17:43:22 USER	         143         150	INCOD
17:43:22 USER	         151         161	RSDAT
17:43:22 USER	         317         644	Symbol table
17:43:22 USER	         713         734	ERCOD
17:43:22 USER	        1001        1021	BGPTR
17:43:22 USER	        1022        1026	BGSTR
17:43:22 USER	        1027        1241	NRCOD
17:43:22 USER	        1447        1531	XRCOD
17:43:22 USER	        1532        1643	XNCOD
17:43:22 USER	        1644        1661	ENCOD
17:43:22 USER	
17:43:22 USER	Saving monitor as MONITR.EXE.1
17:43:23 USER	
17:43:23 MONTR	 $ $@DELETE MON.EXE
17:43:23 MONTR	 MON.EXE.1 [OK]
17:43:23 MONTR	 $
		!
		! This step is necessary because POSTLD writes a slightly bogus EXE
		!file.  BOOT will think that section 1 page +1 (a non-ex page) is a
		!page of zeros which should overwrite what was there before.  Typically,
		!this stomps a page of the symbol table.  Everything after that page is
		!lost, causing all sorts of grief to applications software which sniff
		!at monitor symbols.  While we're at it, we'll display some configuration
		!parameters which can be edited here instead of in source code.
17:43:23 MONTR	@GET MONITR
17:43:23 MONTR	
17:43:23 MONTR	 $@START 140
17:43:23 USER	DDT
17:43:23 USER	*^[^[10R
17:43:23 USER	   
		!system debugging level
17:43:23 USER	*DBUGSW[ 1
17:43:23 USER	   0.   
		!EDDT retention
17:43:23 USER	*EDDTF[ 1
17:43:23 USER	   0.   
		!ms before logout after carrier off detach
17:43:23 USER	*COFTIM[
17:43:23 USER	   1800000.   
		!Not logged-in logout hangup policy
17:43:23 USER	*HNGU0F[
17:43:23 USER	   1.   
		!Logged-in logout hangup policy
17:43:23 USER	*HNGU1F[
17:43:23 USER	   1.   
		!Detach hangup policy
17:43:23 USER	*HNGU2F[
17:43:23 USER	   1.   
		!Interval after password failure to reset count
17:43:23 USER	*PFINVL[
17:43:23 USER	   3600000.   
		!How many password failures before logging
17:43:23 USER	*PFLOGC[
17:43:23 USER	   2.   
		!How many failures before all attempts fail
17:43:23 USER	*PFAILC[
17:43:23 USER	   3.   
		!How many failures before user is kicked off
17:43:23 USER	*PFLGOC[
17:43:23 USER	   5.   
		!Standard disk quota
17:43:23 USER	*STNDMX[
17:43:23 USER	   500.   
		!Standard subdirectory quota
17:43:23 USER	*STNDSD[
17:43:23 USER	   0.   
		!Default maximum packet size
17:43:23 USER	*MAXPKT[
17:43:23 USER	   576.   *^[^[8R
17:43:23 USER	   
		!Standard file retention count
17:43:23 USER	*STNDBS[
17:43:23 USER	   1   
		!Standard directory protection
17:43:23 USER	*STNDDP[
17:43:23 USER	   777700   
		!Standard file protection
17:43:23 USER	*STNDFP[
17:43:23 USER	   777700   *^Z
17:43:23 USER	
17:43:23 MONTR	 $ $@SAVE
17:43:25 MONTR	 MONITR.EXE.2 Saved
17:43:25 MONTR	 $
17:43:25 MONTR	Killed by OPERATOR, Detached
17:43:25 MONTR	Killed Job 17, User MRC, TTY22, at 5-Mar-2006 17:43:25
17:43:25 MONTR	 Used 0:12:30 in 0:12:43
   