
			 5-Mar-2006 17:30:05

BATCON Version	6(10114)			GLXLIB Version	6(1534)

	    Job MONSYM Req #4 for MRC in Stream 0

	OUTPUT:	 Nolog				TIME-LIMIT: 0:05:00
	UNIQUE:	 Yes				BATCH-LOG:  Append
	RESTART: No				ASSISTANCE: Yes
	ACCOUNT:                                SEQUENCE:   3968

	Input from => PANDA:<MONITOR-SOURCES>MONSYM.CTL
	Output to  => PANDA:<MONITOR-SOURCES>MONSYM.LOG



17:30:05 MONTR	 Lingling, Pandamonium Reigns!, PANDA TOPS-20 Monitor 7.1(21733)-4
17:30:05 MONTR	 Job 17 on TTY22 5-Mar-2006 17:30:05
17:30:05 MONTR	  Last interactive login 5-Mar-2006 17:18:20
17:30:05 MONTR	  Last non-interactive login 5-Mar-2006 17:24:11
17:30:05 MONTR	 $
17:30:05 MONTR	[Connected to PANDA:<MONITOR-SOURCES>]
17:30:05 MONTR	@COMPILE /COMPILE MACSYM.MAC
17:30:06 USER	MACRO:	MACSYM
17:30:06 USER	
17:30:06 USER	EXIT
17:30:06 MONTR	 $@COMPILE /COMPILE REL1.MAC+MACSYM.MAC MACREL.REL
17:30:06 USER	MACRO:	MACREL
17:30:07 USER	
17:30:07 USER	EXIT
17:30:07 MONTR	 $@COMPILE /COMPILE SITE.MAC+REL1.MAC+MONSYM.MAC
17:30:08 USER	MACRO:	MONSYM
17:30:13 USER	
17:30:13 USER	EXIT
17:30:13 MONTR	 $@COMPILE /COMPILE /NOBIN SITE.MAC+MONSYM.MAC
17:30:13 USER	MACRO:	MONSYM
17:30:18 USER	
17:30:18 USER	EXIT
17:30:18 MONTR	 $@EXECUTE /COMPILE SITE.MAC+ERBLD.MAC+REL1.MAC+MONSYM.MAC ERBLD.REL
17:30:19 USER	MACRO:	MONSYM
17:30:28 USER	LINK:	Loading
17:30:28 USER	[LNKXCT	MONSYM execution]
17:30:28 MONTR	 $@DELETE ERBLD.REL
17:30:28 MONTR	 ERBLD.REL.1 [OK]
17:30:28 MONTR	 $@COMPILE /COMPILE ACTSYM.MAC
17:30:28 USER	MACRO:	ACTSYM
17:30:28 USER	[Assembling ACTSYM-20]
17:30:29 USER	
17:30:29 USER	EXIT
17:30:29 MONTR	 $
17:30:29 MONTR	Killed by OPERATOR, Detached
17:30:29 MONTR	Killed Job 17, User MRC, TTY22, at 5-Mar-2006 17:30:29
17:30:29 MONTR	 Used 0:00:23 in 0:00:23
