
			 6-Sep-85 09:24:30

BATCON Version	5(6075)			GLXLIB Version	5(1256)

	    Job REV Req #137 for DMCDANIEL in Stream 1

	OUTPUT:	 Nolog				TIME-LIMIT: 1:00:00
	UNIQUE:	 Yes				BATCH-LOG:  Supersede
	RESTART: Yes				ASSISTANCE: Yes
	ACCOUNT: 341                            SEQUENCE:   2428

	Input from => REL61:<TOOLS.REV>REV.CTL.1
	Output to  => REL61:<TOOLS.REV>REV.LOG



09:24:31 MONTR	 RONCO - The heat is ON, soon shipping 6.1, TOPS-20 Monitor 6.1(7027)
09:24:31 MONTR	 Job 115 on TTY241 6-Sep-85 09:24:31
09:24:34 MONTR	 End of BATCH.CMD.50
09:24:35 MONTR	 $
09:24:35 MONTR	[REL61 Mounted]
09:24:35 MONTR	
09:24:35 MONTR	[CONNECTED TO REL61:<TOOLS.REV>]
		!
		! NAME: REV.CTL
		! DATE: 23-APR-84
		!
		!
		!THIS CONTROL FILE IS PROVIDED FOR INFORMATION PURPOSES ONLY.  THE
		!PURPOSE OF THE FILE IS TO DOCUMENT THE PROCEDURES USED TO BUILD
		!THE DISTRIBUTED SOFTWARE.  IT IS UNLIKELY THAT THIS CONTROL FILE
		!WILL BE ABLE TO BE SUBMITTED WITHOUT MODIFICATION ON CONSUMER
		!SYSTEMS.  PARTICULAR ATTENTION SHOULD BE GIVEN TO ERSATZ DEVICES
		!AND STRUCTURE NAMES, PPN'S, AND OTHER SUCH PARAMETERS.  SUBMIT
		!TIMES MAY VARY DEPENDING ON SYSTEM CONFIGURATION AND LOAD.  THE
		!AVAILABILITY OF SUFFICIENT DISK SPACE AND CORE IS MANDATORY.
		!
		! 
		! FUNCTION:	THIS CONTROL FILE BUILDS REV FROM ITS
		!		BASIC SOURCES.  THE FILE CREATED IS REV.EXE
		!
		! SUBMIT WITH THE SWITCH "/TAG:CREF" TO OBTAIN
		!   A .CRF LISTING OF THE SOURCE FILE
		!
		!
		!
09:24:35 MONTR	@DEF FOO: NUL:
09:24:36 MONTR	 $
09:24:36 BATCH	@GOTO A
09:24:36 BLABL	A::
09:24:36 MONTR	@TAKE BATCH.CMD
09:24:36 MONTR	
09:24:36 MONTR	?File not found - "BATCH.CMD"
09:24:36 MONTR	 $
		!
		@INFORMATION LOGICAL-NAMES ALL
		!
		!
		! TAKE A CHECKSUMMED DIRECTORY OF ALL THE INPUT FILES
		!
		@VDIRECT SYS:MACRO.EXE,SYS:CREF.EXE,SYS:LINK.EXE,REV.MAC,
		@CHECKSUM SEQ
		@
		@VDIRECT SYS:MONSYM.UNV,SYS:MACSYM.UNV,SYS:MACREL.REL,
		@CHECKSUM SEQ
		@
		@
		@GET SYS:MACRO
		@INFORMATION VERSION
		@GET SYS:LINK
		@INFORMATION VERSION
		@GET SYS:CREF
		@INFORMATION VERSION
		!
		@COMPILE /COMPILE/CREF REV.MAC
		!
		@R CREF
		*FOO:REV.LST=REV.CRF
		!
		@LOAD REV
		!
		@SAVE REV
		@INFORMATION VERSION
		!
		@DIRECT REV.EXE,
		@CHECKSUM SEQ
		@
		!
		@DELETE REV.REL
		!
		![END REV.CTL]

		BTNECF End of Control File while searching for %ERR

09:24:36 MONTR	
09:24:37 MONTR	Killed by OPERATOR, TTY 233
09:24:37 MONTR	Killed Job 115, User DMCDANIEL, Account 341, TTY 241,
09:24:37 MONTR	  at  6-Sep-85 09:24:37,  Used 0:00:03 in 0:00:06
