
14:37:50 BAJOB	BATCON version 103(2207) running ALGOL sequence 5804 in stream 1
14:37:50 BAFIL	Input from DSKB:ALGOL.CTL[10,510]
14:37:50 BAFIL	Output to  DSKB:ALGOL.LOG[10,510]
14:37:50 BASUM	Job parameters
		Time:02:00:00   Unique:YES   Restart:NO   Output:LOG

14:37:50 MONTR	
14:37:50 MONTR	.LOGIN 10/510 /DEFER/SPOOL:ALL/TIME:7200/NAME:"DPM"
14:37:51 USER	JOB 14 6.03 Tops-10 KS10 System TTY47
14:37:51 USER	[LGNNOC No operator coverage.]
14:37:54 USER	[LGNJSP Other jobs same PPN:7]
14:37:54 USER	1437	17-May-78	Wed
14:37:54 USER	
14:37:54 USER		<<< Welcome to Tops-10 KS10 Timesharing >>>
14:37:54 USER	
14:37:54 USER	11 MAY	I'd like to take the system stand-alone over noon time for the
14:37:54 USER		next several days to chase problems. If this is inconvenient
14:37:54 USER		at all for any of you load test users, please speak
14:37:54 USER		up and we'll work out some other schedule. Thanks.
14:37:54 USER								Doug
14:37:56 MONTR	
14:37:56 MONTR	.
		;CONTROL FILE TO BUILD ALGOL VERSION 10A(145)
		;
		;SUBMIT WITH COMMAND	.Q I:=ALGOL/TIME:5000/PAGE:10000/OUTPUT:0
		;
		;REQUIRED FILES (LATEST RELEASED VERSIONS):
		;
		;DEC:	COMPIL.EXE
		;	PIP.EXE
		;	CREF.EXE
		;	DIRECT.EXE
		;	MAKLIB.EXE
		;	HELPER.REL
		;	JOBDAT.REL
		;	LINK.EXE
		;	LNK???.EXE
		;	MACRO.EXE
		;
		;[SELF]	ALGPRM.MAC
		;	ALGSYS.MAC
		;	ALGOTS.MAC
		;	ALGDDT.MAC
		;	ALGLIB.MAC
		;	ALGCON.MAC
		;	ALGSTB.MAC
		;	ALGMAC.MAC
		;	ALGDEC.MAC
		;	ALGSTM.MAC
		;	ALGEXP.MAC
		;	ALGFOR.MAC
		;	ALGUTL.MAC
		;	ALGSER.MAC
		;	ALGCOD.MAC
		;	ALGFUN.MAC
		;
		;OUTPUT FILES:	ALGOL.EXE,ALG145.EXE,ALGLIB.REL
		;
		;OUTPUT LISTINGS:	ALGPRM.LST,ALGSYS.LST,ALGOTS.LST,ALGDDT.LST
		;			ALGLKA.LST,ALGLKI.LST,ALGCON.LST,ALGSTB.LST
		;			ALGMAC.LST,ALGDEC.LST,ALGSTM.LST,ALGEXP.LST,ALGFOR.LST
		;			ALGUTL.LST,ALGSER.LST,ALGCOD.LST,ALGFUN.LST,ALGOL.MAP
14:37:56 MONTR	.SET WATCH VERSION
14:37:57 MONTR	
14:37:57 MONTR	.
		;
		;
14:37:57 MONTR	.RUN DEC:DIRECT
14:37:57 USER	
14:37:58 USER	[DIRECT 5(336) +  Not sharable  from DSKB0:DIRECT.EXE[10,7]]
14:37:58 USER	**TTY:/CHECKSUM=ALG???.MAC
14:38:04 USER	
14:38:04 USER	ALGCOD	MAC    75  <057>   034000  19-Jan-78	DSKB:	[10,510]
14:38:23 USER	ALGCON	MAC   361  <057>   333372   4-May-78
14:38:41 USER	ALGDDT	MAC   311  <057>   614362   4-May-78
14:38:46 USER	ALGDEC	MAC    54  <057>   414676  19-Jan-78
14:38:49 USER	ALGEXP	MAC    46  <057>   462757  19-Jan-78
14:38:52 USER	ALGFOR	MAC    42  <057>   730673  19-Jan-78
14:38:58 USER	ALGFUN	MAC    90  <057>   167273  19-Jan-78
14:39:13 USER	ALGLIB	MAC   217  <057>   223055  19-Jan-78
14:39:19 USER	ALGMAC	MAC    84  <057>   545466   9-May-78
14:39:39 USER	ALGOTS	MAC   280  <057>   441153  19-Jan-78
14:39:41 USER	ALGPRM	MAC    21  <057>   724467  19-Jan-78
14:39:46 USER	ALGSER	MAC    90  <057>   704156  19-Jan-78
14:39:47 USER	ALGSTB	MAC    16  <057>   744374  19-Jan-78
14:39:49 USER	ALGSTM	MAC    25  <057>   500724  19-Jan-78
14:39:50 USER	ALGSYS	MAC    12  <057>   562755  19-Jan-78
14:39:52 USER	ALGUTL	MAC    46  <057>   243164  19-Jan-78
14:39:52 USER	  Total of 1770 blocks in 16 files Checksum = 121230 on DSKB: [10,510]
14:39:52 USER	
14:39:52 USER	
14:39:52 USER	
14:39:52 USER	*
		;
		;ASSEMBLE AND CREF OBJECT TIME SYSTEM AND LIBRARY.
		;NOTE THAT ALGPRM AND ALGSYS ARE UNIVERSAL FILES, AND MUST ALWAYS
		;BE ASSEMBLED IN THIS ORDER BEFORE ALGOTS,ALGDDT AND ALGLIB.
		;
14:39:52 MONTR	
14:39:52 MONTR	..RUN DEC:MACRO
14:39:52 USER	
14:39:52 USER	[MACRO 53(1020) +  from DEC:MACRO.EXE[10,7]]
14:39:53 USER	
14:39:53 USER	**ALGPRM,ALGPRM/C=TTY:,DSK:ALGPRM
14:39:53 USER	*PROC=KA10
14:39:54 USER	*^Z
14:40:01 USER	
14:40:01 USER	[MCREP1 END OF PASS 1] 
14:40:01 USER	*PROC=KA10
14:40:01 USER	*^Z
14:40:13 USER	
14:40:13 USER	NO ERRORS DETECTED
14:40:13 USER	
14:40:13 USER	PROGRAM BREAK IS 000000
14:40:13 USER	CPU TIME USED 00:07.045
14:40:13 USER	
14:40:13 USER	10P CORE USED
14:40:15 USER	
14:40:15 USER	*
14:40:15 USER	**ALGSYS,ALGSYS/C=ALGSYS
14:40:31 USER	
14:40:31 USER	NO ERRORS DETECTED
14:40:31 USER	
14:40:31 USER	PROGRAM BREAK IS 000000
14:40:31 USER	CPU TIME USED 00:06.028
14:40:31 USER	
14:40:31 USER	14P CORE USED
14:40:33 USER	
14:40:33 USER	**ALGLKA,ALGLKA/C=ALGLIB
14:43:38 USER	KA10 VERSION
14:45:28 USER	
14:45:28 USER	NO ERRORS DETECTED
14:45:28 USER	
14:45:28 USER	PROGRAM BREAK IS 000014
14:45:28 USER	CPU TIME USED 00:00.297
14:45:28 USER	
14:45:28 USER	40P CORE USED
14:45:29 USER	
14:45:29 USER	*
14:45:29 MONTR	..RUN DEC:MACRO
14:45:29 USER	
14:45:29 USER	[MACRO 53(1020) +  from DEC:MACRO.EXE[10,7]]
14:45:29 USER	
14:45:29 USER	**ALGPRM,ALGPRM/C=ALGPRM
14:45:38 USER	
14:45:38 USER	NO ERRORS DETECTED
14:45:38 USER	
14:45:38 USER	PROGRAM BREAK IS 000000
14:45:39 USER	CPU TIME USED 00:06.882
14:45:39 USER	
14:45:39 USER	10P CORE USED
14:45:40 USER	
14:45:40 USER	**ALGSYS,ALGSYS/C=ALGSYS
14:45:48 USER	
14:45:48 USER	NO ERRORS DETECTED
14:45:48 USER	
14:45:48 USER	PROGRAM BREAK IS 000000
14:45:48 USER	CPU TIME USED 00:05.978
14:45:48 USER	
14:45:48 USER	14P CORE USED
14:45:50 USER	
14:45:50 USER	**ALGLKI,ALGLKI/C=ALGLIB
14:46:52 USER	KI10 VERSION
14:48:31 USER	
14:48:31 USER	NO ERRORS DETECTED
14:48:31 USER	
14:48:31 USER	PROGRAM BREAK IS 000014
14:48:31 USER	CPU TIME USED 00:00.317
14:48:31 USER	
14:48:31 USER	40P CORE USED
14:48:32 USER	
14:48:32 USER	*
		;
		;	NOW PIP THE KA10 AND KI10 LIBRARIES TOGETHER, AND MAKLIB AN INDEX
		;
14:48:32 MONTR	
14:48:32 MONTR	..RUN DEC:PIP
14:48:32 USER	
14:48:32 USER	[PIP 33B(260) +  from DEC:PIP.EXE[10,7]]
14:48:32 USER	**ALGLIB.REL=ALGLKA.REL,ALGLKI.REL
14:48:41 USER	*
14:48:41 MONTR	..RUN DEC:MAKLIB
14:48:41 USER	
14:48:42 USER	[MAKLIB 2(61) +  Not sharable  from DSKB0:MAKLIB.EXE[10,7]]
14:48:42 USER	**ALGLIB=ALGLIB/INDEX
14:48:56 USER	
14:48:56 USER	*
14:48:56 MONTR	..RUN DEC:PIP
14:48:56 USER	
14:48:56 USER	[PIP 33B(260) +  from DEC:PIP.EXE[10,7]]
14:48:56 USER	**DSK:/D=ALGLKA.REL,ALGLKI.REL
14:48:57 USER	Files deleted:
14:48:57 USER	ALGLKA.REL 
14:48:58 USER	ALGLKI.REL 
14:48:58 USER	199 Blocks freed
14:48:58 USER	*
		;
14:48:59 MONTR	
14:48:59 MONTR	..RUN DEC:MACRO
14:48:59 USER	
14:48:59 USER	[MACRO 53(1020) +  from DEC:MACRO.EXE[10,7]]
14:48:59 USER	
14:48:59 USER	**ALGOTS,ALGOTS/C=ALGOTS
14:54:32 USER	
14:54:32 USER	NO ERRORS DETECTED
14:54:32 USER	
14:54:32 USER	PROGRAM BREAK IS 012126
14:54:32 USER	CPU TIME USED 02:32.501
14:54:32 USER	
14:54:32 USER	20P CORE USED
14:54:36 USER	
14:54:36 USER	**ALGDDT,ALGDDT/C=ALGDDT
14:55:50 USER	Debugging system loaded.
14:57:52 USER	
14:57:52 USER	NO ERRORS DETECTED
14:57:52 USER	
14:57:52 USER	PROGRAM BREAK IS 014524
14:57:52 USER	CPU TIME USED 02:07.646
14:57:52 USER	
14:57:52 USER	32P CORE USED
14:57:55 USER	
14:57:55 USER	*
14:57:55 MONTR	..RUN DEC:LINK
14:57:55 USER	
14:57:57 USER	[LINK 4(765) +  from DSKB0:LINK.EXE[10,7]]
14:57:57 USER	[]
14:57:57 USER	[ + LNKSCN 4(765) from DSKB0:LNKSCN.EXE[10,7]]
14:57:57 USER	**/VERSION:10A(145)
14:57:58 USER	[]
14:57:58 USER	[ + LNKLOD 4(765) from DSKB0:LNKLOD.EXE[10,7]]
14:57:58 USER	[]
14:57:58 USER	[ + LNKSCN 4(765)]
14:57:58 USER	**ALGOTS/SEGMENT:HIGH
14:58:01 USER	[]
14:58:01 USER	[ + LNKLOD 4(765)]
14:58:01 USER	[]
14:58:01 USER	[ + LNKSCN 4(765)]
14:58:01 USER	**ALGDDT/SEGMENT:HIGH
14:58:01 USER	[]
14:58:01 USER	[ + LNKLOD 4(765)]
14:58:03 USER	[]
14:58:03 USER	[ + LNKSCN 4(765)]
14:58:03 USER	**/GO
14:58:05 USER	[]
14:58:05 USER	[ + LNKLOD 4(765)]
14:58:05 USER	[]
14:58:05 USER	[ + LNKXIT 4(765) from DSKB0:LNKXIT.EXE[10,7]]
14:58:05 USER	[LNKNSA No start address]
14:58:05 USER	[]
14:58:05 MONTR	
14:58:05 MONTR	EXIT
14:58:05 MONTR	
14:58:05 MONTR	..SSAVE ALG145
14:58:06 MONTR	ALG145 saved
14:58:06 MONTR	
14:58:06 MONTR	.
14:58:06 FALSE	.IF (ERROR) .E 137
		;
		;IF IT IS REQUIRED TO USE ALGOTS IN NON-SHARED MODE (VIA THE /OTS:LOW
		;SWITCH IN LINK), THE FOLLOWING OPERATION SHOULD BE PERFORMED:
		;.RUN DEC:PIP
		;*ALGLIB.REL=ALGLIB.REL,ALGOTS.REL,ALGDDT.REL
		;
14:58:06 MONTR	.RUN DEC:DIRECT
14:58:06 USER	
14:58:07 USER	[DIRECT 5(336) +  Not sharable  from DSKB0:DIRECT.EXE[10,7]]
14:58:07 USER	**TTY:/CHECKSUM=ALG145.*,ALGLIB.REL
14:58:11 USER	
14:58:11 USER	ALG145	SHR    92  <057>   774264  10-May-78	10A(145)	DSKB:	[10,510]
14:58:14 USER	ALG145	EXE   100  <055>   030274  17-May-78
14:58:14 USER	  Total of 192 blocks in 2 files Checksum = 333012 on DSKB: [10,510]
14:58:14 USER	
14:58:21 USER	ALGLIB	REL   209  <055>   166621  17-May-78	[10,510]
14:58:21 USER	
14:58:21 USER	  Grand total of 401 blocks in 3 files Checksum = 625213
14:58:21 USER	
14:58:21 USER	*
		;
		;ASSEMBLE AND CREF COMPILER.
		;
14:58:21 MONTR	
14:58:21 MONTR	..RUN DEC:MACRO
14:58:21 USER	
14:58:21 USER	[MACRO 53(1020) +  from DEC:MACRO.EXE[10,7]]
14:58:21 USER	
14:58:21 USER	**ALGCON,ALGCON/C/P=ALGCON
15:01:14 USER	
15:01:14 USER	NO ERRORS DETECTED
15:01:14 USER	
15:01:14 USER	HI-SEG. BREAK IS 412533
15:01:14 USER	PROGRAM BREAK IS 001252
15:01:15 USER	CPU TIME USED 02:13.979
15:01:15 USER	
15:01:15 USER	28P CORE USED
15:01:19 USER	
15:01:19 USER	**ALGSTB,ALGSTB/C/P=ALGSTB
15:04:48 USER	
15:04:48 USER	NO ERRORS DETECTED
15:04:48 USER	
15:04:48 USER	HI-SEG. BREAK IS 401366
15:04:48 USER	PROGRAM BREAK IS 001136
15:04:48 USER	CPU TIME USED 02:23.486
15:04:48 USER	
15:04:48 USER	20P CORE USED
15:04:50 USER	
15:04:50 USER	**ALGMAC,ALGMAC/C/P=ALGMAC
15:05:49 USER	
15:05:49 USER	NO ERRORS DETECTED
15:05:49 USER	
15:05:49 USER	PROGRAM BREAK IS 000000
15:05:49 USER	CPU TIME USED 00:36.380
15:05:49 USER	
15:05:49 USER	26P CORE USED
15:05:52 USER	
15:05:52 USER	**ALGDEC,ALGDEC/C/P=ALGDEC
15:09:26 USER	
15:09:26 USER	NO ERRORS DETECTED
15:09:26 USER	
15:09:26 USER	PROGRAM BREAK IS 001751
15:09:26 USER	CPU TIME USED 02:44.860
15:09:26 USER	
15:09:26 USER	35P CORE USED
15:09:28 USER	
15:09:28 USER	**ALGSTM,ALGSTM/C/P=ALGSTM
15:11:10 USER	
15:11:10 USER	NO ERRORS DETECTED
15:11:10 USER	
15:11:10 USER	PROGRAM BREAK IS 000726
15:11:10 USER	CPU TIME USED 01:13.232
15:11:10 USER	
15:11:10 USER	31P CORE USED
15:11:12 USER	
15:11:12 USER	**ALGEXP,ALGEXP/C/P=ALGEXP
15:14:54 USER	
15:14:54 USER	NO ERRORS DETECTED
15:14:54 USER	
15:14:54 USER	PROGRAM BREAK IS 002154
15:14:54 USER	CPU TIME USED 02:39.088
15:14:54 USER	
15:14:54 USER	35P CORE USED
15:14:56 USER	
15:14:56 USER	**ALGFOR,ALGFOR/C/P=ALGFOR
15:16:36 USER	
15:16:36 USER	NO ERRORS DETECTED
15:16:36 USER	
15:16:36 USER	PROGRAM BREAK IS 001074
15:16:36 USER	CPU TIME USED 01:12.635
15:16:36 USER	
15:16:36 USER	31P CORE USED
15:16:38 USER	
15:16:38 USER	**ALGUTL,ALGUTL/C/P=ALGUTL
15:21:00 USER	
15:21:00 USER	NO ERRORS DETECTED
15:21:00 USER	
15:21:00 USER	PROGRAM BREAK IS 001423
15:21:00 USER	CPU TIME USED 02:17.405
15:21:00 USER	
15:21:00 USER	33P CORE USED
15:21:02 USER	
15:21:02 USER	**ALGSER,ALGSER/C/P=ALGSER
15:26:14 USER	
15:26:14 USER	NO ERRORS DETECTED
15:26:14 USER	
15:26:14 USER	PROGRAM BREAK IS 002664
15:26:14 USER	CPU TIME USED 03:49.223
15:26:14 USER	
15:26:14 USER	37P CORE USED
15:26:16 USER	
15:26:16 USER	**ALGCOD,ALGCOD/C/P=ALGCOD
15:30:06 USER	
15:30:06 USER	NO ERRORS DETECTED
15:30:06 USER	
15:30:06 USER	PROGRAM BREAK IS 002211
15:30:06 USER	CPU TIME USED 02:52.196
15:30:06 USER	
15:30:06 USER	35P CORE USED
15:30:08 USER	
15:30:08 USER	**ALGFUN,ALGFUN/C/P=ALGFUN
15:33:21 USER	
15:33:21 USER	NO ERRORS DETECTED
15:33:21 USER	
15:33:21 USER	PROGRAM BREAK IS 002541
15:33:21 USER	CPU TIME USED 02:38.012
15:33:22 USER	
15:33:22 USER	35P CORE USED
15:33:23 USER	
15:33:23 USER	*
		;
15:33:23 MONTR	
15:33:23 MONTR	..RUN DEC:LINK
15:33:23 USER	
15:33:24 USER	[LINK 4(765) +  from DEC:LINK.EXE[10,7]]
15:33:24 USER	[]
15:33:24 USER	[ + LNKSCN 4(765)]
15:33:24 USER	**/VERSION:10A(145)
15:33:24 USER	[]
15:33:24 USER	[ + LNKLOD 4(765)]
15:33:24 USER	[]
15:33:24 USER	[ + LNKSCN 4(765)]
15:33:24 USER	**ALGOL.MAP/MAP:END
15:33:24 USER	[]
15:33:24 USER	[ + LNKLOD 4(765)]
15:33:24 USER	[]
15:33:24 USER	[ + LNKSCN 4(765)]
15:33:24 USER	**ALGCON,ALGSTB
15:33:28 USER	[]
15:33:28 USER	[ + LNKLOD 4(765)]
15:33:28 USER	[]
15:33:28 USER	[ + LNKSCN 4(765)]
15:33:28 USER	**HELPER
15:33:28 USER	[]
15:33:28 USER	[ + LNKLOD 4(765)]
15:33:28 USER	[]
15:33:28 USER	[ + LNKSCN 4(765)]
15:33:28 USER	**ALGMAC,ALGDEC,ALGSTM,ALGEXP,ALGFOR,ALGUTL,ALGSER,ALGCOD,ALGFUN/GO
15:33:39 USER	[]
15:33:39 USER	[ + LNKLOD 4(765)]
15:33:39 USER	[]
15:33:39 USER	[ + LNKMAP 4(765) from DSKB0:LNKMAP.EXE[10,7]]
15:33:39 USER	[]
15:33:39 USER	[ + LNKXIT 4(765)]
15:33:39 USER	[]
15:33:39 USER	[:MUTL  +  Not sharable ]
15:33:39 MONTR	
15:33:39 MONTR	EXIT
15:33:39 MONTR	
15:33:39 MONTR	..SSAVE ALGOL
15:33:41 MONTR	ALGOL saved
15:33:41 MONTR	
15:33:41 MONTR	.
15:33:41 FALSE	.IF (ERROR) .E 137
15:33:41 MONTR	.RUN DEC:DIRECT
15:33:41 USER	
15:33:41 USER	[DIRECT 5(336) +  Not sharable  from DSKB0:DIRECT.EXE[10,7]]
15:33:41 USER	**TTY:/CHECKSUM=ALGOL.SHR
15:33:45 USER	
15:33:45 USER	ALGOL	SHR   112  <057>   217627  10-May-78	10A(145)	DSKB:	[10,510]
15:33:45 USER	
15:33:45 USER	*
		;
		;PRODUCE LISTINGS:
		;
15:33:46 MONTR	
15:33:46 MONTR	..RUN DEC: CREF
15:33:46 USER	
15:33:46 USER	[CREF 53(53) +  from DSKB0:CREF.EXE[10,7]]
15:33:46 USER	
15:33:46 USER	**ALGPRM=ALGPRM
15:33:51 USER	[CRFXKC 4K core]
15:33:51 USER	**ALGSYS=ALGSYS
15:33:54 USER	[CRFXKC 3K core]
15:33:54 USER	**ALGOTS=ALGOTS
15:35:01 USER	[CRFXKC 13K core]
15:35:02 USER	**ALGDDT=ALGDDT
15:36:21 USER	[CRFXKC 11K core]
15:36:22 USER	**ALGLKA=ALGLKA
15:37:34 USER	[CRFXKC 12K core]
15:37:34 USER	**ALGLKI=ALGLKI
15:38:36 USER	[CRFXKC 11K core]
15:38:37 USER	**ALGCON=ALGCON
15:40:00 USER	[CRFXKC 14K core]
15:40:00 USER	**ALGSTB=ALGSTB
15:40:34 USER	[CRFXKC 6K core]
15:40:35 USER	**ALGMAC=ALGMAC
15:40:55 USER	[CRFXKC 7K core]
15:40:55 USER	**ALGDEC=ALGDEC
15:41:35 USER	[CRFXKC 11K core]
15:41:35 USER	**ALGSTM=ALGSTM
15:41:59 USER	[CRFXKC 7K core]
15:41:59 USER	**ALGEXP=ALGEXP
15:43:02 USER	[CRFXKC 11K core]
15:43:03 USER	**ALGFOR=ALGFOR
15:43:23 USER	[CRFXKC 7K core]
15:43:23 USER	**ALGUTL=ALGUTL
15:44:05 USER	[CRFXKC 10K core]
15:44:06 USER	**ALGSER=ALGSER
15:45:14 USER	[CRFXKC 13K core]
15:45:14 USER	**ALGCOD=ALGCOD
15:46:07 USER	[CRFXKC 11K core]
15:46:07 USER	**ALGFUN=ALGFUN
15:47:00 USER	[CRFXKC 11K core]
15:47:00 USER	*
		;
		;
15:47:00 BATCH	.PLEASE ALGOL SUCCESSFUL^[
		;
		%ERR:: .PLEASE ALGOL FAILED !!^[
		%CERR:: .PLEASE ALGOL FAILED !!^[

		BTNECF End of the Control File while searching for %FIN

15:47:01 MONTR	
15:47:01 MONTR	.KJOB/BATCH
15:47:02 USER	[S:LOGOUT 102(2027) +  from DSKB0:LOGOUT.EXE[1,4]]
15:47:02 USER	Job 14  User DPM  [10,510]
15:47:03 USER	Logged-off TTY47  at 15:47:03  on 17-May-78
15:47:03 USER	Runtime: 0:44:37, KCS:62327, Connect time: 1:09:11
15:47:03 USER	Disk Reads:16020, Writes:16367, Blocks saved:10430

15:47:06 LPDAT	LPTSPL version 103(2421)	6.03 Tops-10 KS10 System
15:47:06 LPDAT	Job ALGOL sequence #5804 on LPT000 at 17-May-78 15:47:06
    