
   APS:<TEX.PUB.MAKE>
		  Write              

 00README..2      24-Mar-87 15:30:47 
 00REVHST.TXT.45  20-Apr-87 11:56:21 
 00TDIR.CMD.1     20-Apr-87 15:57:59 
 00TDIR.LST.1     20-Apr-87 15:57:57 
 CHECK.C.8        28-Mar-87 16:34:55 
 H.H.46           18-Apr-87 16:09:23 
 INPUT.C.38       18-Apr-87 16:09:41 
 MACRO.C.24       20-Apr-87 11:59:30 
 MAIN.C.58        20-Apr-87 11:28:06 
 MAKE.C.89        20-Apr-87 11:56:00 
 MAKE.HLP.24      20-Apr-87 15:49:19 
 MAKEFILE..10      4-Apr-87 14:13:11 
 MAKEFILE.FOO.2    4-Apr-87 15:27:40 
 MAKEFILE.KCC.6    4-Apr-87 14:13:11 
 MAKEFILE.MSC.4   28-Mar-87 11:35:27 
 MAKEFILE.UNIX.4  14-Mar-87 12:42:09 
 MAKEFILE.VMS.4   18-Apr-87 17:10:54 
 READER.C.16       4-Apr-87 15:42:20 
 RULES.C.51       17-Apr-87 18:03:20 
 SYSTEM.C.28      15-Apr-87 14:33:52 
 VAXVMS.C.3       14-Mar-87 12:16:54 

 Total of 21 files
