
			12-Jun-96 13:48:36

BATCON Version	6(10057)			GLXLIB Version	6(1522)

	    Job LIBC Req #14 for HELLIWELL in Stream 0

	OUTPUT:	 Nolog				TIME-LIMIT: 1:00:00
	UNIQUE:	 Yes				BATCH-LOG:  Supersede
	RESTART: No				ASSISTANCE: No
	ACCOUNT:                                SEQUENCE:   2120

	Input from => DXX:<KCCDIST.KCC-6.BUILD>LIBC.CTL
	Output to  => DXX:<KCCDIST.KCC-6.T20>LIBC.LOG



13:48:37 MONTR	 XKL Systems Toed, TOPS-20 Monitor 7(102243)-1
13:48:37 MONTR	 Job 13 on TTY7 12-Jun-96  1:48PM, Last Login Wed 12-Jun-96 11:52AM
13:48:40 MONTR	toed@ 
13:48:40 MONTR	[Connected to DXX:<KCCDIST.KCC-6.T20>]
13:48:40 MONTR	@TAKE CBLD:DEFBLD
13:48:41 MONTR	toed@ 
13:48:41 BATCH	@NOERROR
13:48:41 MONTR	@!	Compile network routines
13:48:41 MONTR	toed@ @KCC: -c -q -x=macro -Hc: -Hcinc: -hcsys: -hcincs: @cinet:inet.ccl
13:48:43 MONTR	
13:48:43 MONTR	toed@ @!	Compile general utility routines
13:48:43 MONTR	toed@ @KCC: -c -q -x=macro -Hc: -Hcinc: -hcsys: -hcincs: @cgen:gen.ccl
13:48:48 MONTR	
13:48:48 MONTR	toed@ @!	Compile stdio routines
13:48:48 MONTR	toed@ @KCC: -c -q -x=macro -Hc: -Hcinc: -hcsys: -hcincs: @cstdio:stdio.ccl
13:48:51 USER	KCC:	FSEEK
13:49:00 USER	MACRO:	FSEEK
13:49:01 USER	
13:49:01 USER	EXIT
13:49:03 MONTR	toed@ @!	Compile math routines
13:49:03 MONTR	toed@ @KCC: -c -q -x=macro -Hc: -Hcinc: -hcsys: -hcincs: @cmath:math.ccl
13:49:07 MONTR	
13:49:07 MONTR	toed@ @!	Compile un*x syscalls (1st half)
13:49:07 MONTR	toed@ @KCC: -c -q -x=macro -Hc: -Hcinc: -hcsys: -hcincs: @cusys:usys1.ccl
13:49:11 MONTR	
13:49:11 MONTR	toed@ @!	Compile un*x syscalls (2nd half)
13:49:11 MONTR	toed@ @KCC: -c -q -x=macro -Hc: -Hcinc: -hcsys: -hcincs: @cusys:usys2.ccl
13:49:15 MONTR	
13:49:15 MONTR	toed@ @!	Now build libraries.
13:49:15 MONTR	toed@ @maklib
13:49:16 USER	**libckx.lib=libckx.rel/index
13:49:16 USER	
13:49:16 USER	**libc.lib=@clib:libc.ccl
13:49:40 USER	**libc.lib=libc.lib/index
13:49:47 USER	
13:49:47 USER	**libc.poi=libc.lib/points
13:49:48 USER	**^Z
13:49:48 MONTR	
13:49:48 MONTR	toed@ toed@ 
13:49:50 MONTR	Killed Job 13, User HELLIWELL, TTY7, at 12-Jun-96 13:49:50
13:49:50 MONTR	 Used 0:00:42 in 0:01:13
