
			14-Jun-96 08:31:45

BATCON Version	6(10057)			GLXLIB Version	6(1522)

	    Job NCC Req #45 for HELLIWELL in Stream 0

	OUTPUT:	 Nolog				TIME-LIMIT: 1:00:00
	UNIQUE:	 Yes				BATCH-LOG:  Supersede
	RESTART: No				ASSISTANCE: No
	ACCOUNT:                                SEQUENCE:   2150

	Input from => DXX:<KCCDIST.KCC-6.BUILD>NCC.CTL
	Output to  => DXX:<KCCDIST.KCC-6.T20>NCC.LOG



08:31:45 MONTR	 XKL Systems Toed, TOPS-20 Monitor 7(102243)-1
08:31:45 MONTR	 Job 13 on TTY7 14-Jun-96  8:31AM, Last Login Fri 14-Jun-96  8:23AM
08:31:49 MONTR	toed@ 
08:31:49 MONTR	[Connected to DXX:<KCCDIST.KCC-6.T20>]
08:31:49 MONTR	@TAKE CBLD:DEFBLD
08:31:50 MONTR	toed@ @KCC: -i -q -o=NCCX @CKCC:KCC.CCL
08:31:52 USER	KCC:	CCERR
08:32:10 USER	<KCCDIST.KCC-6.T20>CCERR.PRE.1
08:32:10 USER	<KCCDIST.KCC-6.T20>CCERR.FAI.1
08:32:10 USER	FAIL:  CCERR		
08:32:16 USER	LINK:	Loading
08:32:43 MONTR	toed@ @KCC: -i=extend+ronly -q -o=NCC @CKCC:KCC.CCL
08:32:50 USER	LINK:	Loading
08:33:06 MONTR	toed@ @VDIR NCCX.EXE.0,NCC.EXE.0
08:33:06 MONTR	
08:33:06 MONTR	   DXX:<KCCDIST.KCC-6.T20>
08:33:06 MONTR	 NCCX.EXE.12;P775200      236 120832(36) 14-Jun-96 08:32:39 HELLIWELL 
08:33:06 MONTR	 NCC.EXE.8;P775200        237 121344(36) 14-Jun-96 08:33:02 HELLIWELL 
08:33:06 MONTR	
08:33:06 MONTR	 Total of 473 pages in 2 files
08:33:06 MONTR	toed@ 
08:33:08 MONTR	Killed Job 13, User HELLIWELL, TTY7, at 14-Jun-96 08:33:08
08:33:08 MONTR	 Used 0:00:56 in 0:01:22
