
;;; CLC vP.U.V.1(2) compiling CARMEN::SS:<CLISP.UPSALA>ARRAY.CLISP.19

Compiling "CARMEN::SS:<CLISP.UPSALA>ARRAY.CLISP.19".

MAKE-ARRAY compiled.
U-DATA-VEC compiled.
B-DATA-VEC compiled.
COPY-INITIAL-CONTENTS compiled.
COPY-CONTENTS-AUX compiled.
%SP-AREF compiled.
%SP-ASET compiled.
ARRAY-ELEMENT-TYPE compiled.
ARRAY-RANK compiled.
ARRAY-DIMENSION compiled.
ARRAY-DIMENSIONS compiled.
ARRAY-TOTAL-SIZE compiled.
ARRAY-IN-BOUNDS-P compiled.
ARRAY-ROW-MAJOR-INDEX compiled.
ADJUSTABLE-ARRAY-P compiled.
ARRAY-HAS-FILL-POINTER-P compiled.
FILL-POINTER compiled.
%SET-FILL-POINTER compiled.
VECTOR-PUSH compiled.
VECTOR-PUSH-EXTEND compiled.
VECTOR-POP compiled.
SHRINK-VECTOR compiled.
ADJUST-ARRAY compiled.
ZAP-ARRAY-DATA compiled.
BIT-ARRAY-SAME-DIMENSIONS-P compiled.
BIT-BASH compiled.
BIT-ARRAY-BOOLE compiled.
BIT-AND compiled.
BIT-IOR compiled.
BIT-XOR compiled.
BIT-EQV compiled.
BIT-NAND compiled.
BIT-NOR compiled.
BIT-ANDC1 compiled.
BIT-ANDC2 compiled.
BIT-ORC1 compiled.
BIT-ORC2 compiled.
BIT-NOT compiled.

Finished "CARMEN::SS:<CLISP.UPSALA>ARRAY.CLISP.19".
Wall time 501678 ms; Run time 51453 ms.