
			17-Sep-86 10:57:40

BATCON Version	5(6075)			GLXLIB Version	5(1256)

	    Job CBOOT Req #1759 for VICTOR in Stream 0

	OUTPUT:	 Nolog				TIME-LIMIT: 10:00:00
	UNIQUE:	 Yes				BATCH-LOG:  Supersede
	RESTART: Yes				ASSISTANCE: Yes
	ACCOUNT: WIZARD                         SEQUENCE:   2390

	Input from => PS:<VICTOR.CLISP.DEVELOPMENT>CBOOT.CTL.1
	Output to  => PS:<VICTOR.CLISP.DEVELOPMENT>CBOOT.LOG



10:57:43 MONTR	 Aida, DEC-2060, ADB/UPMAIL Upsala, TOPS-20 Monitor 6.1(7030)-2
10:57:43 MONTR	 Job 15 on TTY147 17-Sep-86 10:57:43
10:57:47 USER	 163 logical names defined.
10:57:48 MONTR	 End of BATCH.CMD.20
10:57:48 MONTR	 End of COMAND.CMD.26
10:57:48 MONTR	@
10:57:48 MONTR	[PS Mounted]
10:57:48 MONTR	
10:57:48 MONTR	[CONNECTED TO PS:<VICTOR.CLISP.DEVELOPMENT>]
10:57:51 MONTR	@define dsk: dsk:, ps:<victor.clisp>
10:57:51 MONTR	@@link
10:58:16 USER	**boot
10:58:20 USER	**sys:forlib/seg:low/s
10:58:33 USER	**/g
10:58:35 MONTR	
10:58:35 MONTR	@@start
10:58:39 USER	
10:58:39 USER	% Can't trap ^C - Use (EXIT) to reset terminal modes
10:58:43 USER	 "backq.clisp"
10:58:55 USER	 "defmacro.clisp"
10:58:57 USER	 "macromemo.clisp"
10:59:53 USER	 "macros.clisp"
10:59:59 USER	 "list.clisp"
11:00:14 USER	 "dec20init.clisp"
11:00:31 USER	 "char.clisp"
11:00:47 USER	 "array.clisp"
11:00:49 USER	 "keyword.clisp"
11:01:05 USER	 "string.clisp"
11:01:09 USER	 "pred.clisp"
11:01:26 USER	 "subtypep.clisp"
11:01:47 USER	 "defstruct.clisp"
11:01:49 USER	 "eval.clisp"
11:03:11 USER	 "seq.clisp"
11:03:16 USER	 "arith.clisp"
11:03:17 USER	 "symbol.clisp"
11:03:27 USER	 "reader.clisp"
11:03:30 USER	 "query.clisp"
11:03:32 USER	 "rand.clisp"
11:03:46 USER	 "print.clisp"
11:03:53 USER	 "sort.clisp"
11:04:17 USER	 "format.clisp"
11:04:30 USER	 "hash.clisp"
11:04:39 USER	 "filesys.clisp"
11:04:40 USER	 "load.clisp"
11:04:43 USER	;Loading AIDA::PS:<VICTOR.CLISP>MISC.CLISP.31 into package #<Some package>.
11:04:50 USER	;Loading AIDA::PS:<VICTOR.CLISP>PPRINT.CLISP.8 into package #<Some package>.
11:05:08 USER	;Loading AIDA::PS:<VICTOR.CLISP>STREAM.CLISP.5 into package #<Some package>.
11:05:19 USER	;Loading AIDA::PS:<VICTOR.CLISP>SHARPM.CLISP.10 into package #<Some package>.
11:06:34 USER	;Loading AIDA::PS:<VICTOR.CLISP>SPIRRAT.CLISP.12 into package #<Some package>.
11:06:41 USER	;Loading AIDA::PS:<VICTOR.CLISP>TRACE.CLISP.23 into package #<Some package>.
11:06:48 USER	;Loading AIDA::PS:<VICTOR.CLISP>STEP.CLISP.25 into package #<Some package>.
11:06:58 USER	;Loading AIDA::PS:<VICTOR.CLISP>PACKAGE.CLISP.36 into package #<Some package>.
11:07:44 USER	;Loading AIDA::PS:<VICTOR.CLISP.DEVELOPMENT>ERRORM.CLISP.1 into package LISP.
11:07:52 USER	;Loading AIDA::PS:<VICTOR.CLISP.DEVELOPMENT>ERROR.CLISP.1 into package LISP.
11:08:04 USER	;Loading AIDA::PS:<VICTOR.CLISP>PROVIDE.CLISP.13 into package LISP.
11:08:10 USER	;Loading AIDA::PS:<VICTOR.CLISP>KERNEL.CLISP.52 into package LISP.
11:08:34 USER	CL>*(load "cboot.clisp")
11:08:37 USER	
11:08:37 USER	;Loading AIDA::PS:<VICTOR.CLISP>LCLC.CLISP.1 into package COMPILER.
11:08:46 USER	;Loading AIDA::PS:<VICTOR.CLISP.DEVELOPMENT>LAP.CLISP.3 into package COMPILER.
11:11:00 USER	;Loading AIDA::PS:<VICTOR.CLISP.DEVELOPMENT>LAP.LAP.1 into package COMPILER.
11:13:34 USER	;Loading AIDA::PS:<VICTOR.CLISP.DEVELOPMENT>CLC.LAP.2 into package COMPILER.
11:17:21 USER	;Loading AIDA::PS:<VICTOR.CLISP.DEVELOPMENT>TRANS.LAP.1 into package COMPILER.
11:18:23 USER	;Loading AIDA::PS:<VICTOR.CLISP.DEVELOPMENT>OPTIMIZER.LAP.1 into package COMPILER.
11:18:35 USER	;Loading AIDA::PS:<VICTOR.CLISP.DEVELOPMENT>MACROMEMO.LAP.3 into package LISP.
11:18:39 USER	;Loading AIDA::PS:<VICTOR.CLISP.DEVELOPMENT>BACKQ.LAP.3 into package LISP.
11:18:53 USER	;Loading AIDA::PS:<VICTOR.CLISP.DEVELOPMENT>DEFMACRO.LAP.3 into package LISP.
11:19:14 USER	;Loading AIDA::PS:<VICTOR.CLISP.DEVELOPMENT>MACROS.LAP.3 into package LISP.
11:20:42 USER	;Loading AIDA::PS:<VICTOR.CLISP.DEVELOPMENT>LIST.LAP.3 into package LISP.
11:21:36 USER	;Loading AIDA::PS:<VICTOR.CLISP.DEVELOPMENT>DEC20INIT.LAP.3 into package LISP.
11:21:41 USER	;Loading AIDA::PS:<VICTOR.CLISP.DEVELOPMENT>CHAR.LAP.3 into package LISP.
11:22:07 USER	;Loading AIDA::PS:<VICTOR.CLISP.DEVELOPMENT>ARRAY.LAP.3 into package LISP.
11:22:56 USER	;Loading AIDA::PS:<VICTOR.CLISP.DEVELOPMENT>KEYWORD.LAP.3 into package LISP.
11:23:02 USER	;Loading AIDA::PS:<VICTOR.CLISP.DEVELOPMENT>STRING.LAP.3 into package LISP.
11:23:47 USER	;Loading AIDA::PS:<VICTOR.CLISP.DEVELOPMENT>PRED.LAP.3 into package LISP.
11:24:33 USER	;Loading AIDA::PS:<VICTOR.CLISP.DEVELOPMENT>SUBTYPEP.LAP.3 into package LISP.
11:25:28 USER	;Loading AIDA::PS:<VICTOR.CLISP.DEVELOPMENT>DEFSTRUCT.LAP.3 into package LISP.
11:25:49 USER	;Loading AIDA::PS:<VICTOR.CLISP.DEVELOPMENT>EVAL.LAP.3 into package LISP.
11:25:56 USER	;Loading AIDA::PS:<VICTOR.CLISP.DEVELOPMENT>SEQ.LAP.3 into package LISP.
11:27:04 USER	;Loading AIDA::PS:<VICTOR.CLISP.DEVELOPMENT>ARITH.LAP.3 into package LISP.
11:27:17 USER	;Loading AIDA::PS:<VICTOR.CLISP.DEVELOPMENT>SYMBOL.LAP.3 into package LISP.
11:27:19 USER	;Loading AIDA::PS:<VICTOR.CLISP.DEVELOPMENT>READER.LAP.3 into package LISP.
11:28:01 USER	;Loading AIDA::PS:<VICTOR.CLISP.DEVELOPMENT>QUERY.LAP.3 into package LISP.
11:28:03 USER	;Loading AIDA::PS:<VICTOR.CLISP.DEVELOPMENT>RAND.LAP.3 into package LISP.
11:28:06 USER	;Loading AIDA::PS:<VICTOR.CLISP.DEVELOPMENT>PRINT.LAP.3 into package LISP.
11:28:16 USER	;Loading AIDA::PS:<VICTOR.CLISP.DEVELOPMENT>SORT.LAP.3 into package LISP.
11:28:21 USER	;Loading AIDA::PS:<VICTOR.CLISP.DEVELOPMENT>FORMAT.LAP.3 into package LISP.
11:28:46 USER	;Loading AIDA::PS:<VICTOR.CLISP.DEVELOPMENT>HASH.LAP.3 into package LISP.
11:28:47 USER	;Loading AIDA::PS:<VICTOR.CLISP.DEVELOPMENT>FILESYS.LAP.3 into package LISP.
11:28:51 USER	;Loading AIDA::PS:<VICTOR.CLISP.DEVELOPMENT>LOAD.LAP.3 into package LISP.
11:28:53 USER	;Loading AIDA::PS:<VICTOR.CLISP.DEVELOPMENT>MISC.LAP.3 into package LISP.
11:28:58 USER	;Loading AIDA::PS:<VICTOR.CLISP.DEVELOPMENT>PPRINT.LAP.3 into package LISP.
11:29:31 USER	;Loading AIDA::PS:<VICTOR.CLISP.DEVELOPMENT>STREAM.LAP.3 into package LISP.
11:29:32 USER	;Loading AIDA::PS:<VICTOR.CLISP.DEVELOPMENT>SHARPM.LAP.3 into package LISP.
11:29:38 USER	;Loading AIDA::PS:<VICTOR.CLISP.DEVELOPMENT>SPIRRAT.LAP.3 into package LISP.
11:29:41 USER	;Loading AIDA::PS:<VICTOR.CLISP.DEVELOPMENT>TRACE.LAP.3 into package LISP.
11:29:47 USER	;Loading AIDA::PS:<VICTOR.CLISP.DEVELOPMENT>STEP.LAP.3 into package LISP.
11:29:53 USER	;Loading AIDA::PS:<VICTOR.CLISP.DEVELOPMENT>PACKAGE.LAP.4 into package LISP.
11:30:18 USER	;Loading AIDA::PS:<VICTOR.CLISP.DEVELOPMENT>ERRORM.LAP.3 into package LISP.
11:30:23 USER	;Loading AIDA::PS:<VICTOR.CLISP.DEVELOPMENT>ERROR.LAP.3 into package LISP.
11:30:40 USER	;Loading AIDA::PS:<VICTOR.CLISP.DEVELOPMENT>PROVIDE.LAP.4 into package LISP.
11:30:44 USER	T
11:30:44 USER	CL>*(lisp::remove-arg-docs)
11:30:48 USER	
11:30:48 USER	NIL
11:30:48 USER	CL>*(lisp::purify)
11:31:12 USER	
11:31:12 USER	NIL
11:31:12 USER	CL>*(push :experimental *features*)
11:31:13 USER	
11:31:13 USER	(:EXPERIMENTAL COMMON DECSYSTEM-20 TOPS-20)
11:31:13 USER	CL>*(save "new.exe" (concatenate (quote string) "New Experimental Common Lisp, "
11:31:13 USER	*				     (lisp-implementation-version)))
11:31:14 USER	Filename was not specified: 
11:31:14 USER	Error in function NIL.
11:31:14 USER	Error in opening file
11:31:14 USER	1> *(exit)
11:31:15 USER	Attempt to do array indexing on object that is not an array: (EXIT)
11:31:15 USER	Error flushed.
11:31:15 USER	1> ^C
11:31:15 MONTR	^C
11:31:15 MONTR	@@vdir new.exe,
11:31:18 MONTR	
11:31:18 MONTR	@@@check seq
11:31:18 MONTR	
11:31:18 MONTR	@@@
11:31:18 MONTR	
11:31:18 MONTR	%File not found - new.exe
11:31:19 MONTR	@
11:31:37 MONTR	Killed by OPERATOR, TTY 141
11:31:37 MONTR	Killed Job 15, User VICTOR, Account WIZARD, TTY 147,
11:31:37 MONTR	  at 17-Sep-86 11:31:37,  Used 0:10:52 in 0:33:56
