
			15-Dec-87 07:40:07

BATCON Version	5(6075)			GLXLIB Version	5(1266)

	    Job CCOMP Req #231 for VICTOR in Stream 2

	OUTPUT:	 Nolog				TIME-LIMIT: 1:00:00
	UNIQUE:	 No				BATCH-LOG:  Supersede
	RESTART: Yes				ASSISTANCE: Yes
	ACCOUNT: WIZARD                         SEQUENCE:   389

	Input from => SS:<CLISP.UPSALA>CCOMP.CTL.11
	Output to  => SS:<CLISP.UPSALA>CCOMP.LOG



07:40:08 MONTR	 Carmen, DEC-2060 at ICU, Uppsala University, TOPS-20 Monitor 6.1(7030)-2
07:40:08 MONTR	 Job 9 on TTY56 15-Dec-87 07:40:08
07:40:10 USER	 119 logical names defined.
07:40:11 MONTR	 End of BATCH.CMD.6
07:40:16 MONTR	Carmen>
07:40:16 MONTR	[SS Mounted]
07:40:16 MONTR	
07:40:16 MONTR	[CONNECTED TO SS:<CLISP.UPSALA>]
		;;; Start here (or without /TAG:) to compile everything in 
		;;; a freshly booted CLISP
		;@define dsk: dsk:, ps:<victor.clisp>
07:40:16 MONTR	@link
07:40:19 USER	**boot
07:40:22 USER	**sys:forlib/seg:low/s
07:40:29 USER	**/g
07:40:30 MONTR	
07:40:30 MONTR	Carmen>@start
07:40:33 USER	
07:40:33 USER	% Can't trap ^C - Use (EXIT) to reset terminal modes
07:40:35 USER	 "backq.clisp"
07:40:38 USER	 "defmacro.clisp"
07:40:38 USER	 "macromemo.clisp"
07:40:56 USER	 "macros.clisp"
07:41:01 USER	 "list.clisp"
07:41:04 USER	 "dec20init.clisp"
07:41:10 USER	 "char.clisp"
07:41:14 USER	 "array.clisp"
07:41:14 USER	 "keyword.clisp"
07:41:23 USER	 "string.clisp"
07:41:25 USER	 "pred.clisp"
07:41:33 USER	 "subtypep.clisp"
07:41:40 USER	 "defstruct.clisp"
07:41:42 USER	 "eval.clisp"
07:42:33 USER	 "seq.clisp"
07:42:36 USER	 "arith.clisp"
07:42:36 USER	 "symbol.clisp"
07:42:45 USER	 "reader.clisp"
07:42:46 USER	 "query.clisp"
07:42:48 USER	 "rand.clisp"
07:42:52 USER	 "print.clisp"
07:42:56 USER	 "sort.clisp"
07:43:03 USER	 "format.clisp"
07:43:09 USER	 "hash.clisp"
07:43:11 USER	 "filesys.clisp"
07:43:11 USER	 "load.clisp"
07:43:12 USER	;Loading CARMEN::SS:<CLISP.UPSALA>MISC.CLISP.37 into package #<Some package>.
07:43:16 USER	;Loading CARMEN::SS:<CLISP.UPSALA>PPRINT.CLISP.8 into package #<Some package>.
07:43:22 USER	;Loading CARMEN::SS:<CLISP.UPSALA>STREAM.CLISP.5 into package #<Some package>.
07:43:23 USER	;Loading CARMEN::SS:<CLISP.UPSALA>SHARPM.CLISP.10 into package #<Some package>.
07:43:45 USER	;Loading CARMEN::SS:<CLISP.UPSALA>SPIRRAT.CLISP.12 into package #<Some package>.
07:43:46 USER	;Loading CARMEN::SS:<CLISP.UPSALA>TRACE.CLISP.23 into package #<Some package>.
07:43:48 USER	;Loading CARMEN::SS:<CLISP.UPSALA>STEP.CLISP.26 into package #<Some package>.
07:43:54 USER	;Loading CARMEN::SS:<CLISP.UPSALA>PACKAGE.CLISP.37 into package #<Some package>.
07:44:08 USER	;Loading CARMEN::SS:<CLISP.UPSALA>ERRORM.CLISP.7 into package LISP.
07:44:14 USER	;Loading CARMEN::SS:<CLISP.UPSALA>ERROR.CLISP.21 into package LISP.
07:44:17 USER	;Loading CARMEN::SS:<CLISP.UPSALA>PROVIDE.CLISP.14 into package LISP.
07:44:19 USER	;Loading CARMEN::SS:<CLISP.UPSALA>KERNEL.CLISP.53 into package LISP.
07:44:26 USER	CL>
07:44:26 BATCH	@goto clisp
07:44:26 BLABL	CLISP::
07:44:26 BATCH	@operator 1
07:44:26 USER	*(setq *load-verbose* t)
07:44:27 USER	
07:44:27 USER	T
07:44:27 USER	CL>*(load "lclc.clisp")
07:44:28 USER	
07:44:28 USER	;Loading CARMEN::SS:<CLISP.UPSALA>LCLC.CLISP.2 into package COMPILER.
07:44:31 USER	;Loading CARMEN::SS:<CLISP.UPSALA>LAP.CLISP.25 into package COMPILER.
07:45:05 USER	;Loading CARMEN::SS:<CLISP.UPSALA>LAP.LAP.5 into package COMPILER.
07:45:41 USER	;Loading CARMEN::SS:<CLISP.UPSALA>CLC.LAP.13 into package COMPILER.
07:48:48 USER	;Loading CARMEN::SS:<CLISP.UPSALA>TRANS.LAP.4 into package COMPILER.
07:49:57 USER	;Loading CARMEN::SS:<CLISP.UPSALA>OPTIMIZER.LAP.8 into package COMPILER.
07:50:07 USER	T
07:50:07 USER	CL>
		;*(load "cmpclc")
		;*(load "cmpall")
07:50:07 USER	*(load "cmpupsala")
07:50:08 USER	
07:50:08 USER	;Loading CARMEN::SS:<CLISP.UPSALA>CMPUPSALA.CLISP.1 into package USER.
07:50:09 USER	
07:50:09 USER	Compiling "CARMEN::SS:<CLISP.UPSALA>FEATURE.CLISP.2".
07:50:34 USER	
07:50:34 USER	FEATUREP compiled.
07:50:46 USER	MAKE-FEATURE compiled.
07:50:47 USER	
07:50:47 USER	Finished "CARMEN::SS:<CLISP.UPSALA>FEATURE.CLISP.2".
07:50:47 USER	Wall time 38832 ms; Run time 26139 ms.
07:50:51 USER	
07:50:51 USER	Compiling "CARMEN::SS:<CLISP.UPSALA>REBOOT.CLISP.4".
07:51:40 USER	
07:51:40 USER	REBOOT compiled.
07:52:28 USER	BOOT-INITIALIZE compiled.
07:52:28 USER	
07:52:28 USER	Finished "CARMEN::SS:<CLISP.UPSALA>REBOOT.CLISP.4".
07:52:28 USER	Wall time 98577 ms; Run time 49311 ms.
07:52:32 USER	
07:52:32 USER	Compiling "CARMEN::SS:<CLISP.UPSALA>FIXPEL.CLISP.1".
07:53:20 USER	
07:53:20 USER	FIXPEL-UNBOUND-VARIABLE-HANDLER compiled.
07:53:57 USER	FIXPEL-UNDEFINED-FUNCTION-HANDLER compiled.
08:00:24 USER	%DWIMDOSYMS compiled.
08:07:47 USER	%DWIMDOFUNS compiled.
08:08:25 USER	%MDWIMPLN compiled.
08:09:28 USER	%DWIMQUERY compiled.
08:10:52 USER	SIMILAR-PNAME-P compiled.
08:11:13 USER	FIXPEL-ERROR-INIT compiled.
08:11:13 USER	
08:11:13 USER	Finished "CARMEN::SS:<CLISP.UPSALA>FIXPEL.CLISP.1".
08:11:13 USER	Wall time 1122573 ms; Run time 756325 ms.
08:11:17 USER	
08:11:17 USER	Compiling "CARMEN::SS:<CLISP.UPSALA>DFUN.CLISP.3".
08:12:10 USER	
08:12:10 USER	DEFUN compiled.
08:12:58 USER	DEFMACRO compiled.
08:13:01 USER	
08:13:01 USER	Finished "CARMEN::SS:<CLISP.UPSALA>DFUN.CLISP.3".
08:13:02 USER	Wall time 105395 ms; Run time 62057 ms.
08:13:08 USER	
08:13:08 USER	Compiling "CARMEN::SS:<CLISP.UPSALA>NEWS.CLISP.5".
08:13:41 USER	
08:13:41 USER	NEWS compiled.
08:13:43 USER	
08:13:43 USER	Finished "CARMEN::SS:<CLISP.UPSALA>NEWS.CLISP.5".
08:13:43 USER	Wall time 36883 ms; Run time 19209 ms.
08:13:46 USER	T
08:13:46 USER	CL>*(exit)
08:13:46 MONTR	
08:13:46 MONTR	Carmen>@modify batch clisp /dep:-1
08:13:49 MONTR	[1 Job modified]
08:13:49 MONTR	Carmen>@original logout
08:13:51 MONTR	
08:13:52 MONTR	08:13:53 USER	Good morning, VICTOR ... 
08:13:54 USER	
08:13:54 USER	Your horoscope --
08:13:54 USER	
08:13:54 USER	Cancer (June 21 -July 22) :
08:13:54 USER		You are sympathetic and understanding to other people's problems.
08:13:54 USER		They think you are a sucker.  You are always putting things off.
08:13:54 USER		That's why you will never make anything of yourself.  Most welfare
08:13:55 USER		recipients are Cancer people.
08:13:55 USER	
08:14:01 MONTR	Killed Job 9, User VICTOR, Account WIZARD, TTY 56,
08:14:01 MONTR	  at 15-Dec-87 08:14:01,  Used 0:20:42 in 0:33:53
