
			13-Sep-86 14:19:54

BATCON Version	5(6075)			GLXLIB Version	5(1256)

	    Job CCREST Req #1036 for VICTOR in Stream 2

	OUTPUT:	 Nolog				TIME-LIMIT: 10:00:00
	UNIQUE:	 No				BATCH-LOG:  Supersede
	RESTART: Yes				ASSISTANCE: Yes
	ACCOUNT: WIZARD                         SEQUENCE:   1675

	Input from => PS:<VICTOR.CLISP>CCREST.CTL.1
	Output to  => PS:<VICTOR.CLISP>CCREST.LOG



14:19:56 MONTR	 Aida, DEC-2060, ADB/UPMAIL Upsala, TOPS-20 Monitor 6.1(7030)-2
14:19:56 MONTR	 Job 11 on TTY146 13-Sep-86 14:19:56
14:19:57 MONTR	 159 logical names defined.
14:19:58 MONTR	 End of BATCH.CMD.20
14:19:58 MONTR	 End of COMAND.CMD.26
14:19:58 MONTR	@
14:19:58 MONTR	[PS Mounted]
14:19:58 MONTR	
14:19:58 MONTR	[CONNECTED TO PS:<VICTOR.CLISP>]
14:19:59 MONTR	@link
14:20:08 USER	**boot
14:20:12 USER	**sys:forlib/seg:low/s
14:20:18 USER	**/g
14:20:19 MONTR	
14:20:19 MONTR	@@start
14:20:21 USER	
14:20:21 USER	% Can't trap ^C - Use (EXIT) to reset terminal modes
14:20:23 USER	
14:20:23 USER	"backq.clisp" 
14:20:28 USER	"defmacro.clisp" 
14:20:29 USER	"macromemo.clisp" 
14:20:51 USER	"macros.clisp" 
14:20:55 USER	"list.clisp" 
14:20:59 USER	"dec20init.clisp" 
14:21:04 USER	"char.clisp" 
14:21:09 USER	"array.clisp" 
14:21:09 USER	"keyword.clisp" 
14:21:16 USER	"string.clisp" 
14:21:18 USER	"pred.clisp" 
14:21:26 USER	"subtypep.clisp" 
14:21:36 USER	"defstruct.clisp" 
14:21:38 USER	"eval.clisp" 
14:22:21 USER	"seq.clisp" 
14:22:24 USER	"arith.clisp" 
14:22:25 USER	"symbol.clisp" 
14:22:30 USER	"reader.clisp" 
14:22:30 USER	"query.clisp" 
14:22:31 USER	"rand.clisp" 
14:22:35 USER	"print.clisp" 
14:22:38 USER	"sort.clisp" 
14:22:46 USER	"format.clisp" 
14:22:50 USER	"hash.clisp" 
14:22:53 USER	"filesys.clisp" 
14:22:53 USER	"load.clisp" 
14:22:54 USER	;Loading from AIDA::PS:<VICTOR.CLISP>MISC.CLISP.31.
14:22:57 USER	;Loading from AIDA::PS:<VICTOR.CLISP>PPRINT.CLISP.8.
14:23:03 USER	;Loading from AIDA::PS:<VICTOR.CLISP>STREAM.CLISP.5.
14:23:04 USER	;Loading from AIDA::PS:<VICTOR.CLISP>SHARPM.CLISP.10.
14:23:20 USER	;Loading from AIDA::PS:<VICTOR.CLISP>SPIRRAT.CLISP.12.
14:23:22 USER	;Loading from AIDA::PS:<VICTOR.CLISP>TRACE.CLISP.23.
14:23:26 USER	;Loading from AIDA::PS:<VICTOR.CLISP>STEP.CLISP.25.
14:23:32 USER	;Loading from AIDA::PS:<VICTOR.CLISP>PACKAGE.CLISP.36.
14:23:46 USER	;Loading from AIDA::PS:<VICTOR.CLISP>ERRORM.CLISP.6.
14:23:51 USER	;Loading from AIDA::PS:<VICTOR.CLISP>ERROR.CLISP.19.
14:23:55 USER	;Loading from AIDA::PS:<VICTOR.CLISP>PROVIDE.CLISP.13.
14:23:57 USER	;Loading from AIDA::PS:<VICTOR.CLISP>KERNEL.CLISP.52.
14:24:09 USER	CL>*(setq *load-verbose* t)
14:24:10 USER	
14:24:10 USER	T
14:24:10 USER	CL>*(load "lclc.clisp")
14:24:10 USER	
14:24:10 USER	;Loading from AIDA::PS:<VICTOR.CLISP>LCLC.CLISP.1.
14:24:13 USER	;Loading from AIDA::PS:<VICTOR.CLISP>LAP.CLISP.24.
14:24:30 USER	;Loading from AIDA::PS:<VICTOR.CLISP>LAP.LAP.1.
14:25:18 USER	;Loading from AIDA::PS:<VICTOR.CLISP>CLC.LAP.2.
14:29:34 USER	;Loading from AIDA::PS:<VICTOR.CLISP>TRANS.LAP.1.
14:31:14 USER	;Loading from AIDA::PS:<VICTOR.CLISP>OPTIMIZER.LAP.1.
14:31:23 USER	T
14:31:23 USER	CL>
		;*(load "cmpclc")
14:31:23 USER	*(load "cmprest")
14:31:28 USER	
14:31:28 USER	;Loading from AIDA::PS:<VICTOR.CLISP>CMPREST.CLISP.1.
14:31:30 USER	
14:31:30 USER	Compiling "AIDA::PS:<VICTOR.CLISP>PACKAGE.CLISP.36".
14:31:47 USER	
14:31:47 USER	%SP-GET-PACKAGE compiled.
14:31:57 USER	%SP-SET-PACKAGE compiled.
14:32:25 USER	PRINT-PACKAGE compiled.
14:33:44 USER	INTERNAL-MAKE-PACKAGE compiled.
14:33:56 USER	PACKAGE-SHADOWING-SYMBOLS compiled.
14:34:05 USER	PACKAGE-EXTERNAL-SYMBOLS compiled.
14:34:14 USER	PACKAGE-INTERNAL-SYMBOLS compiled.
14:34:20 USER	PACKAGE-USED-BY-LIST compiled.
14:34:25 USER	PACKAGE-USE-LIST compiled.
14:34:28 USER	PACKAGE-NICKNAMES compiled.
14:34:32 USER	PACKAGE-NAME compiled.
14:35:02 USER	PACKAGEP compiled.
14:35:47 USER	HANDLE-PACKAGE-NAME-CONFLICTS compiled.
14:36:04 USER	CHECK-NAME compiled.
14:36:35 USER	HANDLE-REVEALED-NAME-CONFLICT compiled.
14:40:18 USER	MAKE-PACKAGE compiled.
14:42:50 USER	IN-PACKAGE compiled.
14:43:10 USER	FIND-PACKAGE compiled.
14:44:51 USER	RENAME-PACKAGE compiled.
14:46:04 USER	LIST-ALL-PACKAGES compiled.
14:47:33 USER	UNINTERN compiled.
14:50:41 USER	EXPORT compiled.
14:51:36 USER	UNEXPORT compiled.
14:52:56 USER	IMPORT compiled.
14:54:32 USER	SHADOWING-IMPORT compiled.
14:56:05 USER	SHADOW compiled.
15:00:27 USER	USE-PACKAGE compiled.
15:01:44 USER	UNUSE-PACKAGE compiled.
15:03:00 USER	FIND-ALL-SYMBOLS compiled.
15:05:53 USER	PACKAGE-INIT compiled.
15:06:38 USER	GCTWA compiled.
15:07:09 USER	MAKE-DO-SYMBOLS-CODE compiled.
15:09:49 USER	DO-SYMBOLS compiled.
15:10:12 USER	OKSYMBOL compiled.
15:11:32 USER	DO-EXTERNAL-SYMBOLS compiled.
15:12:46 USER	DO-ALL-SYMBOLS compiled.
15:14:41 USER	DO-MOST-SYMBOLS compiled.
15:15:21 USER	BRIEFLY-DESCRIBE-SYMBOL compiled.
15:19:19 USER	APROPOS compiled.
15:22:45 USER	APROPOS-LIST compiled.
15:23:40 USER	STR-SEARCH compiled.
15:23:41 USER	
15:23:41 USER	Finished "AIDA::PS:<VICTOR.CLISP>PACKAGE.CLISP.36".
15:23:41 USER	Wall time 3132048 ms; Run time 1134250 ms.
15:23:51 USER	
15:23:51 USER	Compiling "AIDA::PS:<VICTOR.CLISP>ERRORM.CLISP.6".
15:27:51 USER	
15:27:51 USER	CONDITION-BIND compiled.
15:29:45 USER	CONDITION-PSETQ compiled.
15:31:21 USER	CONDITION-CASE compiled.
15:32:08 USER	MAKE-HANDLER-BINDINGS compiled.
15:32:41 USER	CONDITION-CASE-HANDLER compiled.
15:34:04 USER	ASSERT compiled.
15:35:53 USER	CHECK-TYPE compiled.
15:37:03 USER	ERRSET compiled.
15:37:04 USER	
15:37:04 USER	Finished "AIDA::PS:<VICTOR.CLISP>ERRORM.CLISP.6".
15:37:04 USER	Wall time 797988 ms; Run time 201429 ms.
15:37:15 USER	
15:37:15 USER	Compiling "AIDA::PS:<VICTOR.CLISP>ERROR.CLISP.19".
15:39:13 USER	
15:39:14 USER	DUMP-STACK compiled.
15:39:47 USER	GET-BREAK-LEVEL compiled.
15:43:51 USER	INTERNAL-BREAK-LOOP compiled.
15:44:52 USER	ERROR-ERROR compiled.
15:45:07 USER	INFINITE-ERROR-PROTECT compiled.
15:46:13 USER	SIGNAL* compiled.
15:46:56 USER	DO-FAILED-HANDLER compiled.
15:47:56 USER	ERROR-BODY compiled.
15:49:44 USER	GET-CALLER compiled.
15:51:14 USER	GET-ERROR compiled.
15:52:19 USER	ERROR* compiled.
15:53:05 USER	CERROR* compiled.
15:54:11 USER	SIGNAL-CERROR* compiled.
15:55:25 USER	CERROR-BODY compiled.
15:56:35 USER	WARN* compiled.
15:57:44 USER	BREAK* compiled.
15:58:22 USER	ERROR-INIT compiled.
15:58:51 USER	DONT-PROCEED compiled.
15:59:28 USER	ERROR-PRINT compiled.
16:00:14 USER	DEFAULT-CONDITION-HANDLER compiled.
16:00:57 USER	BREAK-CONDITION-HANDLER compiled.
16:03:49 USER	DEFAULT-UNDEFINED-FUNCTION-HANDLER compiled.
16:04:56 USER	DEFAULT-UNBOUND-VARIABLE-HANDLER compiled.
16:04:57 USER	
16:04:57 USER	Finished "AIDA::PS:<VICTOR.CLISP>ERROR.CLISP.19".
16:04:57 USER	Wall time 1667345 ms; Run time 434312 ms.
16:05:15 USER	
16:05:15 USER	Compiling "AIDA::PS:<VICTOR.CLISP>PROVIDE.CLISP.13".
16:05:59 USER	
16:05:59 USER	PROVIDE compiled.
16:09:17 USER	REQUIRE compiled.
16:09:34 USER	MODIFY-PATHNAME-TYPE compiled.
16:09:35 USER	
16:09:35 USER	Finished "AIDA::PS:<VICTOR.CLISP>PROVIDE.CLISP.13".
16:09:35 USER	Wall time 269928 ms; Run time 74274 ms.
16:09:39 USER	T
16:09:39 USER	CL>*(exit)
16:09:40 MONTR	
16:09:40 MONTR	@@logout
16:09:40 MONTR	
16:09:40 MONTR	16:09:44 MONTR	Good afternoon, VICTOR ... 
16:09:44 MONTR	There are more old drunkards than old doctors.
16:09:44 MONTR	
16:09:46 MONTR	Killed Job 11, User VICTOR, Account WIZARD, TTY 146,
16:09:46 MONTR	  at 13-Sep-86 16:09:46,  Used 0:36:19 in 1:49:50
