
			15-Dec-87 08:13:49

BATCON Version	5(6075)			GLXLIB Version	5(1266)

	    Job CLISP Req #158 for VICTOR in Stream 3

	OUTPUT:	 Nolog				TIME-LIMIT: 1:00:00
	UNIQUE:	 No				BATCH-LOG:  Supersede
	RESTART: Yes				ASSISTANCE: Yes
	ACCOUNT: WIZARD                         SEQUENCE:   316

	Input from => SS:<CLISP.UPSALA>CLISP.CTL.11
	Output to  => SS:<CLISP.UPSALA>CLISP.LOG



08:13:55 USER	 Carmen, DEC-2060 at ICU, Uppsala University, TOPS-20 Monitor 6.1(7030)-2
08:13:55 MONTR	 Job 19 on TTY60 15-Dec-87 08:13:55
08:14:00 USER	 119 logical names defined.
08:14:01 MONTR	 End of BATCH.CMD.6
08:14:09 MONTR	Carmen>
08:14:09 MONTR	[SS Mounted]
08:14:09 MONTR	
08:14:09 MONTR	[CONNECTED TO SS:<CLISP.UPSALA>]
		;@define dsk: dsk:,ss:<clisp.new.upsala>
		;@define clisp: ss:<clisp.new.upsala>
08:14:10 MONTR	@link
08:14:12 USER	**boot
08:14:15 USER	**sys:forlib/seg:low/s
08:14:21 USER	**/g
08:14:23 MONTR	
08:14:23 MONTR	Carmen>@keep
08:14:23 MONTR	
08:14:23 MONTR	Carmen>@start
08:14:29 USER	
08:14:29 USER	% Can't trap ^C - Use (EXIT) to reset terminal modes
08:14:31 USER	 "backq.clisp"
08:14:38 USER	 "defmacro.clisp"
08:14:39 USER	 "macromemo.clisp"
08:14:59 USER	 "macros.clisp"
08:15:03 USER	 "list.clisp"
08:15:07 USER	 "dec20init.clisp"
08:15:12 USER	 "char.clisp"
08:15:20 USER	 "array.clisp"
08:15:22 USER	 "keyword.clisp"
08:15:56 USER	 "string.clisp"
08:15:59 USER	 "pred.clisp"
08:16:06 USER	 "subtypep.clisp"
08:16:18 USER	 "defstruct.clisp"
08:16:20 USER	 "eval.clisp"
08:17:04 USER	 "seq.clisp"
08:17:06 USER	 "arith.clisp"
08:17:07 USER	 "symbol.clisp"
08:17:11 USER	 "reader.clisp"
08:17:11 USER	 "query.clisp"
08:17:13 USER	 "rand.clisp"
08:17:17 USER	 "print.clisp"
08:17:20 USER	 "sort.clisp"
08:17:28 USER	 "format.clisp"
08:17:32 USER	 "hash.clisp"
08:17:35 USER	 "filesys.clisp"
08:17:36 USER	 "load.clisp"
08:17:37 USER	;Loading CARMEN::SS:<CLISP.UPSALA>MISC.CLISP.37 into package #<Some package>.
08:17:40 USER	;Loading CARMEN::SS:<CLISP.UPSALA>PPRINT.CLISP.8 into package #<Some package>.
08:17:48 USER	;Loading CARMEN::SS:<CLISP.UPSALA>STREAM.CLISP.5 into package #<Some package>.
08:17:50 USER	;Loading CARMEN::SS:<CLISP.UPSALA>SHARPM.CLISP.10 into package #<Some package>.
08:18:21 USER	;Loading CARMEN::SS:<CLISP.UPSALA>SPIRRAT.CLISP.12 into package #<Some package>.
08:18:24 USER	;Loading CARMEN::SS:<CLISP.UPSALA>TRACE.CLISP.23 into package #<Some package>.
08:18:37 USER	;Loading CARMEN::SS:<CLISP.UPSALA>STEP.CLISP.26 into package #<Some package>.
08:18:44 USER	;Loading CARMEN::SS:<CLISP.UPSALA>PACKAGE.CLISP.37 into package #<Some package>.
08:18:59 USER	;Loading CARMEN::SS:<CLISP.UPSALA>ERRORM.CLISP.7 into package LISP.
08:20:33 USER	;Loading CARMEN::SS:<CLISP.UPSALA>ERROR.CLISP.21 into package LISP.
08:20:37 USER	;Loading CARMEN::SS:<CLISP.UPSALA>PROVIDE.CLISP.14 into package LISP.
08:20:38 USER	;Loading CARMEN::SS:<CLISP.UPSALA>KERNEL.CLISP.53 into package LISP.
08:20:47 USER	CL>*(setq *load-verbose* t)
08:20:47 USER	
08:20:47 USER	T
08:20:47 USER	CL>*(load "cboot.clisp")
08:20:48 USER	
08:20:48 USER	;Loading CARMEN::SS:<CLISP.UPSALA>CBOOT.CLISP.10 into package USER.
08:20:49 USER	;Loading CARMEN::SS:<CLISP.UPSALA>LCLC.CLISP.2 into package COMPILER.
08:20:54 USER	;Loading CARMEN::SS:<CLISP.UPSALA>LAP.CLISP.25 into package COMPILER.
08:21:06 USER	;Loading CARMEN::SS:<CLISP.UPSALA>LAP.LAP.5 into package COMPILER.
08:21:52 USER	;Loading CARMEN::SS:<CLISP.UPSALA>CLC.LAP.13 into package COMPILER.
08:24:09 USER	;Loading CARMEN::SS:<CLISP.UPSALA>TRANS.LAP.4 into package COMPILER.
08:24:55 USER	;Loading CARMEN::SS:<CLISP.UPSALA>OPTIMIZER.LAP.8 into package COMPILER.
08:25:01 USER	;Loading CARMEN::SS:<CLISP.UPSALA>MACROMEMO.LAP.12 into package LISP.
08:25:03 USER	;Loading CARMEN::SS:<CLISP.UPSALA>BACKQ.LAP.16 into package LISP.
08:25:09 USER	;Loading CARMEN::SS:<CLISP.UPSALA>DEFMACRO.LAP.13 into package LISP.
08:25:21 USER	;Loading CARMEN::SS:<CLISP.UPSALA>MACROS.LAP.11 into package LISP.
08:26:29 USER	;Loading CARMEN::SS:<CLISP.UPSALA>LIST.LAP.11 into package LISP.
08:27:14 USER	;Loading CARMEN::SS:<CLISP.UPSALA>DEC20INIT.LAP.12 into package LISP.
08:27:21 USER	;Loading CARMEN::SS:<CLISP.UPSALA>CHAR.LAP.15 into package LISP.
08:27:44 USER	;Loading CARMEN::SS:<CLISP.UPSALA>ARRAY.LAP.19 into package LISP.
08:28:10 USER	;Loading CARMEN::SS:<CLISP.UPSALA>KEYWORD.LAP.11 into package LISP.
08:28:12 USER	;Loading CARMEN::SS:<CLISP.UPSALA>STRING.LAP.9 into package LISP.
08:28:30 USER	;Loading CARMEN::SS:<CLISP.UPSALA>PRED.LAP.10 into package LISP.
08:29:32 USER	;Loading CARMEN::SS:<CLISP.UPSALA>SUBTYPEP.LAP.9 into package LISP.
08:29:44 USER	;Loading CARMEN::SS:<CLISP.UPSALA>DEFSTRUCT.LAP.11 into package LISP.
08:30:08 USER	;Loading CARMEN::SS:<CLISP.UPSALA>EVAL.LAP.11 into package LISP.
08:30:12 USER	;Loading CARMEN::SS:<CLISP.UPSALA>SEQ.LAP.10 into package LISP.
08:30:54 USER	;Loading CARMEN::SS:<CLISP.UPSALA>ARITH.LAP.14 into package LISP.
08:31:39 USER	;Loading CARMEN::SS:<CLISP.UPSALA>SYMBOL.LAP.9 into package LISP.
08:31:40 USER	;Loading CARMEN::SS:<CLISP.UPSALA>READER.LAP.9 into package LISP.
08:31:46 USER	;Loading CARMEN::SS:<CLISP.UPSALA>QUERY.LAP.9 into package LISP.
08:31:48 USER	;Loading CARMEN::SS:<CLISP.UPSALA>RAND.LAP.9 into package LISP.
08:31:50 USER	;Loading CARMEN::SS:<CLISP.UPSALA>PRINT.LAP.9 into package LISP.
08:32:00 USER	;Loading CARMEN::SS:<CLISP.UPSALA>SORT.LAP.9 into package LISP.
08:32:20 USER	;Loading CARMEN::SS:<CLISP.UPSALA>FORMAT.LAP.12 into package LISP.
08:32:54 USER	;Loading CARMEN::SS:<CLISP.UPSALA>HASH.LAP.10 into package LISP.
08:32:55 USER	;Loading CARMEN::SS:<CLISP.UPSALA>FILESYS.LAP.10 into package LISP.
08:33:00 USER	;Loading CARMEN::SS:<CLISP.UPSALA>LOAD.LAP.10 into package LISP.
08:33:06 USER	;Loading CARMEN::SS:<CLISP.UPSALA>MISC.LAP.16 into package LISP.
08:33:47 USER	;Loading CARMEN::SS:<CLISP.UPSALA>PPRINT.LAP.10 into package LISP.
08:34:00 USER	;Loading CARMEN::SS:<CLISP.UPSALA>STREAM.LAP.9 into package LISP.
08:34:01 USER	;Loading CARMEN::SS:<CLISP.UPSALA>SHARPM.LAP.6 into package LISP.
08:34:09 USER	;Loading CARMEN::SS:<CLISP.UPSALA>SPIRRAT.LAP.6 into package LISP.
08:34:10 USER	;Loading CARMEN::SS:<CLISP.UPSALA>TRACE.LAP.6 into package LISP.
08:34:14 USER	;Loading CARMEN::SS:<CLISP.UPSALA>STEP.LAP.7 into package LISP.
08:34:18 USER	;Loading CARMEN::SS:<CLISP.UPSALA>PACKAGE.LAP.8 into package LISP.
08:34:31 USER	;Loading CARMEN::SS:<CLISP.UPSALA>ERRORM.LAP.7 into package LISP.
08:34:34 USER	;Loading CARMEN::SS:<CLISP.UPSALA>ERROR.LAP.8 into package LISP.
08:35:41 USER	;Loading CARMEN::SS:<CLISP.UPSALA>PROVIDE.LAP.6 into package LISP.
08:35:56 USER	T
08:35:56 USER	CL>*(load "upsala.clisp")
08:35:57 USER	
08:35:57 USER	;Loading CARMEN::SS:<CLISP.UPSALA>UPSALA.CLISP.5 into package USER.
08:35:59 USER	;Loading CARMEN::SS:<CLISP.UPSALA>FEATURE.LAP.3 into package LISP.
08:36:02 USER	;Loading CARMEN::SS:<CLISP.UPSALA>REBOOT.LAP.2 into package LISP.
08:36:04 USER	;Loading CARMEN::SS:<CLISP.UPSALA>EMACS.LAP.1 into package EMACS.
08:36:11 USER	;Loading CARMEN::SS:<CLISP.UPSALA>FIXPEL.LAP.3 into package LISP.
08:36:22 USER	;Loading CARMEN::SS:<CLISP.UPSALA>CADDR.CLISP.2 into package LISP.
08:36:25 USER	;Loading CARMEN::SS:<CLISP.UPSALA>DFUN.LAP.4 into package USER.
08:36:32 USER	;Loading CARMEN::SS:<CLISP.UPSALA>NEWS.LAP.7 into package USER.
08:36:34 USER	Use (NEWS) to see what's new in this version.
08:36:35 USER	T
08:36:35 USER	CL>*(make-feature :upsala)
08:36:36 USER	
08:36:36 USER	(:UPSALA :EMACS :COMMON :DECSYSTEM-20 :TOPS-20)
08:36:36 USER	CL>*(lisp::remove-arg-docs)
08:36:41 USER	
08:36:41 USER	NIL
08:36:41 USER	CL>*(lisp::purify)
08:37:41 USER	
08:37:42 USER	NIL
08:37:42 USER	CL>*(lisp::gc)
08:37:46 USER	
08:37:46 USER	NIL
08:37:46 USER	CL>*(reboot "new.exe" "Uppsala")
08:39:05 MONTR	
08:39:05 MONTR	Carmen>@original logout
08:39:09 MONTR	
08:39:09 MONTR	08:39:10 USER	Good morning, VICTOR ... 
08:39:11 USER	A hammer sometimes misses its mark - a bouquet never.
08:39:11 USER	
08:39:19 MONTR	Killed Job 19, User VICTOR, Account WIZARD, TTY 60,
08:39:19 MONTR	  at 15-Dec-87 08:39:19,  Used 0:10:26 in 0:25:28
