
			14-Dec-87 05:37:54

BATCON Version	5(6075)			GLXLIB Version	5(1266)

	    Job CMPCLC Req #36 for VICTOR in Stream 4

	OUTPUT:	 Nolog				TIME-LIMIT: 4:00:00
	UNIQUE:	 No				BATCH-LOG:  Supersede
	RESTART: Yes				ASSISTANCE: Yes
	ACCOUNT: WIZARD                         SEQUENCE:   205

	Input from => SS:<CLISP.UPSALA>CMPCLC.CTL.5
	Output to  => SS:<CLISP.UPSALA>CMPCLC.LOG



05:37:55 MONTR	 Carmen, DEC-2060 at ICU, Uppsala University, TOPS-20 Monitor 6.1(7030)-2
05:37:55 MONTR	 Job 9 on TTY60 14-Dec-87 05:37:55
05:37:56 USER	 119 logical names defined.
05:37:56 MONTR	 End of BATCH.CMD.6
05:38:03 MONTR	Carmen>
05:38:03 MONTR	[SS Mounted]
05:38:03 MONTR	
05:38:03 MONTR	[CONNECTED TO SS:<CLISP.UPSALA>]
		;@define dsk: dsk:, ps:<victor.clisp>
05:38:03 MONTR	@link
05:38:05 USER	**boot
05:38:08 USER	**sys:forlib/seg:low/s
05:38:13 USER	**/g
05:38:14 MONTR	
05:38:14 MONTR	Carmen>
05:38:14 BATCH	@operator 1
05:38:14 MONTR	@start
05:38:16 USER	
05:38:16 USER	% Can't trap ^C - Use (EXIT) to reset terminal modes
05:38:17 USER	 "backq.clisp"
05:38:21 USER	 "defmacro.clisp"
05:38:21 USER	 "macromemo.clisp"
05:38:38 USER	 "macros.clisp"
05:38:41 USER	 "list.clisp"
05:38:45 USER	 "dec20init.clisp"
05:38:49 USER	 "char.clisp"
05:38:55 USER	 "array.clisp"
05:38:55 USER	 "keyword.clisp"
05:39:02 USER	 "string.clisp"
05:39:03 USER	 "pred.clisp"
05:39:09 USER	 "subtypep.clisp"
05:39:16 USER	 "defstruct.clisp"
05:39:17 USER	 "eval.clisp"
05:39:56 USER	 "seq.clisp"
05:39:58 USER	 "arith.clisp"
05:39:58 USER	 "symbol.clisp"
05:40:02 USER	 "reader.clisp"
05:40:02 USER	 "query.clisp"
05:40:04 USER	 "rand.clisp"
05:40:07 USER	 "print.clisp"
05:40:09 USER	 "sort.clisp"
05:40:17 USER	 "format.clisp"
05:40:20 USER	 "hash.clisp"
05:40:22 USER	 "filesys.clisp"
05:40:23 USER	 "load.clisp"
05:40:24 USER	;Loading CARMEN::SS:<CLISP.UPSALA>MISC.CLISP.37 into package #<Some package>.
05:40:27 USER	;Loading CARMEN::SS:<CLISP.UPSALA>PPRINT.CLISP.8 into package #<Some package>.
05:40:32 USER	;Loading CARMEN::SS:<CLISP.UPSALA>STREAM.CLISP.5 into package #<Some package>.
05:40:33 USER	;Loading CARMEN::SS:<CLISP.UPSALA>SHARPM.CLISP.10 into package #<Some package>.
05:40:50 USER	;Loading CARMEN::SS:<CLISP.UPSALA>SPIRRAT.CLISP.12 into package #<Some package>.
05:40:51 USER	;Loading CARMEN::SS:<CLISP.UPSALA>TRACE.CLISP.23 into package #<Some package>.
05:40:54 USER	;Loading CARMEN::SS:<CLISP.UPSALA>STEP.CLISP.26 into package #<Some package>.
05:40:59 USER	;Loading CARMEN::SS:<CLISP.UPSALA>PACKAGE.CLISP.37 into package #<Some package>.
05:41:11 USER	;Loading CARMEN::SS:<CLISP.UPSALA>ERRORM.CLISP.7 into package LISP.
05:41:15 USER	;Loading CARMEN::SS:<CLISP.UPSALA>ERROR.CLISP.21 into package LISP.
05:41:19 USER	;Loading CARMEN::SS:<CLISP.UPSALA>PROVIDE.CLISP.14 into package LISP.
05:41:20 USER	;Loading CARMEN::SS:<CLISP.UPSALA>KERNEL.CLISP.53 into package LISP.
05:41:28 USER	CL>*(setq *load-verbose* t)
05:41:28 USER	
05:41:28 USER	T
05:41:28 USER	CL>*(load "lclc.clisp")
05:41:28 USER	
05:41:29 USER	;Loading CARMEN::SS:<CLISP.UPSALA>LCLC.CLISP.1 into package COMPILER.
05:41:30 USER	;Loading CARMEN::SS:<CLISP.UPSALA>LAP.CLISP.25 into package COMPILER.
05:41:42 USER	;Loading CARMEN::SS:<CLISP.UPSALA>LAP.LAP.6 into package COMPILER.
05:41:43 USER	;Loading CARMEN::SS:<CLISP.UPSALA>LAP.CLISP.25 into package COMPILER.
05:41:55 USER	;Loading CARMEN::SS:<CLISP.UPSALA>CLC.LAP.12 into package COMPILER.
05:41:56 USER	;Loading CARMEN::SS:<CLISP.UPSALA>CLC.CLISP.105 into package COMPILER.
05:42:27 USER	;Loading CARMEN::SS:<CLISP.UPSALA>TRANS.LAP.5 into package COMPILER.
05:42:28 USER	;Loading CARMEN::SS:<CLISP.UPSALA>TRANS.CLISP.7 into package COMPILER.
05:43:31 USER	;Loading CARMEN::SS:<CLISP.UPSALA>OPTIMIZER.LAP.7 into package COMPILER.
05:43:33 USER	;Loading CARMEN::SS:<CLISP.UPSALA>OPTIMIZER.CLISP.28 into package COMPILER.
05:43:38 USER	T
05:43:38 USER	CL>*(load "cmpclc.clisp")
05:43:38 USER	
05:43:38 USER	;Loading CARMEN::SS:<CLISP.UPSALA>CMPCLC.CLISP.2 into package USER.
05:43:39 USER	;Loading CARMEN::SS:<CLISP.UPSALA>CLC.CLISP.105 into package COMPILER.
05:44:12 USER	
05:44:12 USER	Compiling "CARMEN::SS:<CLISP.UPSALA>CLC.CLISP.105".
05:44:34 USER	
05:44:34 USER	MAKE-VENV compiled.
05:44:38 USER	VENV-CVX compiled.
05:44:42 USER	VENV-CVH compiled.
05:44:46 USER	VENV-HOME compiled.
05:44:50 USER	VENV-DECLARED-TYPE compiled.
05:44:53 USER	VENV-USEDP compiled.
05:44:56 USER	VENV-REACH compiled.
05:45:00 USER	VENV-SPECIALP compiled.
05:45:13 USER	VENV-P compiled.
05:45:31 USER	MAKE-FENV compiled.
05:45:35 USER	FENV-CVX compiled.
05:45:38 USER	FENV-CVH compiled.
05:45:42 USER	FENV-HOME compiled.
05:45:46 USER	FENV-USEDP compiled.
05:45:50 USER	FENV-REACH compiled.
05:45:54 USER	FENV-MACROP compiled.
05:46:06 USER	FENV-P compiled.
05:46:15 USER	PRINT-BENV compiled.
05:46:26 USER	MAKE-BENV compiled.
05:46:30 USER	BENV-FIXUPS compiled.
05:46:33 USER	BENV-CATCH-TAG compiled.
05:46:37 USER	BENV-WHERE compiled.
05:46:40 USER	BENV-END-TAG compiled.
05:46:53 USER	BENV-P compiled.
05:47:01 USER	PRINT-TENV compiled.
05:47:10 USER	MAKE-TENV compiled.
05:47:14 USER	TENV-FIXUPS compiled.
05:47:17 USER	TENV-TAGS compiled.
05:47:21 USER	TENV-CATCH-TAG compiled.
05:47:33 USER	TENV-P compiled.
05:47:47 USER	MAKE-TAG compiled.
05:47:51 USER	TAG-USEDP compiled.
05:47:55 USER	TAG-INDEX compiled.
05:47:59 USER	TAG-LABEL compiled.
05:48:12 USER	TAG-P compiled.
05:48:29 USER	CLC-MUMBLE compiled.
05:48:46 USER	CLC-COMMENT compiled.
05:49:06 USER	CLC-WARNING compiled.
05:49:28 USER	CLC-ERROR compiled.
05:49:37 USER	REALLY-NEW-INTERNAL-VARIABLE compiled.
05:49:47 USER	NEW-VAR-TEMP compiled.
05:50:01 USER	ENOUGH-TEMPS compiled.
05:50:11 USER	BREAKOFF-NAME compiled.
05:50:17 USER	INST-OUT-SPLICE compiled.
05:50:23 USER	INST-OUT-STOMP compiled.
05:50:35 USER	MODIFY-PATHNAME-TYPE compiled.
05:50:51 USER	MAKE-CONST compiled.
05:51:06 USER	TEST-VARNAME compiled.
05:51:58 USER	TRIVIALP compiled.
05:52:20 USER	ASSUME-EXPR compiled.
05:52:34 USER	NOTE-TYPE compiled.
05:53:06 USER	PARSE-BODY1 compiled.
05:53:30 USER	PARSE-BODY2 compiled.
05:55:21 USER	COMPILE-FILE compiled.
05:55:29 USER	PRINT-FILE-HEADER compiled.
05:55:47 USER	READLOOP compiled.
05:56:30 USER	COMPILE compiled.
05:56:41 USER	UNCOMPILE compiled.
05:56:56 USER	INTERNAL-COMPILEDP compiled.
05:57:06 USER	COMPILEDP compiled.
05:57:45 USER	PROCESS-FORM compiled.
05:58:12 USER	PROCESS-EVAL-WHEN compiled.
05:58:57 USER	PROCESS-RANDOM compiled.
05:59:25 USER	PROCESS-DEFSYM compiled.
06:00:21 USER	PROCESS-MACRO compiled.
06:01:23 USER	PROCESS-DEFUN compiled.
06:02:54 USER	PROCESS-PROCLAMATION compiled.
06:04:40 USER	PROCESS-DECLARATIONS compiled.
06:05:10 USER	CHECK-USED compiled.
06:05:15 USER	CHECK-USED-FNS compiled.
06:05:36 USER	Warning in COMPILE-ONE-LAMBDA: 
06:05:37 USER	  OLD-ERROR-COUNT bound but not referenced in COMPILE-ONE-LAMBDA.
06:08:07 USER	COMPILE-ONE-LAMBDA compiled.
06:08:23 USER	MAKE-LAP-FUNCTION compiled.
06:09:14 USER	LAPRINT compiled.
06:10:15 USER	CG-LAMBDA-LIST compiled.
06:10:33 USER	FINISH-FRAME compiled.
06:10:53 USER	CG-BIND-AUXEN compiled.
06:11:04 USER	CG-REQUIRED-ARG compiled.
06:12:39 USER	CG-BIND-ARG compiled.
06:12:58 USER	SPECIALP-HERE compiled.
06:14:09 USER	CG-BIND compiled.
06:15:02 USER	CG-OPTIONAL compiled.
06:15:40 USER	CG-OPTIONAL-ARG compiled.
06:15:49 USER	ENTRY-OUT compiled.
06:15:59 USER	Warning in CG-REST: 
06:15:59 USER	  ENTRY-TAG bound but not referenced in CG-REST.
06:16:59 USER	CG-REST compiled.
06:17:24 USER	FIX-FINAL-OPTIONAL compiled.
06:18:23 USER	CG-KEYS compiled.
06:19:15 USER	CG-KEY compiled.
06:19:33 USER	CG-BIND-FN compiled.
06:19:43 USER	SET-BOUND-FN compiled.
06:20:03 USER	EASYP compiled.
06:21:08 USER	EASY-ATOMIC compiled.
06:21:47 USER	EASYREF compiled.
06:23:57 USER	TRANSFORM compiled.
06:24:33 USER	TRANSFORM-SYMBOL compiled.
06:25:04 USER	CG-FORM compiled.
06:26:27 USER	CG-CONSTANT compiled.
06:27:51 USER	CG-ATOMIC compiled.
06:28:52 USER	CG-FUNREF compiled.
06:30:04 USER	RETT compiled.
06:30:56 USER	RETNIL compiled.
06:31:40 USER	RETO1 compiled.
06:32:40 USER	RETREGS compiled.
06:33:54 USER	RETMEM compiled.
06:34:56 USER	VARREF compiled.
06:35:44 USER	FUNREF compiled.
06:35:57 USER	CG-EXPR-CALL compiled.
06:36:43 USER	COMPILE-ARGS compiled.
06:37:25 USER	COMPILE-ARGS-GT5 compiled.
06:38:41 USER	INST-OUT-LOAD compiled.
06:40:21 USER	GENERATE-CLOSURE-VECTORS compiled.
06:41:05 USER	CLOSURE-VECTORS-GO-HOME compiled.
06:42:44 USER	FIX-QREFS compiled.
06:42:51 USER	CG-FUNCTION compiled.
06:43:17 USER	CG-FUNCTION1 compiled.
06:43:36 USER	DEPOSIT-GENERATE-CLOSURE compiled.
06:43:53 USER	CG-FUNCALL compiled.
06:43:56 USER	Warning in CG-DEFUN: 
06:43:57 USER	  KEEP bound but not referenced in CG-DEFUN.
06:44:15 USER	CG-DEFUN compiled.
06:44:45 USER	COMPILE-TRANSPARENT-FUNCTION compiled.
06:44:56 USER	CG-SETQ compiled.
06:45:42 USER	CG-PSETQ compiled.
06:46:20 USER	CG-MULTIPLE-VALUE-SETQ compiled.
06:46:30 USER	Warning in CG-LET*: 
06:46:30 USER	  RESULT bound but not referenced in CG-LET*.
06:47:23 USER	CG-LET* compiled.
06:48:51 USER	CG-LET compiled.
06:50:03 USER	CG-MULTIPLE-VALUE-BIND compiled.
06:50:19 USER	SETUP-MVP compiled.
06:50:56 USER	CG-COMPILER-LET compiled.
06:51:50 USER	CG-FLET compiled.
06:52:52 USER	CG-LABELS compiled.
06:53:37 USER	CG-MACROLET compiled.
06:54:24 USER	CG-BLOCK compiled.
06:54:31 USER	Warning in CG-RETURN-FROM: 
06:54:32 USER	  TAG not declared or bound, assuming special.
06:54:36 USER	Warning in CG-RETURN-FROM: 
06:54:36 USER	  CODE-DUMP not declared or bound, assuming special.
06:56:00 USER	CG-RETURN-FROM compiled.
06:56:20 USER	INST-OUT-DELETE-CATCH-BLIP compiled.
06:59:14 USER	CG-TAGBODY compiled.
06:59:26 USER	Warning in CG-GO: 
06:59:26 USER	  CTAG not declared or bound, assuming special.
06:59:26 USER	Warning in CG-GO: 
06:59:26 USER	  CTAG bound but not referenced in CG-GO.
06:59:57 USER	Warning in CG-GO: 
06:59:58 USER	  WHERE bound but not referenced in CG-GO.
07:00:50 USER	CG-GO compiled.
07:01:05 USER	CG-THE compiled.
07:01:11 USER	CG-PROGN compiled.
07:01:25 USER	CG-PROGN-BODY compiled.
07:01:48 USER	CG-PROG1 compiled.
07:02:15 USER	CG-PROG2 compiled.
07:02:39 USER	CG-MVPROG1 compiled.
07:02:53 USER	CG-MULTIPLE-VALUE-LIST compiled.
07:03:25 USER	CG-MULTIPLE-VALUE-CALL compiled.
07:03:48 USER	CG-VALUES compiled.
07:03:51 USER	Warning in CG-THROW: 
07:03:51 USER	  WHERE bound but not referenced in CG-THROW.
07:03:56 USER	CG-THROW compiled.
07:04:06 USER	COMP-THROW compiled.
07:04:31 USER	CG-CATCH compiled.
07:05:14 USER	CG-UNWIND-PROTECT compiled.
07:05:18 USER	Warning in CG-DECLARE: 
07:05:18 USER	  WHERE bound but not referenced in CG-DECLARE.
07:05:22 USER	CG-DECLARE compiled.
07:05:36 USER	BR-NULL compiled.
07:06:18 USER	BR-NOT-NULL compiled.
07:07:01 USER	CG-AND compiled.
07:07:28 USER	CG-OR compiled.
07:08:04 USER	CG-IF compiled.
07:08:31 USER	CG-NOT compiled.
07:09:25 USER	CG-COND compiled.
07:09:43 USER	CG-CAR compiled.
07:09:53 USER	CG-CDR compiled.
07:10:12 USER	CG-SVREF compiled.
07:10:40 USER	CG-SVSET compiled.
07:10:51 USER	CG-EQ compiled.
07:11:26 USER	CG-1INST-PRED compiled.
07:11:49 USER	RETURNPRED compiled.
07:12:03 USER	CG-EQL compiled.
07:12:26 USER	CG-= compiled.
07:12:47 USER	CG-/= compiled.
07:13:03 USER	CG-< compiled.
07:13:20 USER	CG-> compiled.
07:13:38 USER	CG-<= compiled.
07:13:54 USER	CG->= compiled.
07:15:06 USER	CG-&/-PRED compiled.
07:15:38 USER	CG-+ compiled.
07:16:21 USER	CG-- compiled.
07:16:38 USER	CG-1+ compiled.
07:16:52 USER	CG-1- compiled.
07:17:21 USER	CG-PROGV compiled.
07:18:06 USER	LAMBDA-TO-LET compiled.
07:20:09 USER	LAMBDA-TO-LET-OPTIONAL compiled.
07:20:37 USER	LAMBDA-TO-LET-REST compiled.
07:20:39 USER	Warning in CG-%HASHCO: 
07:20:39 USER	  FORM bound but not referenced in CG-%HASHCO.
07:20:40 USER	Warning in CG-%HASHCO: 
07:20:40 USER	  WHERE bound but not referenced in CG-%HASHCO.
07:20:44 USER	CG-%HASHCO compiled.
07:20:46 USER	Warning in %HASHCO: 
07:20:46 USER	  FORM bound but not referenced in %HASHCO.
07:20:54 USER	%HASHCO compiled.
07:21:05 USER	LISP::SHARP-COMMA compiled.
07:21:11 USER	SCLEAN compiled.
07:21:18 USER	SCPRINT compiled.
07:21:38 USER	SUBST-SHARP-COMMA compiled.
07:21:51 USER	SUBST-VECTOR-SHARP-COMMA compiled.
07:22:09 USER	SUBST-ARRAY-SHARP-COMMA compiled.
07:22:39 USER	PERM compiled.
07:23:20 USER	PRIN1-SHARP-DOT compiled.
07:23:43 USER	PRIN1-VECTOR-SHARP-DOT compiled.
07:23:49 USER	PRIN1-ARRAY-SHARP-DOT compiled.
07:23:59 USER	PRIN1-ARRAY-GUTS compiled.
07:24:32 USER	SUB-PRIN1-ARRAY-GUTS compiled.
07:24:32 USER	
07:24:32 USER	Finished "CARMEN::SS:<CLISP.UPSALA>CLC.CLISP.105".
07:24:32 USER	Wall time 6022255 ms; Run time 4434384 ms.
07:24:34 USER	0 Errors, 14 Warnings.
07:24:34 USER	(Assumed) functions, called but not declared or defined: 
07:24:34 USER	(INIT-FASL-FILE FASL-DUMP-FORM MAKE-FASL)
07:24:35 USER	(Assumed) special variables, used free but not declared: 
07:24:35 USER	(TAG CODE-DUMP CTAG)
07:24:41 USER	;Loading CARMEN::SS:<CLISP.UPSALA>CLC.LAP.13 into package COMPILER.

07:25:29 BAUSR	Job Canceled by User VICTOR

07:25:29 USER	
07:25:35 USER	Killed by OPERATOR, TTY 50
07:25:35 USER	Killed Job 9, User VICTOR, Account WIZARD, TTY 60,
07:25:35 USER	  at 14-Dec-87 07:25:35,  Used 1:18:50 in 1:47:41
