
			24-Sep-86 18:17:17

BATCON Version	5(6075)			GLXLIB Version	5(1256)

	    Job CMPFOO Req #498 for VICTOR in Stream 0

	OUTPUT:	 Nolog				TIME-LIMIT: 1:00:00
	UNIQUE:	 No				BATCH-LOG:  Supersede
	RESTART: Yes				ASSISTANCE: Yes
	ACCOUNT: WIZARD                         SEQUENCE:   2330

	Input from => PS:<VICTOR.CLISP>CMPFOO.CTL.6
	Output to  => PS:<VICTOR.CLISP>CMPFOO.LOG



18:17:20 MONTR	 Aida, DEC-2060, ADB/UPMAIL Upsala, TOPS-20 Monitor 6.1(7030)-2
18:17:20 MONTR	 Job 8 on TTY145 24-Sep-86 18:17:19
18:17:21 USER	 163 logical names defined.
18:17:24 MONTR	 End of BATCH.CMD.21
18:17:24 MONTR	 End of COMAND.CMD.26
18:17:24 MONTR	@
18:17:24 MONTR	[PS Mounted]
18:17:24 MONTR	
18:17:24 MONTR	[CONNECTED TO PS:<VICTOR.CLISP>]
18:17:25 MONTR	@new1
18:17:27 USER	
18:17:27 USER	% Can't trap ^C - Use (EXIT) to reset terminal modes
18:17:28 USER	New Common Lisp, Version of 24-Sep-1986
18:17:38 USER	CL>*(setq *load-verbose* t)
18:17:40 USER	
18:17:40 USER	T
18:17:40 USER	CL>*(load "lclc.clisp")
18:17:40 USER	
18:17:40 USER	;Loading AIDA::PS:<VICTOR.CLISP>LCLC.CLISP.1 into package COMPILER.
18:17:54 USER	;Loading AIDA::PS:<VICTOR.CLISP>LAP.CLISP.24 into package COMPILER.
18:18:01 USER	;Loading AIDA::PS:<VICTOR.CLISP>LAP.LAP.1 into package COMPILER.
18:18:29 USER	;Loading AIDA::PS:<VICTOR.CLISP>CLC.LAP.4 into package COMPILER.
18:21:08 USER	;Loading AIDA::PS:<VICTOR.CLISP>TRANS.LAP.2 into package COMPILER.
18:22:34 USER	;Loading AIDA::PS:<VICTOR.CLISP>OPTIMIZER.LAP.4 into package COMPILER.
18:22:51 USER	T
18:22:51 USER	CL>*(load "clc.clisp")
18:22:52 USER	
18:22:52 USER	;Loading AIDA::PS:<VICTOR.CLISP>CLC.CLISP.93 into package COMPILER.
18:23:28 USER	T
18:23:28 USER	CL>*(load "clc.lap")
18:23:29 USER	
18:23:29 USER	;Loading AIDA::PS:<VICTOR.CLISP>CLC.LAP.4 into package COMPILER.
18:26:21 USER	T
18:26:21 USER	CL>*(in-package (quote lisp))
18:26:22 USER	
18:26:22 USER	#<The LISP package>
18:26:22 USER	CL>*(compile-file (quote error))
18:26:24 USER	
18:26:24 USER	Compiling "AIDA::PS:<VICTOR.CLISP>ERROR.CLISP.21".
18:26:45 USER	
18:26:45 USER	DUMP-STACK compiled.
18:26:47 USER	DUMP-STACK-1 compiled.
18:26:47 USER	GET-BREAK-LEVEL compiled.
18:27:43 USER	INTERNAL-BREAK-LOOP compiled.
18:27:59 USER	ERROR-ERROR compiled.
18:28:01 USER	INFINITE-ERROR-PROTECT compiled.
18:28:08 USER	SIGNAL* compiled.
18:28:12 USER	DO-FAILED-HANDLER compiled.
18:28:14 USER	ERROR-BODY compiled.
18:28:32 USER	GET-CALLER compiled.
18:28:35 USER	GET-ERROR compiled.
18:28:38 USER	ERROR* compiled.
18:28:41 USER	CERROR* compiled.
18:29:31 USER	SIGNAL-CERROR* compiled.
18:29:35 USER	CERROR-BODY compiled.
18:29:36 USER	WARN* compiled.
18:29:38 USER	BREAK* compiled.
18:29:39 USER	ERROR-INIT compiled.
18:29:40 USER	DONT-PROCEED compiled.
18:29:50 USER	ERROR-PRINT compiled.
18:29:51 USER	DEFAULT-CONDITION-HANDLER compiled.
18:29:52 USER	BREAK-CONDITION-HANDLER compiled.
18:29:53 USER	DEFAULT-UNDEFINED-FUNCTION-HANDLER compiled.
18:29:55 USER	DEFAULT-UNBOUND-VARIABLE-HANDLER compiled.
18:29:55 USER	
18:29:55 USER	Finished "AIDA::PS:<VICTOR.CLISP>ERROR.CLISP.21".
18:29:55 USER	Wall time 212568 ms; Run time 33425 ms.
18:29:57 USER	NIL
18:29:57 USER	CL>*(exit)
18:29:58 MONTR	
18:29:58 MONTR	@@submit clisp /time:10:00 /batch-log:supersede /output:nolog /unique:no /restart:yes
18:30:00 MONTR	[Batch job CLISP queued, request #500, limit 10:00:00]
18:30:00 MONTR	@@logout
18:30:03 MONTR	
18:30:03 MONTR	18:30:07 USER	Good night, VICTOR ... 
18:30:08 USER	MAN WHO ARRIVES AT PARTY TWO HOURS LATE WILL PROBABLY
18:30:08 USER	FIND HE HAS BEEN BEATEN TO THE PUNCH.
18:30:08 USER	
18:30:11 MONTR	Killed Job 8, User VICTOR, Account WIZARD, TTY 145,
18:30:11 MONTR	  at 24-Sep-86 18:30:11,  Used 0:02:59 in 0:12:53
