
			16-Sep-86 01:06:12

BATCON Version	5(6075)			GLXLIB Version	5(1256)

	    Job COMPAR Req #1587 for VICTOR in Stream 0

	OUTPUT:	 Nolog				TIME-LIMIT: 10:00:00
	UNIQUE:	 No				BATCH-LOG:  Supersede
	RESTART: Yes				ASSISTANCE: Yes
	ACCOUNT: WIZARD                         SEQUENCE:   2220

	Input from => PS:<VICTOR.CLISP.DEVELOPMENT>COMPARE.CTL.2
	Output to  => PS:<VICTOR.CLISP.DEVELOPMENT>COMPARE.LOG



01:06:31 MONTR	 Aida, DEC-2060, ADB/UPMAIL Upsala, TOPS-20 Monitor 6.1(7030)-2
01:06:31 MONTR	 Job 12 on TTY145 16-Sep-86 01:06:31
01:06:42 MONTR	 163 logical names defined.
01:06:43 MONTR	 End of BATCH.CMD.20
01:06:44 MONTR	 End of COMAND.CMD.26
01:06:44 MONTR	@
01:06:44 MONTR	[PS Mounted]
01:06:44 MONTR	
01:06:44 MONTR	[CONNECTED TO PS:<VICTOR.CLISP.DEVELOPMENT>]
01:06:44 MONTR	@define clm: ps:<victor.clisp>
01:06:45 MONTR	@@srccom
01:06:57 USER	SRCCOM 110
01:06:57 USER	#*ARITH.cmp= SS:<CLISP.UPSALA>ARITH.CLISP,clm:ARITH.CLISP
01:06:59 USER	
01:06:59 USER	
01:06:59 USER	#*ARRAY.cmp= SS:<CLISP.UPSALA>ARRAY.CLISP,clm:ARRAY.CLISP
01:07:02 USER	
01:07:02 USER	
01:07:02 USER	#*CBOOT.cmp= SS:<CLISP.UPSALA>CBOOT.CLISP,clm:CBOOT.CLISP
01:07:05 USER	
01:07:05 USER	
01:07:05 USER	#*CHAR.cmp= SS:<CLISP.UPSALA>CHAR.CLISP,clm:CHAR.CLISP
01:07:08 USER	
01:07:08 USER	
01:07:08 USER	#*CLC.cmp= SS:<CLISP.UPSALA>CLC.CLISP,clm:CLC.CLISP
01:07:19 USER	
01:07:19 USER	
01:07:19 USER	#*DESCRIBE.cmp= SS:<CLISP.UPSALA>DESCRIBE.CLISP,clm:DESCRIBE.CLISP
01:07:20 USER	PS:<VICTOR.CLISP>DESCRIBE.CLISP.0	
01:07:21 USER	File not found
01:07:21 USER	
01:07:21 USER	#*ERROR.cmp= SS:<CLISP.UPSALA>ERROR.CLISP,clm:ERROR.CLISP
01:07:27 USER	
01:07:27 USER	
01:07:27 USER	#*ERRORM.cmp= SS:<CLISP.UPSALA>ERRORM.CLISP,clm:ERRORM.CLISP
01:07:38 USER	
01:07:38 USER	
01:07:38 USER	#*FORMAT.cmp= SS:<CLISP.UPSALA>FORMAT.CLISP,clm:FORMAT.CLISP
01:07:45 USER	
01:07:45 USER	
01:07:45 USER	#*KERNEL.cmp= SS:<CLISP.UPSALA>KERNEL.CLISP,clm:KERNEL.CLISP
01:07:50 USER	
01:07:50 USER	
01:07:50 USER	#*LOAD.cmp= SS:<CLISP.UPSALA>LOAD.CLISP,clm:LOAD.CLISP
01:07:51 USER	
01:07:51 USER	
01:07:51 USER	#*MACROS.cmp= SS:<CLISP.UPSALA>MACROS.CLISP,clm:MACROS.CLISP
01:07:52 USER	
01:07:52 USER	
01:07:52 USER	
01:07:52 USER	#*MISC.cmp= SS:<CLISP.UPSALA>MISC.CLISP,clm:MISC.CLISP
01:07:52 USER	
01:07:52 USER	
01:07:52 USER	
01:07:52 USER	#*OPCODES.cmp= SS:<CLISP.UPSALA>OPCODES.CLISP,clm:OPCODES.CLISP
01:07:52 USER	
01:07:52 USER	
01:07:52 USER	
01:07:52 USER	#*PACKAGE.cmp= SS:<CLISP.UPSALA>PACKAGE.CLISP,clm:PACKAGE.CLISP
01:07:52 USER	
01:07:52 USER	
01:07:52 USER	
01:07:52 USER	#*PRED.cmp= SS:<CLISP.UPSALA>PRED.CLISP,clm:PRED.CLISP
01:07:52 USER	
01:07:52 USER	
01:07:52 USER	
01:07:52 USER	#*PRINT.cmp= SS:<CLISP.UPSALA>PRINT.CLISP,clm:PRINT.CLISP
01:07:52 USER	
01:07:52 USER	
01:07:52 USER	
01:07:52 USER	#*PROVIDE.cmp= SS:<CLISP.UPSALA>PROVIDE.CLISP,clm:PROVIDE.CLISP
01:07:53 USER	
01:07:53 USER	
01:07:53 USER	
01:07:53 USER	#*STEP.cmp= SS:<CLISP.UPSALA>STEP.CLISP,clm:STEP.CLISP
01:07:53 USER	
01:07:53 USER	
01:07:53 USER	
01:07:53 USER	#*^Z
01:07:53 USER	
01:07:53 MONTR	@
01:07:53 MONTR	@
01:07:58 MONTR	Killed by OPERATOR, TTY 141
01:07:58 MONTR	Killed Job 12, User VICTOR, Account WIZARD, TTY 145,
01:07:59 MONTR	  at 16-Sep-86 01:07:59,  Used 0:00:13 in 0:01:46
