
;;; CLC vP.U.V.1(2) compiling CARMEN::SS:<CLISP.UPSALA>DEFSTRUCT.CLISP.18

Compiling "CARMEN::SS:<CLISP.UPSALA>DEFSTRUCT.CLISP.18".

CONCAT-PNAMES compiled.
ELT-FORM compiled.
SETELT-FORM compiled.
PARSE-NAME-AND-OPTIONS compiled.
INCLUDE-STRUCTURE compiled.
SET-CORRESPONDING compiled.
ADD-TO-OPTIONS compiled.
INCLUDE-DOUBLE-SLOTS compiled.
PARSE-SLOT-INFO compiled.
MAKE-BARE-STRUCTURE compiled.
MAKE-INITIAL-OBJECT compiled.
BUILT-IN-COPIER compiled.
MAKE-CONSTRUCTOR compiled.
MAKE-BY-POSITION-CONSTRUCTOR compiled.
MAKE-COPIER compiled.
MAKE-ACCESSORS compiled.
MAKE-DECLARATIONS compiled.
MAKE-PRED compiled.
INCLUDE-CHASE compiled.
MAKE-DEFSETFS compiled.
DEFSTRUCT compiled.
CATALOG-STRUCTURE compiled.
MAKE-DEFSTRUCT-DESCRIPTION compiled.
DEFSTRUCT-DESCRIPTION-SLOT-KEYWORDS compiled.
DEFSTRUCT-DESCRIPTION-SLOT-TYPES compiled.
DEFSTRUCT-DESCRIPTION-SLOT-NUMBERS compiled.
DEFSTRUCT-DESCRIPTION-SLOT-OPTIONS compiled.
DEFSTRUCT-DESCRIPTION-SLOT-DEFAULTS compiled.
DEFSTRUCT-DESCRIPTION-SLOT-PURE-NAMES compiled.
DEFSTRUCT-DESCRIPTION-SLOT-NAMES compiled.
DEFSTRUCT-DESCRIPTION-CONSTRUCTOR compiled.
DEFSTRUCT-DESCRIPTION-CONC-NAME compiled.
DEFSTRUCT-DESCRIPTION-SIZE compiled.
DEFSTRUCT-DESCRIPTION-OPTIONS compiled.
DEFSTRUCT-DESCRIPTION-TYPE compiled.
DEFSTRUCT-DESCRIPTION-NAME compiled.
COPY-DEFSTRUCT-DESCRIPTION compiled.
CATALOG-STRUCTURE compiled.

Finished "CARMEN::SS:<CLISP.UPSALA>DEFSTRUCT.CLISP.18".
Wall time 508849 ms; Run time 44828 ms.