
;;; CLC vP.U.V.1(2) compiling CARMEN::SS:<CLISP.UPSALA>ERROR.CLISP.21

Compiling "CARMEN::SS:<CLISP.UPSALA>ERROR.CLISP.21".

DUMP-STACK compiled.
DUMP-STACK-1 compiled.
GET-BREAK-LEVEL compiled.
INTERNAL-BREAK-LOOP compiled.
ERROR-ERROR compiled.
INFINITE-ERROR-PROTECT compiled.
SIGNAL* compiled.
DO-FAILED-HANDLER compiled.
ERROR-BODY compiled.
GET-CALLER compiled.
GET-ERROR compiled.
ERROR* compiled.
CERROR* compiled.
SIGNAL-CERROR* compiled.
CERROR-BODY compiled.
WARN* compiled.
BREAK* compiled.
ERROR-INIT compiled.
DONT-PROCEED compiled.
ERROR-PRINT compiled.
DEFAULT-CONDITION-HANDLER compiled.
BREAK-CONDITION-HANDLER compiled.
DEFAULT-UNDEFINED-FUNCTION-HANDLER compiled.
DEFAULT-UNBOUND-VARIABLE-HANDLER compiled.

Finished "CARMEN::SS:<CLISP.UPSALA>ERROR.CLISP.21".
Wall time 783692 ms; Run time 73923 ms.