
;;; CLC vP.U.V.1(2) compiling CARMEN::SS:<CLISP.UPSALA>FILESYS.CLISP.9

Compiling "CARMEN::SS:<CLISP.UPSALA>FILESYS.CLISP.9".

%MAKE-PATHNAME compiled.
%PATHNAME-VERSION compiled.
%PATHNAME-TYPE compiled.
%PATHNAME-NAME compiled.
%PATHNAME-DIRECTORY compiled.
%PATHNAME-DEVICE compiled.
%PATHNAME-HOST compiled.
PATHNAMEP compiled.
%PRINT-PATHNAME compiled.
MAKE-PATHNAME compiled.
PATHNAME-HOST compiled.
PATHNAME-DEVICE compiled.
PATHNAME-DIRECTORY compiled.
PATHNAME-NAME compiled.
PATHNAME-TYPE compiled.
PATHNAME-VERSION compiled.
PARSE-NAMESTRING compiled.
PATHNAME compiled.
MERGE-PATHNAMES compiled.
FILE-NAMESTRING compiled.
DIRECTORY-NAMESTRING compiled.
HOST-NAMESTRING compiled.
ENOUGH-NAMESTRING compiled.
PATH-EQUAL compiled.
VERSION-EQUAL compiled.
SET-TERMINAL-MODES compiled.
OPEN compiled.
CLOSE compiled.

Finished "CARMEN::SS:<CLISP.UPSALA>FILESYS.CLISP.9".
Wall time 22440 ms; Run time 14053 ms.