
;;; CLC vP.U.V.1(2) compiling CARMEN::SS:<CLISP.UPSALA>FORMAT.CLISP.31

Compiling "CARMEN::SS:<CLISP.UPSALA>FORMAT.CLISP.31".

FORMAT-ERROR compiled.
FORMAT-WITH-CONTROL-STRING compiled.
FORMAT-STRINGIFY-OUTPUT compiled.
POP-FORMAT-ARG compiled.
WITH-FORMAT-PARAMETERS compiled.
NEXTCHAR compiled.
FORMAT-PEEK compiled.
FORMAT-FIND-CHAR compiled.
FORMAT-GET-PARAMETER compiled.
PARSE-FORMAT-OPERATION compiled.
FORMAT-FIND-COMMAND compiled.
FORMAT compiled.
SUB-FORMAT compiled.
FORMAT-CAPITALIZATION compiled.
FORMAT-ESCAPE compiled.
FORMAT-UNTAGGED-CONDITION compiled.
FORMAT-FUNNY-CONDITION compiled.
FORMAT-BOOLEAN-CONDITION compiled.
FORMAT-CONDITION compiled.
FORMAT-ITERATION compiled.
FORMAT-DO-ITERATION compiled.
FORMAT-GET-TRAILING-SEGMENTS compiled.
FORMAT-GET-SEGMENTS compiled.
MAKE-PAD-SEGS compiled.
FORMAT-ROUND-COLUMNS compiled.
FORMAT-JUSTIFICATION compiled.
FORMAT-TERPRI compiled.
FORMAT-FRESHLINE compiled.
FORMAT-PAGE compiled.
FORMAT-TILDE compiled.
FORMAT-EAT-WHITESPACE compiled.
WHITESPACE-CHAR-P compiled.
FORMAT-NEWLINE compiled.
FORMAT-PLURAL compiled.
FORMAT-SKIP-ARGUMENTS compiled.
FORMAT-INDIRECTION compiled.
FORMAT-TAB compiled.
FORMAT-PRINC compiled.
FORMAT-PRIN1 compiled.
FORMAT-PRINT-CHARACTER compiled.
FORMAT-PRINT-NAMED-CHARACTER compiled.
FORMAT-ADD-COMMAS compiled.
FORMAT-WRITE-FIELD compiled.
FORMAT-PRINT-NUMBER compiled.
FORMAT-PRINT-SMALL-CARDINAL compiled.
FORMAT-PRINT-CARDINAL compiled.
FORMAT-PRINT-CARDINAL-AUX compiled.
FORMAT-PRINT-ORDINAL compiled.
FORMAT-PRINT-OLD-ROMAN compiled.
FORMAT-PRINT-ROMAN compiled.
FORMAT-PRINT-DECIMAL compiled.
FORMAT-PRINT-BINARY compiled.
FORMAT-PRINT-OCTAL compiled.
FORMAT-PRINT-HEXADECIMAL compiled.
FORMAT-PRINT-RADIX compiled.
FORMAT-FIXED compiled.
FORMAT-FIXED-AUX compiled.
FORMAT-EXPONENTIAL compiled.
FORMAT-EXPONENT-MARKER compiled.
FORMAT-EXP-AUX compiled.
FORMAT-GENERAL-FLOAT compiled.
FORMAT-GENERAL-AUX compiled.
FORMAT-DOLLARS compiled.
MAKE-DISPATCH-VECTOR compiled.
FORMAT-INIT compiled.

Finished "CARMEN::SS:<CLISP.UPSALA>FORMAT.CLISP.31".
Wall time 1193593 ms; Run time 144400 ms.