
;;; CLC vP.U.V.1(2) compiling CARMEN::SS:<CLISP.UPSALA>LAP.CLISP.25

Compiling "CARMEN::SS:<CLISP.UPSALA>LAP.CLISP.25".

|#_-reader| compiled.
CFUNC compiled.
LAPVAL compiled.
DENTRY compiled.
DIEP compiled.
CIEP compiled.
LAP compiled.
LAP1 compiled.
CREATE-LABELS compiled.
CODEREL compiled.
CONDEP compiled.
RH compiled.
CPASS-1 compiled.
CODE-START-CP1 compiled.
CALL-CP1 compiled.
FCALL-CP1 compiled.
ICALL-CP1 compiled.
LABEL-CP1 compiled.
Warning in SPEC-BIND-CP1: 
  VAR bound but not referenced in SPEC-BIND-CP1.
SPEC-BIND-CP1 compiled.
UNBIND-CP1 compiled.
CONTINUE-CP1 compiled.
ADJUST-VALUES-CP1 compiled.
CPASS-2 compiled.
STDINST compiled.
CODE-START-CP2 compiled.
SPEC-BIND-CP2 compiled.
UNBIND-CP2 compiled.
JRST-CP2 compiled.
JRST1-CP2 compiled.
JUMPE-CP2 compiled.
JUMPN-CP2 compiled.
JUMPE1-CP2 compiled.
JUMPN1-CP2 compiled.
ICALL-CP2 compiled.
CALL-CP2 compiled.
FCALL-CP2 compiled.
LABEL-CP2 compiled.
CONTINUE-CP2 compiled.
ADJUST-VALUES-CP2 compiled.

Finished "CARMEN::SS:<CLISP.UPSALA>LAP.CLISP.25".
Wall time 1000748 ms; Run time 630854 ms.
0 Errors, 1 Warnings.