
;;; CLC vP.U.V.1(2) compiling CARMEN::SS:<CLISP.UPSALA>LIST.CLISP.18

Compiling "CARMEN::SS:<CLISP.UPSALA>LIST.CLISP.18".

CAAR compiled.
CADR compiled.
CDAR compiled.
CDDR compiled.
CAAAR compiled.
CAADR compiled.
CADAR compiled.
CADDR compiled.
CDAAR compiled.
CDADR compiled.
CDDAR compiled.
CDDDR compiled.
CAAAAR compiled.
CAAADR compiled.
CAADAR compiled.
CAADDR compiled.
CADAAR compiled.
CADADR compiled.
CADDAR compiled.
CADDDR compiled.
CDAAAR compiled.
CDAADR compiled.
CDADAR compiled.
CDADDR compiled.
CDDAAR compiled.
CDDADR compiled.
CDDDAR compiled.
CDDDDR compiled.
TREE-EQUAL compiled.
TREE-EQUAL-TEST-NOT compiled.
TREE-EQUAL-TEST compiled.
ENDP compiled.
LIST-LENGTH compiled.
NTH compiled.
FIRST compiled.
SECOND compiled.
THIRD compiled.
FOURTH compiled.
FIFTH compiled.
SIXTH compiled.
SEVENTH compiled.
EIGHTH compiled.
NINTH compiled.
TENTH compiled.
REST compiled.
NTHCDR compiled.
LAST compiled.
LIST compiled.
LIST* compiled.
MAKE-LIST compiled.
APPEND compiled.
COPY-LIST compiled.
COPY-ALIST compiled.
COPY-TREE compiled.
REVAPPEND compiled.
NCONC compiled.
NRECONC compiled.
BUTLAST compiled.
NBUTLAST compiled.
LDIFF compiled.
%RPLACA compiled.
%RPLACD compiled.
%SETNTH compiled.
WITH-SET-KEYS compiled.
ELEMENTS-MATCH-P compiled.
SATISFIES-THE-TEST compiled.
SUBST compiled.
SUBST* compiled.
SUBST-IF compiled.
SUBST-IF* compiled.
SUBST-IF-NOT compiled.
SUBST-IF-NOT* compiled.
NSUBST compiled.
NSUBST* compiled.
NSUBST-IF compiled.
NSUBST-IF* compiled.
NSUBST-IF-NOT compiled.
NSUBST-IF-NOT* compiled.
SUBLIS compiled.
SUBLIS* compiled.
NSUBLIS compiled.
NSUBLIS* compiled.
MEMBER compiled.
MEMBER-IF compiled.
MEMBER-IF-NOT compiled.
TAILP compiled.
ADJOIN compiled.
UNION compiled.
STEVE-SPLICE compiled.
NUNION compiled.
INTERSECTION compiled.
NINTERSECTION compiled.
SET-DIFFERENCE compiled.
NSET-DIFFERENCE compiled.
SET-EXCLUSIVE-OR compiled.
NSET-EXCLUSIVE-OR compiled.
SUBSETP compiled.
ACONS compiled.
PAIRLIS compiled.
ASSOC compiled.
ASSOC-IF compiled.
ASSOC-IF-NOT compiled.
RASSOC compiled.
RASSOC-IF compiled.
RASSOC-IF-NOT compiled.
MAP1 compiled.
MAPC compiled.
MAPCAR compiled.
MAPCAN compiled.
MAPL compiled.
MAPLIST compiled.
MAPCON compiled.
MEMQ compiled.
DELQ compiled.

Finished "CARMEN::SS:<CLISP.UPSALA>LIST.CLISP.18".
Wall time 999344 ms; Run time 114787 ms.