
;;; CLC vP.U.V.1(2) compiling CARMEN::SS:<CLISP.UPSALA>MACROS.CLISP.29

Compiling "CARMEN::SS:<CLISP.UPSALA>MACROS.CLISP.29".

DEFVAR compiled.
DEFPARAMETER compiled.
DEFCONSTANT compiled.
WHEN compiled.
UNLESS compiled.
DO* compiled.
DOTIMES compiled.
DOLIST compiled.
GET-SETF-METHOD compiled.
COMPILER-MACROEXPAND-1 compiled.
COMPILER-MACROEXPAND compiled.
GET-SETF-METHOD-MULTIPLE-VALUE compiled.
DEFINE-SETF-METHOD compiled.
DEFSETTER compiled.
DEFSETF compiled.
SETF compiled.
PSETF compiled.
SHIFTF compiled.
ROTATEF compiled.
DEFINE-MODIFY-MACRO compiled.
PUSH compiled.
PUSHNEW compiled.
POP compiled.
INCF compiled.
DECF compiled.
PUTF compiled.
%SP-PUTF compiled.
REMF compiled.
PENULT compiled.
CASE-BODY compiled.
CASE compiled.
CCASE compiled.
ECASE compiled.
TYPECASE compiled.
CTYPECASE compiled.
ETYPECASE compiled.
WITH-OPEN-FILE compiled.
WITH-OPEN-STREAM compiled.
WITH-INPUT-FROM-STRING compiled.
WITH-OUTPUT-TO-STRING compiled.
LOCALLY compiled.
LOOP compiled.

Finished "CARMEN::SS:<CLISP.UPSALA>MACROS.CLISP.29".
Wall time 1328963 ms; Run time 96967 ms.