
			17-Nov-87 15:20:43

BATCON Version	5(6075)			GLXLIB Version	5(1266)

	    Job MAKE Req #762 for OPERATOR in Stream 4

	OUTPUT:	 Nolog				TIME-LIMIT: 1:00:00
	UNIQUE:	 No				BATCH-LOG:  Supersede
	RESTART: No				ASSISTANCE: Yes
	ACCOUNT: OPERATOR                       SEQUENCE:   1086

	Input from => SS:<CLISP.UPSALA>MAKE.CTL.4
	Output to  => SS:<CLISP.UPSALA>MAKE.LOG



15:20:52 MONTR	 Carmen, DEC-2060 at ICU, Uppsala University, TOPS-20 Monitor 6.1(7030)-2
15:20:52 MONTR	 Job 29 on TTY61 17-Nov-87 15:20:52
15:20:54 MONTR	 $
15:20:54 MONTR	[SS Mounted]
15:20:54 MONTR	
15:20:54 MONTR	[CONNECTED TO SS:<CLISP.UPSALA>]
15:20:54 BLABL	MIDAS::
15:20:54 MONTR	@clisp:midas boot
15:21:00 USER	KERNEL for Common Lisp
15:24:52 USER	KERNEL for Common Lisp
15:26:57 USER	Constants area inclusive
15:26:57 USER	From	To
15:26:57 USER	376	472
15:26:57 USER	42132	54063
15:26:57 USER	57127	57770
15:26:57 USER	72606	72611
15:27:00 USER	Run time = 2:50.55
15:27:00 USER	8539 Symbols including initial ones (53% used)
15:27:02 MONTR	 $
15:27:02 BLABL	COMPIL::
15:27:02 MONTR	@clisp:clisp
15:27:08 USER	
15:27:08 USER	% Can't trap ^C - Use (EXIT) to reset terminal modes
15:27:18 USER	
15:27:18 USER	Uppsala Common Lisp, Version of 13-May-1987, (c) 1985, C. Hedrick
15:27:24 USER	Please mail bugs and suggestions to BUG-CLISP@CARMEN
15:27:38 USER	CL>*(in-package "LISP")
15:27:47 USER	
15:27:50 USER	#<The LISP package>
15:27:50 USER	CL>*(compile-file "array")
15:27:57 USER	
15:27:57 USER	Compiling "CARMEN::SS:<CLISP.UPSALA>ARRAY.CLISP.19".
15:29:16 USER	
15:29:16 USER	MAKE-ARRAY compiled.
15:29:29 USER	U-DATA-VEC compiled.
15:29:59 USER	B-DATA-VEC compiled.
15:30:06 USER	COPY-INITIAL-CONTENTS compiled.
15:30:06 USER	COPY-CONTENTS-AUX compiled.
15:31:07 USER	%SP-AREF compiled.
15:31:11 USER	%SP-ASET compiled.
15:31:11 USER	ARRAY-ELEMENT-TYPE compiled.
15:31:47 USER	ARRAY-RANK compiled.
15:31:51 USER	ARRAY-DIMENSION compiled.
15:31:52 USER	ARRAY-DIMENSIONS compiled.
15:31:53 USER	ARRAY-TOTAL-SIZE compiled.
15:31:57 USER	ARRAY-IN-BOUNDS-P compiled.
15:32:50 USER	ARRAY-ROW-MAJOR-INDEX compiled.
15:32:50 USER	ADJUSTABLE-ARRAY-P compiled.
15:32:50 USER	ARRAY-HAS-FILL-POINTER-P compiled.
15:32:50 USER	FILL-POINTER compiled.
15:32:54 USER	%SET-FILL-POINTER compiled.
15:33:00 USER	VECTOR-PUSH compiled.
15:33:36 USER	VECTOR-PUSH-EXTEND compiled.
15:33:36 USER	VECTOR-POP compiled.
15:33:36 USER	SHRINK-VECTOR compiled.
15:34:31 USER	ADJUST-ARRAY compiled.
15:35:22 USER	ZAP-ARRAY-DATA compiled.
15:35:34 USER	BIT-ARRAY-SAME-DIMENSIONS-P compiled.
15:35:34 USER	BIT-BASH compiled.
15:36:11 USER	BIT-ARRAY-BOOLE compiled.
15:36:15 USER	BIT-AND compiled.
15:36:16 USER	BIT-IOR compiled.
15:36:16 USER	BIT-XOR compiled.
15:36:17 USER	BIT-EQV compiled.
15:37:12 USER	BIT-NAND compiled.
15:37:18 USER	BIT-NOR compiled.
15:37:19 USER	BIT-ANDC1 compiled.
15:37:20 USER	BIT-ANDC2 compiled.
15:37:21 USER	BIT-ORC1 compiled.
15:37:22 USER	BIT-ORC2 compiled.
15:37:22 USER	BIT-NOT compiled.
15:37:22 USER	
15:37:22 USER	Finished "CARMEN::SS:<CLISP.UPSALA>ARRAY.CLISP.19".
15:37:22 USER	Wall time 571420 ms; Run time 51798 ms.
15:37:26 USER	NIL
15:37:26 USER	CL>*(exit)
15:37:31 MONTR	
15:37:31 MONTR	 $@
15:37:33 MONTR	 $
		;@define dsk: dsk:, clisp:
15:37:33 BLABL	LINK::
15:37:33 MONTR	@link
15:37:45 USER	**boot
15:37:52 USER	**sys:forlib/seg:low/s
15:38:01 USER	**/g
15:38:04 MONTR	
15:38:04 MONTR	 $
15:38:04 BLABL	START::
15:38:04 MONTR	@start
15:38:07 USER	
15:38:07 USER	% Can't trap ^C - Use (EXIT) to reset terminal modes
15:38:09 USER	 "backq.clisp"
15:38:12 USER	 "defmacro.clisp"
15:38:13 USER	 "macromemo.clisp"
15:38:33 USER	 "macros.clisp"
15:38:38 USER	 "list.clisp"
15:38:43 USER	 "dec20init.clisp"
15:38:49 USER	 "char.clisp"
15:38:59 USER	 "array.clisp"
15:38:59 USER	 "keyword.clisp"
15:39:52 USER	 "string.clisp"
15:39:54 USER	 "pred.clisp"
15:40:09 USER	 "subtypep.clisp"
15:40:22 USER	 "defstruct.clisp"
15:40:25 USER	 "eval.clisp"
15:41:21 USER	 "seq.clisp"
15:41:24 USER	 "arith.clisp"
15:41:24 USER	 "symbol.clisp"
15:41:32 USER	 "reader.clisp"
15:41:32 USER	 "query.clisp"
15:41:35 USER	 "rand.clisp"
15:41:39 USER	 "print.clisp"
15:41:42 USER	 "sort.clisp"
15:41:50 USER	 "format.clisp"
15:41:54 USER	 "hash.clisp"
15:41:56 USER	 "filesys.clisp"
15:41:57 USER	 "load.clisp"
15:41:58 USER	;Loading CARMEN::SS:<CLISP.UPSALA>MISC.CLISP.37 into package #<Some package>.
15:42:02 USER	;Loading CARMEN::SS:<CLISP.UPSALA>PPRINT.CLISP.8 into package #<Some package>.
15:42:08 USER	;Loading CARMEN::SS:<CLISP.UPSALA>STREAM.CLISP.5 into package #<Some package>.
15:42:09 USER	;Loading CARMEN::SS:<CLISP.UPSALA>SHARPM.CLISP.10 into package #<Some package>.
15:42:29 USER	;Loading CARMEN::SS:<CLISP.UPSALA>SPIRRAT.CLISP.12 into package #<Some package>.
15:42:31 USER	;Loading CARMEN::SS:<CLISP.UPSALA>TRACE.CLISP.23 into package #<Some package>.
15:42:35 USER	;Loading CARMEN::SS:<CLISP.UPSALA>STEP.CLISP.26 into package #<Some package>.
15:42:52 USER	;Loading CARMEN::SS:<CLISP.UPSALA>PACKAGE.CLISP.37 into package #<Some package>.
15:43:17 USER	;Loading CARMEN::SS:<CLISP.UPSALA>ERRORM.CLISP.7 into package LISP.
15:43:26 USER	;Loading CARMEN::SS:<CLISP.UPSALA>ERROR.CLISP.21 into package LISP.
15:43:37 USER	;Loading CARMEN::SS:<CLISP.UPSALA>PROVIDE.CLISP.14 into package LISP.
15:43:40 USER	;Loading CARMEN::SS:<CLISP.UPSALA>KERNEL.CLISP.53 into package LISP.
15:44:04 USER	CL>*(setq *load-verbose* t)
15:44:05 USER	
15:44:05 USER	T
15:44:05 USER	CL>*(load "cboot.clisp")
15:44:11 USER	
15:44:11 USER	;Loading CARMEN::SS:<CLISP.UPSALA>CBOOT.CLISP.10 into package USER.
15:44:11 USER	;Loading CARMEN::SS:<CLISP.UPSALA>LCLC.CLISP.1 into package COMPILER.
15:44:15 USER	;Loading CARMEN::SS:<CLISP.UPSALA>LAP.CLISP.25 into package COMPILER.
15:44:36 USER	;Loading CARMEN::SS:<CLISP.UPSALA>LAP.LAP.5 into package COMPILER.
15:45:30 USER	;Loading CARMEN::SS:<CLISP.UPSALA>CLC.LAP.10 into package COMPILER.
15:49:23 USER	;Loading CARMEN::SS:<CLISP.UPSALA>TRANS.LAP.4 into package COMPILER.
15:50:56 USER	;Loading CARMEN::SS:<CLISP.UPSALA>OPTIMIZER.LAP.5 into package COMPILER.
15:51:07 USER	;Loading CARMEN::SS:<CLISP.UPSALA>MACROMEMO.LAP.11 into package LISP.
15:51:11 USER	;Loading CARMEN::SS:<CLISP.UPSALA>BACKQ.LAP.15 into package LISP.
15:51:19 USER	;Loading CARMEN::SS:<CLISP.UPSALA>DEFMACRO.LAP.12 into package LISP.
15:51:46 USER	;Loading CARMEN::SS:<CLISP.UPSALA>MACROS.LAP.10 into package LISP.
15:55:13 USER	;Loading CARMEN::SS:<CLISP.UPSALA>LIST.LAP.10 into package LISP.
15:56:36 USER	;Loading CARMEN::SS:<CLISP.UPSALA>DEC20INIT.LAP.11 into package LISP.
15:56:42 USER	;Loading CARMEN::SS:<CLISP.UPSALA>CHAR.LAP.14 into package LISP.
15:57:04 USER	;Loading CARMEN::SS:<CLISP.UPSALA>ARRAY.LAP.18 into package LISP.
15:57:28 USER	;Loading CARMEN::SS:<CLISP.UPSALA>KEYWORD.LAP.10 into package LISP.
15:57:31 USER	;Loading CARMEN::SS:<CLISP.UPSALA>STRING.LAP.8 into package LISP.
15:57:57 USER	;Loading CARMEN::SS:<CLISP.UPSALA>PRED.LAP.8 into package LISP.
15:58:02 USER	
15:58:02 USER	Error in function NIL.
15:58:02 USER	Constant TYPE-PRED-ALIST being redefined.
15:58:02 USER	If continued: Go ahead and change the value.
15:58:04 USER	1> *(load "upsala.clisp")
15:58:05 USER	
15:58:05 USER	;Loading CARMEN::SS:<CLISP.UPSALA>UPSALA.CLISP.3 into package USER.
15:58:06 USER	;Loading CARMEN::SS:<CLISP.UPSALA>FEATURE.CLISP.1 into package LISP.
15:58:08 USER	;Loading CARMEN::SS:<CLISP.UPSALA>REBOOT.CLISP.3 into package LISP.
15:58:09 USER	;Loading CARMEN::SS:<CLISP.UPSALA>EMACS.CLISP.6 into package EMACS.
15:59:40 USER	;Loading CARMEN::SS:<CLISP.UPSALA>FIXPEL.LAP.1 into package LISP.
16:00:12 USER	;Loading CARMEN::SS:<CLISP.UPSALA>CADDR.CLISP.2 into package LISP.
16:00:14 USER	T
16:00:14 USER	1> *(make-feature :upsala)
16:00:15 USER	
16:00:15 USER	(:UPSALA :EMACS :COMMON :DECSYSTEM-20 :TOPS-20)
16:00:15 USER	1> *(lisp::remove-arg-docs)
16:00:17 USER	
16:00:17 USER	NIL
16:00:17 USER	1> *(lisp::purify)
16:00:51 MONTR	Bad pointer detected by GC.  Pointer = #o100015221633
16:00:51 MONTR	Type CONTINUE to proceed.
16:00:51 MONTR	 $
		*(lisp::gc)
		;*(push :experimental *features*)
16:00:51 BLABL	SAVE::
		*(reboot "new.exe" "Uppsala")
16:00:51 MONTR	@vdir new.exe,
16:00:59 MONTR	
16:00:59 MONTR	 $$@check seq
16:00:59 MONTR	
16:00:59 MONTR	 $$@
16:01:00 MONTR	
16:01:00 MONTR	   SS:<CLISP.UPSALA>
16:01:29 MONTR	 NEW.EXE.1;P775252        799 409088(36) 13-May-87 18:20:09 VICTOR    615440  
16:01:29 MONTR	 $@
16:01:29 MONTR	 $@original logout
16:01:35 MONTR	Killed Job 29, User OPERATOR, Account OPERATOR, TTY 61,
16:01:35 MONTR	  at 17-Nov-87 16:01:35,  Used 0:12:02 in 0:40:49
