
;;; CLC vP.U.V.1(2) compiling CARMEN::SS:<CLISP.UPSALA>MISC.CLISP.37

Compiling "CARMEN::SS:<CLISP.UPSALA>MISC.CLISP.37".

DOCUMENTATION compiled.
%SET-DOCUMENTATION compiled.
FEATUREP compiled.
DESC-DOC compiled.
DESC-ARGLIST compiled.
DESCRIBE compiled.
INSPECT compiled.
REMOVE-ARG-DOCS compiled.
ENCODE-UNIVERSAL-TIME compiled.
SLEEP compiled.
LISP-IMPLEMENTATION-TYPE compiled.
LISP-IMPLEMENTATION-VERSION compiled.
MACHINE-TYPE compiled.
MACHINE-VERSION compiled.
MACHINE-INSTANCE compiled.
SOFTWARE-TYPE compiled.
SOFTWARE-VERSION compiled.
SHORT-SITE-NAME compiled.
LONG-SITE-NAME compiled.
EDIT compiled.
ED compiled.
KILL-EDITOR compiled.
DRIBBLE compiled.
TIME compiled.
DISASSEMBLE compiled.

Finished "CARMEN::SS:<CLISP.UPSALA>MISC.CLISP.37".
Wall time 171321 ms; Run time 26720 ms.