
;;; CLC vP.U.V.1(2) compiling CARMEN::SS:<CLISP.UPSALA>PACKAGE.CLISP.37

Compiling "CARMEN::SS:<CLISP.UPSALA>PACKAGE.CLISP.37".

%SP-GET-PACKAGE compiled.
%SP-SET-PACKAGE compiled.
PRINT-PACKAGE compiled.
INTERNAL-MAKE-PACKAGE compiled.
PACKAGE-SHADOWING-SYMBOLS compiled.
PACKAGE-EXTERNAL-SYMBOLS compiled.
PACKAGE-INTERNAL-SYMBOLS compiled.
PACKAGE-USED-BY-LIST compiled.
PACKAGE-USE-LIST compiled.
PACKAGE-NICKNAMES compiled.
PACKAGE-NAME compiled.
PACKAGEP compiled.
PARSE-PACKAGE compiled.
HANDLE-PACKAGE-NAME-CONFLICTS compiled.
CHECK-NAME compiled.
HANDLE-REVEALED-NAME-CONFLICT compiled.
MAKE-PACKAGE compiled.
IN-PACKAGE compiled.
FIND-PACKAGE compiled.
RENAME-PACKAGE compiled.
LIST-ALL-PACKAGES compiled.
UNINTERN compiled.
EXPORT compiled.
UNEXPORT compiled.
IMPORT compiled.
SHADOWING-IMPORT compiled.
SHADOW compiled.
USE-PACKAGE compiled.
UNUSE-PACKAGE compiled.
FIND-ALL-SYMBOLS compiled.
PACKAGE-INIT compiled.
GCTWA compiled.
MAKE-DO-SYMBOLS-CODE compiled.
DO-SYMBOLS compiled.
OKSYMBOL compiled.
DO-EXTERNAL-SYMBOLS compiled.
DO-ALL-SYMBOLS compiled.
DO-MOST-SYMBOLS compiled.
BRIEFLY-DESCRIBE-SYMBOL compiled.
APROPOS compiled.
APROPOS-LIST compiled.
STR-SEARCH compiled.

Finished "CARMEN::SS:<CLISP.UPSALA>PACKAGE.CLISP.37".
Wall time 1259757 ms; Run time 132306 ms.