
;;; CLC vP.U.V.1(2) compiling CARMEN::SS:<CLISP.UPSALA>PPRINT.CLISP.8

Compiling "CARMEN::SS:<CLISP.UPSALA>PPRINT.CLISP.8".

LINE-LENGTH compiled.
STRING-OUTPUT-STREAM-INDEX compiled.
STRING-OUTPUT-STREAM-STRING compiled.
SLOW-CRUFTY-MAKE-PP-OBJ compiled.
PP-OBJ-LABEL-REF compiled.
PP-OBJ-CALLISH compiled.
PP-OBJ-OBJECT compiled.
PP-OBJ-LENGTH compiled.
PP-OBJ-TYPE compiled.
COPY-PP-OBJ compiled.
MAKE-PP-OBJ compiled.
PPRINT-INIT compiled.
END-CONS compiled.
INDENTATION compiled.
TAB-OVER compiled.
CIRCULAR-TABLE-ENTRY compiled.
MARKED-P compiled.
DUPLICATE-P compiled.
SET-DUPLICATE compiled.
MARK-FIRST-TIME compiled.
DUPLICATE-ALREADY-PRINTED-P compiled.
MARK-OBJ-IN-TABLE compiled.
MARK-ARRAY compiled.
MARK-ARRAY-GUTS compiled.
MARK-IF-REFERENT-AND-RETURN-LABEL compiled.
PP-OBJIFY compiled.
PP-OBJIFY-ATOM compiled.
PP-OBJIFY-STRUCTURE compiled.
PP-OBJIFY-VECTOR compiled.
PP-OBJIFY-ARRAY compiled.
PRETTY-ARRAY-GUTS compiled.
PP-OBJIFY-LIST compiled.
BASICALLY-GRIND compiled.
BREAK-ALWAYS-GRIND compiled.
BREAK-SOMETIMES-GRIND compiled.
SPECIALLY-GRIND compiled.
SPECIAL-ARG-GRIND compiled.
TOP-LINE-GRIND compiled.
HAIRILY-GRIND compiled.
MASTER-GRIND compiled.
OUTPUT-PRETTY-OBJECT compiled.
PPRIN1 compiled.
PPRINC compiled.
PPRINT compiled.
PRETTY-LAMBDA-TO-DEFUN compiled.
GRINDEF compiled.
DEFPRINT compiled.

Finished "CARMEN::SS:<CLISP.UPSALA>PPRINT.CLISP.8".
Wall time 492117 ms; Run time 72360 ms.