
;;; CLC vP.U.V.1(2) compiling CARMEN::SS:<CLISP.UPSALA>PRINT.CLISP.14

Compiling "CARMEN::SS:<CLISP.UPSALA>PRINT.CLISP.14".

DOSTRING compiled.
WRITE compiled.
PRIN1 compiled.
PRINC compiled.
PRINT compiled.
WRITE-TO-STRING compiled.
WRITE-STRING compiled.
WRITE-LINE compiled.
OUTPUT-VECTOR compiled.
OUTPUT-ARRAY compiled.
OUTPUT-ARRAY-GUTS compiled.
SUB-OUTPUT-ARRAY-GUTS compiled.
ACCESS-STRUCTURE-NAME compiled.
OUTPUT-STRUCTURE compiled.
FLONUM-TO-STRING compiled.
FLOAT-STRING compiled.
SCALE-EXPONENT compiled.
SCALE-EXPT-AUX compiled.

Finished "CARMEN::SS:<CLISP.UPSALA>PRINT.CLISP.14".
Wall time 40260 ms; Run time 23619 ms.