
;;; CLC vP.U.V.1(2) compiling CARMEN::SS:<CLISP.UPSALA>READER.CLISP.12

Compiling "CARMEN::SS:<CLISP.UPSALA>READER.CLISP.12".

READER-FAST-INT-CHAR compiled.
MAKE-READTABLE compiled.
DISPATCH-TABLES compiled.
CHARACTER-MACRO-TABLE compiled.
CHARACTER-ATTRIBUTE-TABLE compiled.
READTABLEP compiled.
GET-CAT-ENTRY compiled.
SET-CAT-ENTRY compiled.
GET-CMT-ENTRY compiled.
SET-CMT-ENTRY compiled.
MAKE-CHARACTER-ATTRIBUTE-TABLE compiled.
MAKE-CHARACTER-MACRO-TABLE compiled.
UNDEFINED-MACRO-CHAR compiled.
TEST-ATTRIBUTE compiled.
WHITESPACEP compiled.
CONSTITUENTP compiled.
TERMINATING-MACROP compiled.
NON-TERMINATING-MACROP compiled.
ESCAPEP compiled.
MULTIPLE-ESCAPE-P compiled.
TOKEN-DELIMITERP compiled.
SET-SECONDARY-ATTRIBUTE compiled.
GET-SECONDARY-ATTRIBUTE compiled.
COPY-READTABLE compiled.
SET-SYNTAX-FROM-CHAR compiled.
SET-MACRO-CHARACTER compiled.
GET-MACRO-CHARACTER compiled.
EOFP compiled.
MAKE-CHAR-DISPATCH-TABLE compiled.
DISPATCH-CHAR-ERROR compiled.
MAKE-DISPATCH-MACRO-CHARACTER compiled.
SET-DISPATCH-MACRO-CHARACTER compiled.
GET-DISPATCH-MACRO-CHARACTER compiled.
READ-DISPATCH-CHAR compiled.
READ-FROM-STRING compiled.
PARSE-INTEGER compiled.

Finished "CARMEN::SS:<CLISP.UPSALA>READER.CLISP.12".
Wall time 244328 ms; Run time 32783 ms.