
;;; CLC vP.U.V.1(2) compiling CARMEN::SS:<CLISP.UPSALA>SEQ.CLISP.17

Compiling "CARMEN::SS:<CLISP.UPSALA>SEQ.CLISP.17".

TYPE-SPECIFIER compiled.
MAKE-SEQUENCE-OF-TYPE compiled.
ELT compiled.
%SETELT compiled.
LENGTH compiled.
LIST-LENGTH* compiled.
MAKE-SEQUENCE compiled.
VECTOR-SUBSEQ* compiled.
LIST-SUBSEQ* compiled.
SUBSEQ compiled.
COPY-SEQ compiled.
LIST-COPY-SEQ* compiled.
VECTOR-COPY-SEQ* compiled.
LIST-FILL* compiled.
VECTOR-FILL* compiled.
FILL compiled.
LIST-REPLACE-FROM-LIST* compiled.
LIST-REPLACE-FROM-VECTOR* compiled.
VECTOR-REPLACE-FROM-LIST* compiled.
VECTOR-REPLACE-FROM-VECTOR* compiled.
REPLACE compiled.
REVERSE compiled.
LIST-REVERSE* compiled.
VECTOR-REVERSE* compiled.
LIST-NREVERSE* compiled.
VECTOR-NREVERSE* compiled.
NREVERSE compiled.
CONCATENATE compiled.
CONCAT-TO-LIST* compiled.
CONCAT-TO-SIMPLE* compiled.
MAP compiled.
SOME compiled.
EVERY compiled.
NOTANY compiled.
NOTEVERY compiled.
REDUCE compiled.
COERCE compiled.
LIST-TO-STRING* compiled.
LIST-TO-BIT-VECTOR* compiled.
LIST-TO-VECTOR* compiled.
VECTOR-TO-LIST* compiled.
VECTOR-TO-VECTOR* compiled.
VECTOR-TO-STRING* compiled.
VECTOR-TO-BIT-VECTOR* compiled.
STRING-TO-SIMPLE-STRING* compiled.
BIT-VECTOR-TO-SIMPLE-BIT-VECTOR* compiled.
DELETE compiled.
DELETE-IF compiled.
DELETE-IF-NOT compiled.
REMOVE compiled.
REMOVE-IF compiled.
REMOVE-IF-NOT compiled.
LIST-REMOVE-DUPLICATES* compiled.
VECTOR-REMOVE-DUPLICATES* compiled.
REMOVE-DUPLICATES compiled.
LIST-DELETE-DUPLICATES* compiled.
VECTOR-DELETE-DUPLICATES* compiled.
DELETE-DUPLICATES compiled.
LIST-SUBSTITUTE* compiled.
VECTOR-SUBSTITUTE* compiled.
SUBSTITUTE compiled.
SUBSTITUTE-IF compiled.
SUBSTITUTE-IF-NOT compiled.
NSUBSTITUTE compiled.
NLIST-SUBSTITUTE* compiled.
NVECTOR-SUBSTITUTE* compiled.
NSUBSTITUTE-IF compiled.
NLIST-SUBSTITUTE-IF* compiled.
NVECTOR-SUBSTITUTE-IF* compiled.
NSUBSTITUTE-IF-NOT compiled.
NLIST-SUBSTITUTE-IF-NOT* compiled.
NVECTOR-SUBSTITUTE-IF-NOT* compiled.
POSITION compiled.
POSITION-IF compiled.
POSITION-IF-NOT compiled.
COUNT compiled.
COUNT-IF compiled.
COUNT-IF-NOT compiled.
FIND compiled.
FIND-IF compiled.
FIND-IF-NOT compiled.
MISMATCH compiled.
SEARCH compiled.

Finished "CARMEN::SS:<CLISP.UPSALA>SEQ.CLISP.17".
Wall time 1060545 ms; Run time 219909 ms.