
;;; CLC vP.U.V.1(2) compiling CARMEN::SS:<CLISP.UPSALA>SHARPM.CLISP.10

Compiling "CARMEN::SS:<CLISP.UPSALA>SHARPM.CLISP.10".

SHARP-BACKSLASH compiled.
SHARP-QUOTE compiled.
SHARP-LEFT-PAREN compiled.
SHARP-STAR compiled.
SHARP-COLON compiled.
SHARP-DOT compiled.
SHARP-COMMA compiled.
SHARP-R compiled.
SHARP-B compiled.
SHARP-O compiled.
SHARP-X compiled.
SHARP-A compiled.
SHARP-S compiled.
INT-SUBST-ARRAY compiled.
SUBST-ARRAY compiled.
CIRCLE-SUBST compiled.
SHARP-EQUAL compiled.
SHARP-SHARP compiled.
SHARP-PLUS compiled.
SHARP-MINUS compiled.
SHARP-C compiled.
SHARP-VERTICAL-BAR compiled.
SHARP-ILLEGAL compiled.
SHARP-INIT compiled.
SHARP-INIT* compiled.

Finished "CARMEN::SS:<CLISP.UPSALA>SHARPM.CLISP.10".
Wall time 186576 ms; Run time 33583 ms.