
;;; CLC vP.U.V.1(2) compiling CARMEN::SS:<CLISP.UPSALA>STRING.CLISP.5

Compiling "CARMEN::SS:<CLISP.UPSALA>STRING.CLISP.5".

STRING compiled.
STRING= compiled.
STRING-EQUAL compiled.
STRING< compiled.
STRING> compiled.
STRING<= compiled.
STRING>= compiled.
STRING/= compiled.
STRING-LESSP compiled.
STRING-GREATERP compiled.
STRING-NOT-GREATERP compiled.
STRING-NOT-LESSP compiled.
STRING-NOT-EQUAL compiled.
MAKE-STRING compiled.
STRING-UPCASE compiled.
STRING-DOWNCASE compiled.
STRING-CAPITALIZE compiled.
NSTRING-UPCASE compiled.
NSTRING-DOWNCASE compiled.
NSTRING-CAPITALIZE compiled.
STRING-LEFT-TRIM compiled.
STRING-RIGHT-TRIM compiled.
STRING-TRIM compiled.

Finished "CARMEN::SS:<CLISP.UPSALA>STRING.CLISP.5".
Wall time 1710303 ms; Run time 64390 ms.