
;;; CLC vP.U.V.1(2) compiling CARMEN::SS:<CLISP.UPSALA>TRANS.CLISP.7

Compiling "CARMEN::SS:<CLISP.UPSALA>TRANS.CLISP.7".

Warning in FIND-TYPE: 
  X bound but not referenced in FIND-TYPE.
FIND-TYPE compiled.
DEFSYNONYM compiled.
MACEX-XFORM compiled.
SETQ-TRANSFORM compiled.
PSETQ-TRANSFORM compiled.
NOT-TRANSFORM compiled.
EQ-TRANSFORM compiled.
EQL-TRANSFORM compiled.
=-TRANSFORM compiled.
RETURN-TRANSFORM compiled.
PROG-TRANSFORM compiled.
PROG*-TRANSFORM compiled.
DEFUN-TRANSFORM compiled.
EVAL-WHEN-TRANSFORM compiled.
FUNCALL-TRANSFORM compiled.
IDENTITY-TRANSFORM compiled.
CAAR-TRANSFORM compiled.
CADR-TRANSFORM compiled.
CDAR-TRANSFORM compiled.
CDDR-TRANSFORM compiled.
CAAAR-TRANSFORM compiled.
CAADR-TRANSFORM compiled.
CADAR-TRANSFORM compiled.
CADDR-TRANSFORM compiled.
CDAAR-TRANSFORM compiled.
CDADR-TRANSFORM compiled.
CDDAR-TRANSFORM compiled.
CDDDR-TRANSFORM compiled.
CAAAAR-TRANSFORM compiled.
CAAADR-TRANSFORM compiled.
CAADAR-TRANSFORM compiled.
CAADDR-TRANSFORM compiled.
CADAAR-TRANSFORM compiled.
CADADR-TRANSFORM compiled.
CADDAR-TRANSFORM compiled.
CADDDR-TRANSFORM compiled.
CDAAAR-TRANSFORM compiled.
CDAADR-TRANSFORM compiled.
CDADAR-TRANSFORM compiled.
CDADDR-TRANSFORM compiled.
CDDAAR-TRANSFORM compiled.
CDDADR-TRANSFORM compiled.
CDDDAR-TRANSFORM compiled.
CDDDDR-TRANSFORM compiled.
FIRST-TRANSFORM compiled.
SECOND-TRANSFORM compiled.
THIRD-TRANSFORM compiled.
FOURTH-TRANSFORM compiled.
FIFTH-TRANSFORM compiled.
SIXTH-TRANSFORM compiled.
SEVENTH-TRANSFORM compiled.
EIGHTH-TRANSFORM compiled.
NINTH-TRANSFORM compiled.
TENTH-TRANSFORM compiled.
NTH-TRANSFORM compiled.
NTHCDR-TRANSFORM compiled.
PLUSP-TRANSFORM compiled.
MINUSP-TRANSFORM compiled.
ODDP-TRANSFORM compiled.
EVENP-TRANSFORM compiled.
>=-TWO-ARG compiled.
<=-TWO-ARG compiled.
/=-TRANSFORM compiled.
MAX-TRANSFORM compiled.
MIN-TRANSFORM compiled.
MULTI-ARITH compiled.
+-TRANSFORM compiled.
--TRANSFORM compiled.
*-TRANSFORM compiled.
/-TRANSFORM compiled.
SECOND-ARG-IS-1 compiled.
LOGIOR-TRANSFORM compiled.
LOGXOR-TRANSFORM compiled.
LOGAND-TRANSFORM compiled.
LOGEQV-TRANSFORM compiled.
LOGNAND-TRANSFORM compiled.
LOGNOR-TRANSFORM compiled.
LOGANDC1-TRANSFORM compiled.
LOGANDC2-TRANSFORM compiled.
LOGORC1-TRANSFORM compiled.
LOGORC2-TRANSFORM compiled.
LOGTEST-TRANSFORM compiled.
LOGBITP-TRANSFORM compiled.
LDB-TEST-TRANSFORM compiled.
AREF-TRANSFORM compiled.
CHAR-TRANSFORM compiled.
BIT-TRANSFORM compiled.
%ASET-TRANSFORM compiled.
%CHARSET-TRANSFORM compiled.
%BITSET-TRANSFORM compiled.
CHAR=-TRANSFORM compiled.
CHAR/=-TRANSFORM compiled.
FORMAT-TRANSFORM compiled.
WRITE-STRING-TRANSFORM compiled.
WRITE-LINE-TRANSFORM compiled.
DO-TRANSFORM compiled.
DO*-TRANSFORM compiled.
DOTIMES-TRANSFORM compiled.
DOLIST-TRANSFORM compiled.
Warning in MAPHASH-TRANS: 
  KEY bound but not referenced in MAPHASH-TRANS.
MAPHASH-TRANS compiled.
WHITESPACE-CHAR-P compiled.

Finished "CARMEN::SS:<CLISP.UPSALA>TRANS.CLISP.7".
Wall time 1449900 ms; Run time 1179233 ms.
0 Errors, 2 Warnings.