
			 1-Feb-2006 09:54:22

BATCON Version	6(10114)			GLXLIB Version	6(1534)

	    Job BUILD Req #28 for MRC in Stream 0

	OUTPUT:	 Nolog				TIME-LIMIT: 0:05:00
	UNIQUE:	 Yes				BATCH-LOG:  Append
	RESTART: No				ASSISTANCE: Yes
	ACCOUNT:                                SEQUENCE:   654

	Input from => PANDA:<MM>BUILD-MM.CTL
	Output to  => PANDA:<MM.LOCAL>BUILD-MM.LOG



09:54:23 MONTR	 Lingling, Pandamonium Reigns!, PANDA TOPS-20 Monitor 7.1(21733)-4
09:54:23 MONTR	 Job 17 on TTY22 1-Feb-2006 09:54:23
09:54:23 MONTR	  Last interactive login 1-Feb-2006 09:05:36
09:54:23 MONTR	  Last non-interactive login 1-Feb-2006 08:58:59
09:54:23 MONTR	 $
09:54:23 MONTR	[Connected to PANDA:<MM.LOCAL>]
		!			Build the MM mailsystem
		!			 Mark Crispin 1-Feb-06
		!
		!  This control file builds the MM mailsystem.  It should be possible to
		! submit this control file and run the resulting EXE files without
		! modification on any site.  Sites with additional or modified terminal
		! type may wish to install a custom version of BLANKT.MAC for their
		! environment on the <MM.LOCAL> directory prior to submitting this
		! control file.
		!
		!  Required directories:
		!	<MM> for the sources
		!	<MM.LOCAL> for locally-modified sources
		!	<MM.BINARIES> for the resulting binaries
		!
		!  This control file explicitly does NOT install the MM mailsystem; all
		! the resulting binaries are left on <MM.BINARIES>
		!
		! Clean up
09:54:23 MONTR	@CONNECT <MM.BINARIES>
09:54:23 MONTR	 $@DELETE *.*
09:54:23 MONTR	
09:54:23 MONTR	%No files match this specification - *.*
09:54:23 MONTR	 $@EXPUNGE
09:54:23 MONTR	 PANDA:<MM.BINARIES> [No pages freed]
09:54:23 MONTR	 $
		!
		! Define local search path
09:54:23 MONTR	@DEFINE DSK: DSK:,<MM.LOCAL>,<MM>
09:54:23 MONTR	
09:54:23 MONTR	 $
		!
		! Log the environment this job ran under
09:54:23 MONTR	@VDIRECTORY <MM>,<MM.LOCAL>,
09:54:23 MONTR	
09:54:23 MONTR	 $$@CHECKSUM SEQUENTIALLY
09:54:23 MONTR	
09:54:23 MONTR	 $$@
09:54:23 MONTR	
09:54:23 MONTR	   PANDA:<MM>
09:54:23 MONTR	 ARMAIL.MAC.11;P777752      5 10529(7)   16-Jan-88 19:37:07 MRC       130110  
09:54:23 MONTR	 BINARIES.DIRECTORY.1;P20200   0 0(0)     1-Jul-2003 07:27:28 MRC       Invalid access requested
09:54:23 MONTR	 BLANKT.MAC.4;P777752       2 3834(7)     2-Oct-87 10:01:23 MRC       013546  
09:54:23 MONTR	 BUILD-MM.CTL.91;P777752    2 4896(7)     1-Feb-2006 09:53:53 MRC       203640  
09:54:23 MONTR	 CAFARD.MAC.53;P777752     14 33523(7)   26-Dec-87 23:07:27 MRC       737646  
09:54:23 MONTR	 CAFDTR.MAC.5;P777752       1 1031(7)     8-Jun-87 21:40:27 MRC       366021  
09:54:23 MONTR	 CAFPRO.MAC.48;P777752      6 14740(7)    8-Nov-86 19:59:09 MRC       367511  
09:54:23 MONTR	 DOCUMENTATION.DIRECTORY.1;P20200   0 0(0)  1-Jul-2003 07:27:33 MRC     Invalid access requested
09:54:23 MONTR	 FSCOPY.MAC.4;P777752       4 9144(7)    22-Mar-85 14:34:17 MRC       400423  
09:54:23 MONTR	 GRIPE.MAC.8;P777752        5 11860(7)   25-Oct-84 18:01:56 MRC       534546  
09:54:23 MONTR	 HSTNAM.MAC.159;P777752    22 56309(7)   10-Feb-2002 15:13:48 MRC       034342  
09:54:23 MONTR	 HSTTST.MAC.14;P777752      2 2718(7)    26-Dec-87 23:08:03 MRC       723473  
09:54:23 MONTR	 IMAPSV.MAC.3;P777752       4 9800(7)     2-Mar-2005 14:37:54 MRC       721332  
09:54:23 MONTR	 LOCAL.DIRECTORY.1;P20200   0 0(0)        1-Jul-2003 07:27:37 MRC       Invalid access requested
09:54:23 MONTR	 MAILER-RELAY-INFO.TXT.1;P777752   1 2253(7)  2-Sep-87 20:40:57 MRC   005324  
09:54:23 MONTR	 MAILING-LISTS.TXT.3;P777752   2 3303(7) 14-Aug-85 13:59:56 MRC       111015  
09:54:23 MONTR	 MAILST.MAC.11;P777752     16 39464(7)   26-Dec-87 23:08:32 MRC       404550  
09:54:23 MONTR	 MAISER.MAC.197;P777752    30 74293(7)    1-Feb-2006 09:51:42 MRC       634700  
09:54:23 MONTR	 MAPSER.MAC.363;P777752    46 117638(7)   2-Mar-2005 14:34:04 MRC       745232  
09:54:23 MONTR	 MLIST.C.37;P777752         4 8146(7)     1-Jan-2004 19:07:51 MRC       500462  
09:54:23 MONTR	 MM.MAC.1169;P777752      127 323540(7)   1-Mar-2002 00:42:22 MRC       174504  
09:54:23 MONTR	 MM-MAIL.EMACS.9;P777752    3 5257(7)     1-Feb-86 18:16:30 MRC       632433  
09:54:23 MONTR	 MMAIL.EMACS.94;P777752     6 12883(7)   10-Dec-85 15:09:19 MRC       615601  
09:54:23 MONTR	 MMAILR.MAC.541;P777752   112 286393(7)  26-Apr-2001 19:41:31 MRC       303011  
09:54:23 MONTR	 MMHELP.MAC.15;P777752     18 45866(7)    3-Apr-93 01:17:28 MRC       165216  
09:54:23 MONTR	 MMLBX.MAC.65;P777752      15 38289(7)    3-May-2004 11:27:37 MRC       716602  
09:54:23 MONTR	 MMSTAT.C.7;P777752         3 6978(7)     1-Jan-2004 18:58:35 MRC       161063  
09:54:23 MONTR	 MMUUO.MAC.1;P777752        3 6620(7)     9-Mar-84 13:50:21 MRC       760633  
09:54:23 MONTR	 MSTAT.MAC.3;P777752        3 5318(7)    19-Jul-85 14:25:56 MRC       345225  
09:54:23 MONTR	 QDMAIL.MAC.14;P777752     13 31437(7)   26-Dec-87 23:10:08 MRC       264320  
09:54:23 MONTR	 RELAY.MAC.30;P777752       5 12606(7)   16-Apr-88 17:12:10 MRC       336565  
09:54:23 MONTR	 REPLY.MAC.12;P777752       7 17050(7)   18-Jul-85 22:52:27 MRC       760247  
09:54:23 MONTR	 SEND.MAC.61;P777752        7 17430(7)   26-Feb-2002 14:21:45 MRC       035372  
09:54:23 MONTR	 SMTDCN.MAC.9;P777752       4 10004(7)   23-Feb-86 19:08:10 MRC       434120  
09:54:23 MONTR	 SMTJFN.MAC.8;P777752       4 9717(7)    13-Feb-87 16:52:42 MRC       425516  
09:54:23 MONTR	 SNDDEF.MAC.10;P777752      2 3924(7)    12-Feb-85 16:23:03 MRC       132615  
09:54:23 MONTR	 SNDMSG.MAC.36;P777752      6 14941(7)   30-Mar-87 10:47:05 MRC       252724  
09:54:23 MONTR	 SNDSRV.MAC.36;P777752     13 32997(7)   18-Jul-85 22:52:02 MRC       404564  
09:54:23 MONTR	 SNDSTA.MAC.4;P777752       2 2770(7)    18-May-83 00:04:31 MRC       752773  
09:54:23 MONTR	 SPELL.DIRECTORY.1;P20200   0 0(0)        1-Jul-2003 07:27:41 MRC       Invalid access requested
09:54:23 MONTR	 VAX.DIRECTORY.1;P20200     0 0(0)        1-Jul-2003 07:27:42 MRC       Invalid access requested
09:54:23 MONTR	 VMAIL.MAC.83;P777752      14 34380(7)   20-Feb-91 02:10:47 MRC       206043  
09:54:23 MONTR	 WAKEUP.MAC.4;P777752       2 3858(7)     8-Aug-85 20:08:16 MRC       360501  
09:54:23 MONTR	 WHAT.MAC.9;P777752         6 15060(7)   18-Jul-85 21:07:48 MRC       464453  
09:54:23 MONTR	
09:54:23 MONTR	 Total of 541 pages in 44 files, Checksum = 362654, with 5 checksum errors
09:54:23 MONTR	
09:54:23 MONTR	   PANDA:<MM.LOCAL>
09:54:23 MONTR	 BLANKT.MAC.5;P777752       2 3904(7)     3-May-2004 11:33:35 MRC       056074  
09:54:23 MONTR	 BUILD-MM.LOG.1;P777752     0 716(7)      1-Feb-2006 09:54:23 OPERATOR  043273  
09:54:23 MONTR	
09:54:23 MONTR	 Total of 2 pages in 2 files, Checksum = 617373
09:54:23 MONTR	
09:54:23 MONTR	 Grand total of 543 pages in 46 files, Checksum = 657655, with 5 checksum errors
09:54:23 MONTR	 $@GET SYS:MACRO
09:54:23 MONTR	
09:54:23 MONTR	 $@INFORMATION VERSION
09:54:23 MONTR	 Lingling, Pandamonium Reigns!, PANDA TOPS-20 Monitor 7.1(21733)-4
09:54:23 MONTR	 PANDA TOPS-20 Command processor 7.1(4453)-4
09:54:23 MONTR	 Program is MACRO, version is 53.2(1254)-4
09:54:23 MONTR	 $@GET SYS:LINK
09:54:23 MONTR	
09:54:23 MONTR	 $@INFORMATION VERSION
09:54:23 MONTR	 Lingling, Pandamonium Reigns!, PANDA TOPS-20 Monitor 7.1(21733)-4
09:54:23 MONTR	 PANDA TOPS-20 Command processor 7.1(4453)-4
09:54:23 MONTR	 Program is LINK, version is 7(2421)-1
09:54:23 MONTR	PDVs:	Program name LINK, version 7(2421)-1
09:54:23 MONTR	 $
		!
		! Universals
		!
		! SNDDEF -- Definitions for the sendsystem
09:54:23 MONTR	@COMPILE /NOBINARY SNDDEF
09:54:24 USER	MACRO:	SNDDEF
09:54:24 USER	
09:54:24 USER	EXIT
09:54:24 MONTR	 $
		!
		!**********************************************************************
		!		Libraries
		!**********************************************************************
		! ARMAIL -- Replacement for DEC's ARMAIL module
		! BLANKT -- site-dependent terminal blanking codes
		! HSTNAM -- host name lookup and domain processing
		! RELAY -- relay host name lookup and domain processing
		! SNDMSG -- terminal sending routines
		! WAKEUP -- MMAILR wakeup module for mail composers
09:54:24 MONTR	@COMPILE ARMAIL,BLANKT,HSTNAM,RELAY,SNDMSG,WAKEUP
09:54:24 USER	MACRO:	ARMAIL
09:54:25 USER	MACRO:	BLANKT
09:54:25 USER	MACRO:	HSTNAM
09:54:27 USER	MACRO:	RELAY
09:54:28 USER	MACRO:	SNDMSG
09:54:28 USER	MACRO:	WAKEUP
09:54:29 USER	
09:54:29 USER	EXIT
09:54:29 MONTR	 $
		!
		!**********************************************************************
		!		Mailsystem
		!**********************************************************************
		! MM -- mail composition/retrieval subsystem
09:54:29 MONTR	@COMPILE FSCOPY,MMHELP,MMUUO
09:54:29 USER	MACRO:	FSCOPY
09:54:29 USER	MACRO:	MMHELP
09:54:30 USER	MACRO:	MMUUO
09:54:30 USER	
09:54:30 USER	EXIT
09:54:30 MONTR	 $@LOAD %"NOINITIAL" MM
09:54:30 USER	MACRO:	MM
09:54:46 USER	LINK:	Loading
09:54:47 USER	%LNKTDS	Too late to delete initial symbols
09:54:47 MONTR	 $@GET MM
09:54:47 MONTR	
09:54:47 MONTR	 $@DEPOSIT $GTMOK -1		!DNS timeouts OK
09:54:47 MONTR	 [Shared page made private]
09:54:47 MONTR	 $@SAVE MM
09:54:47 MONTR	 MM.EXE.2 Saved
09:54:47 MONTR	 $
		!
		! GRIPE -- tool for sending bug reports, etc.
09:54:47 MONTR	@LOAD %"NOINITIAL" GRIPE
09:54:47 USER	MACRO:	GRIPE
09:54:47 USER	LINK:	Loading
09:54:47 USER	%LNKTDS	Too late to delete initial symbols
09:54:47 MONTR	 $
		!
		! MSTAT - tool for looking at queued messages
09:54:47 MONTR	@LOAD %"NOINITIAL" MSTAT
09:54:48 USER	MACRO:	MSTAT
09:54:48 USER	LINK:	Loading
09:54:48 MONTR	 $
		!
		! MAILST - system server for MSTAT requests
09:54:48 MONTR	@LOAD %"NOINITIAL" MAILST
09:54:48 USER	MACRO:	MAILST
09:54:48 USER	LINK:	Loading
09:54:49 MONTR	 $
		!
		! MMAILR -- mail delivery process
09:54:49 MONTR	@LOAD %"NOINITIAL" MMAILR
09:54:49 USER	MACRO:	MMailr
09:55:04 USER	LINK:	Loading
09:55:04 USER	%LNKTDS	Too late to delete initial symbols
09:55:04 MONTR	 $@GET MMAILR
09:55:04 MONTR	
09:55:04 MONTR	 $@DEPOSIT $GTMOK -1		!DNS timeouts OK
09:55:04 MONTR	 [Shared page made private]
09:55:04 MONTR	 $@SAVE MMAILR
09:55:04 MONTR	 MMAILR.EXE.2 Saved
09:55:04 MONTR	 $
		!
		! MMAILBOX -- mailbox lookup tool
09:55:04 MONTR	@LOAD %"NOINITIAL" MMLBX
09:55:05 USER	MACRO:	MMailb
09:55:06 USER	LINK:	Loading
09:55:07 USER	%LNKTDS	Too late to delete initial symbols
09:55:07 MONTR	 $@RESET		!work around LINK bug
09:55:07 MONTR	
09:55:07 MONTR	 $@RENAME MMLBX.EXE MMAILBOX.EXE
09:55:07 MONTR	 MMLBX.EXE.1 => MMAILBOX.EXE.1 [OK]
09:55:07 MONTR	 $@GET MMAILBOX
09:55:07 MONTR	
09:55:07 MONTR	 $@DEPOSIT $GTMOK -1		!DNS timeouts OK
09:55:07 MONTR	 [Shared page made private]
09:55:07 MONTR	 $@SAVE MMAILBOX
09:55:07 MONTR	 MMAILBOX.EXE.2 Saved
09:55:07 MONTR	 $
		!
		! MAISER -- SMTP protocol server
09:55:07 MONTR	@LOAD %"NOINITIAL" MAISER
09:55:07 USER	MACRO:	MAISER
09:55:12 USER	LINK:	Loading
09:55:12 USER	%LNKTDS	Too late to delete initial symbols
09:55:12 MONTR	 $@GET MAISER
09:55:12 MONTR	
09:55:12 MONTR	 $
		! Anti-spam settings
09:55:12 MONTR	@DEPOSIT $ASRES 1		! client IP address must have PTR to name
09:55:12 MONTR	 [Shared page made private]
09:55:12 MONTR	 $@DEPOSIT $ASRVH 1		! client must give valid name in HELO/EHLO
09:55:12 MONTR	
09:55:12 MONTR	 $@DEPOSIT $ASRCP 0		! allow RCPT address validation
09:55:12 MONTR	
09:55:12 MONTR	 $@DEPOSIT $ASVFY 1		! disable VRFY
09:55:12 MONTR	
09:55:12 MONTR	 $@DEPOSIT $ASEXP 1		! disable EXPN
09:55:12 MONTR	
09:55:12 MONTR	 $@DEPOSIT $ASGRP 5000.		! number of ms of delay before greeting
09:55:12 MONTR	
09:55:12 MONTR	 $@DEPOSIT $ASHLO 1		! reject obvious bogons in HELO/EHLO
09:55:12 MONTR	
09:55:12 MONTR	 $@DEPOSIT $ASCBI 1		! clear input buffer CRLF ending response
09:55:12 MONTR	
09:55:12 MONTR	 $
		!
09:55:12 MONTR	@SAVE MAISER
09:55:12 MONTR	 MAISER.EXE.2 Saved
09:55:12 MONTR	 $
		!
		! SMTJFN -- Internet SMTP listener
09:55:12 MONTR	@LOAD %"NOINITIAL" SMTJFN
09:55:12 USER	MACRO:	SMTJFN
09:55:13 USER	LINK:	Loading
09:55:13 USER	%LNKTDS	Too late to delete initial symbols
09:55:13 MONTR	 $
		!
		! SMTDCN -- DECnet SMTP listener
09:55:13 MONTR	@LOAD %"NOINITIAL" SMTDCN
09:55:13 USER	MACRO:	SMTDCN
09:55:13 USER	LINK:	Loading
09:55:13 USER	%LNKTDS	Too late to delete initial symbols
09:55:13 MONTR	 $
		!
		! VMAIL - DECnet MAIL-11 (VAX/VMS) listener/server
09:55:13 MONTR	@LOAD %"NOINITIAL" VMAIL
09:55:14 USER	MACRO:	VMAIL
09:55:15 USER	LINK:	Loading
09:55:15 USER	%LNKTDS	Too late to delete initial symbols
09:55:15 MONTR	 $
		!
		! CAFARD - TTY line mail transfer program
09:55:15 MONTR	@COMPILE CAFPRO,CAFDTR
09:55:15 USER	MACRO:	CAFPRO
09:55:16 USER	MACRO:	CAFDTR
09:55:16 USER	
09:55:16 USER	EXIT
09:55:16 MONTR	 $@LOAD %"NOINITIAL" CAFARD
09:55:16 USER	MACRO:	CAFARD
09:55:19 USER	LINK:	Loading
09:55:19 USER	%LNKTDS	Too late to delete initial symbols
09:55:19 MONTR	 $
		!
		! MAPSER - IMAP II mail access protocol server
09:55:19 MONTR	@COMPILE MAPSER
09:55:19 USER	MACRO:	MAPSER
09:55:28 USER	
09:55:28 USER	EXIT
09:55:28 MONTR	 $
09:55:28 BATCH	@NOERROR	!Don't die on a model A CPU
09:55:28 MONTR	@LOAD %"NOINITIAL" MAPSER
09:55:28 USER	LINK:	Loading
09:55:29 USER	%LNKTDS	Too late to delete initial symbols
09:55:29 MONTR	 $
09:55:29 BATCH	@ERROR		!No EXE file will be made if built on model A CPU
		!
		! IMAPSV - Internet IMAP II listener
09:55:29 MONTR	@LOAD %"NOINITIAL" IMAPSV
09:55:29 USER	MACRO:	IMAPSV
09:55:29 USER	LINK:	Loading
09:55:30 USER	%LNKTDS	Too late to delete initial symbols
09:55:30 MONTR	 $
		!
		!**********************************************************************
		!		Sendsystem
		!**********************************************************************
		! SEND -- Send composition process
09:55:30 MONTR	@LOAD %"NOINITIAL" SEND
09:55:30 USER	MACRO:	SEND
09:55:30 USER	LINK:	Loading
09:55:30 MONTR	 $
		!
		! SNDSRV -- Send delivery process
09:55:30 MONTR	@LOAD %"NOINITIAL" SNDSRV
09:55:31 USER	MACRO:	SNDSRV
09:55:32 USER	LINK:	Loading
09:55:32 MONTR	 $
		!
		! REPLY -- Reply to latest send
09:55:32 MONTR	@LOAD %"NOINITIAL" REPLY
09:55:32 USER	MACRO:	REPLY
09:55:32 USER	LINK:	Loading
09:55:33 MONTR	 $
		!
		! WHAT -- Report previous sends
09:55:33 MONTR	@LOAD %"NOINITIAL" WHAT
09:55:33 USER	MACRO:	WHAT
09:55:33 USER	LINK:	Loading
09:55:33 MONTR	 $
		!
		!**********************************************************************
		!		Auxillary tools
		!**********************************************************************
		! HSTTST -- host name registry lookup tool
09:55:33 MONTR	@LOAD %"NOINITIAL" HSTTST
09:55:34 USER	MACRO:	HSTTST
09:55:34 USER	LINK:	Loading
09:55:34 USER	%LNKTDS	Too late to delete initial symbols
09:55:34 MONTR	 $
		!
		! QDMAIL -- mail queue perusal tool
09:55:34 MONTR	@LOAD %"NOINITIAL" QDMAIL
09:55:34 USER	MACRO:	QDMAIL
09:55:34 USER	LINK:	Loading
09:55:34 USER	%LNKTDS	Too late to delete initial symbols
09:55:34 MONTR	 $
		!
		! SNDSTAT -- Get sending statistics from SNDSRV
09:55:34 MONTR	@LOAD %"NOINITIAL" SNDSTA
09:55:35 USER	MACRO:	SNDSTA
09:55:35 USER	LINK:	Loading
09:55:35 MONTR	 $
		!
09:55:35 BATCH	@NOERROR	!In case KCC or EMACS not installed
		!
		! MMSTAT -- Statistics from log file
09:55:35 MONTR	@CC MMSTAT.C
09:55:35 USER	KCC:	MMSTAT
09:55:35 USER	<MM.BINARIES>MMSTAT.PRE.1
09:55:35 USER	<MM.BINARIES>MMSTAT.FAI.1
09:55:35 USER	FAIL:  MMSTAT
09:55:35 USER	LINK:	Loading
09:55:36 MONTR	 $
		!
		! MLIST - Mailing list support tool
09:55:36 MONTR	@CC MLIST.C
09:55:36 USER	KCC:	MLIST
09:55:37 USER	<MM.BINARIES>MLIST.PRE.1
09:55:37 USER	<MM.BINARIES>MLIST.FAI.1
09:55:37 USER	FAIL:  MLIST		
09:55:37 USER	LINK:	Loading
09:55:37 MONTR	 $
		!
		! MMAIL -- Support routines for fancy MM/EMACS interface
		! MM-MAIL -- Auxillary EMACS routines
09:55:37 MONTR	@CONNECT <MM>
09:55:37 MONTR	
09:55:37 MONTR	 $@EMACS
09:55:37 USER	^[<^[7^[[?6l^[8^[<^[7^[[?6l^[8^[<^[7^[[?6l^[8^[[H^[[J^[[H^[[01;001H^[[2KEMACS Editor, version 165 - type ^_ (the help character) for help.^[[02;001H^[[2K*GLASS
09:55:37 USER	^[[H^[[01;001H^[[2KGLASS^[[22H^[[K^[[7mEMACS  (Fundamental)  Main:  ^[[m^[[7m *^[[m^[[2H*^[XSet Terminal Type^[GLASS
09:55:37 USER	
09:55:37 USER	M-X*^[XFind File^[MMAIL.EMACS
09:55:37 USER	M-X*^[XCompile
09:55:38 USER	Compressing file PANDA:<MM>MMAIL.EMACS.0
09:55:38 USER	 -> PANDA:<MM>MMAIL.^V:EJ.0
09:55:38 USER	Deleted: PANDA:<MM>MMAIL.COMPRS.1
09:55:38 USER	*^[XFind File^[MM-MAIL.EMACS
09:55:38 USER	M-X*^[XCompile
09:55:38 USER	Compressing file PANDA:<MM>MM-MAIL.EMACS.0
09:55:38 USER	 -> PANDA:<MM>MM-MAIL.^V:EJ.0
09:55:38 USER	Deleted: PANDA:<MM>MM-MAIL.COMPRS.1
09:55:38 USER	*^X^Z
09:55:38 USER	C-M-M^C
09:55:38 MONTR	 $@RENAME *.%EJ <MM.BINARIES>
09:55:38 MONTR	 MM-MAIL.:EJ.1 => <MM.BINARIES>MM-MAIL.:EJ.1 [OK]
09:55:38 MONTR	 MMAIL.:EJ.1 => <MM.BINARIES>MMAIL.:EJ.1 [OK]
09:55:38 MONTR	 $
		!
09:55:38 BATCH	@ERROR
09:55:38 MONTR	@CONNECT <MM.BINARIES>
09:55:38 MONTR	
09:55:38 MONTR	 $@EXPUNGE
09:55:38 MONTR	 PANDA:<MM.BINARIES> [142 pages freed]
09:55:38 MONTR	 $
		!
		! [End of BUILD-MM.CTL]
09:55:38 MONTR	
09:55:38 MONTR	Killed by OPERATOR, Detached
09:55:38 MONTR	Killed Job 17, User MRC, TTY22, at 1-Feb-2006 09:55:38
09:55:38 MONTR	 Used 0:01:13 in 0:01:15
