
			20-Apr-2006 14:38:14

BATCON Version	6(10114)			GLXLIB Version	6(1534)

	    Job EXCGEN Req #1 for MRC in Stream 0

	OUTPUT:	 Nolog				TIME-LIMIT: 0:05:00
	UNIQUE:	 Yes				BATCH-LOG:  Append
	RESTART: No				ASSISTANCE: Yes
	ACCOUNT:                                SEQUENCE:   254

	Input from => HSING:<EXEC-SOURCES>EXCGEN.CTL
	Output to  => HSING:<EXEC-SOURCES>EXCGEN.LOG



14:38:15 MONTR	 Hsinghsing, Pandamonium Reigns!, PANDA TOPS-20 Monitor 7.1(21733)-4
14:38:15 MONTR	 Job 12 on TTY22 20-Apr-2006 14:38:15
14:38:15 MONTR	  Last interactive login 5-Apr-2006 13:19:40
14:38:15 MONTR	  Last non-interactive login 5-Mar-2006 17:37:59
14:38:15 MONTR	 $
14:38:15 MONTR	[Connected to HSING:<EXEC-SOURCES>]
14:38:15 MONTR	@DEFINE DSK: DSK:,<TOOLS.EXEC-MODS>
14:38:15 MONTR	 $@COMPILE EXECDE.MAC+EXECGL.MAC EXECGL
14:38:15 USER	MACRO:	EXECDE
14:38:16 USER	
14:38:16 USER	EXIT
14:38:16 MONTR	 $@COMPILE EXECPR.MAC EXECPR
14:38:16 USER	MACRO:	EXECPR
14:38:18 USER	
14:38:18 USER	EXIT
14:38:18 MONTR	 $@COMPILE WHEXEC.MAC+EDEXEC.MAC+EXECVR.MAC EXECVR
14:38:18 USER	MACRO:	EXECVR
14:38:18 USER	
14:38:18 USER	EXIT
14:38:18 MONTR	 $@COMPILE EXECF3.MAC+EXECCA.MAC EXECCA
14:38:19 USER	MACRO:	EXECCA
14:38:21 USER	
14:38:21 USER	EXIT
14:38:21 MONTR	 $@COMPILE EXEC0.MAC EXEC0
14:38:22 USER	MACRO:	EXEC0
14:38:28 USER	
14:38:28 USER	EXIT
14:38:28 MONTR	 $@COMPILE EXEC1.MAC EXEC1
14:38:28 USER	MACRO:	EXEC1
14:38:34 USER	
14:38:34 USER	EXIT
14:38:34 MONTR	 $@COMPILE EXECSE.MAC EXECSE
14:38:34 USER	MACRO:	EXECSE
14:38:42 USER	
14:38:42 USER	EXIT
14:38:42 MONTR	 $@COMPILE EXECMT.MAC EXECMT
14:38:42 USER	MACRO:	EXECMT
14:38:45 USER	
14:38:45 USER	EXIT
14:38:45 MONTR	 $@COMPILE EXECP.MAC EXECP
14:38:45 USER	MACRO:	EXECP
14:38:51 USER	
14:38:51 USER	EXIT
14:38:51 MONTR	 $@COMPILE EXECIN.MAC EXECIN
14:38:51 USER	MACRO:	EXECIN
14:38:57 USER	
14:38:57 USER	EXIT
14:38:57 MONTR	 $@COMPILE EXEC2.MAC EXEC2
14:38:57 USER	MACRO:	EXEC2
14:38:59 USER	
14:38:59 USER	EXIT
14:38:59 MONTR	 $@COMPILE EXEC3.MAC EXEC3
14:38:59 USER	MACRO:	EXEC3
14:39:03 USER	
14:39:03 USER	EXIT
14:39:03 MONTR	 $@COMPILE EXEC4.MAC EXEC4
14:39:03 USER	MACRO:	EXEC4
14:39:05 USER	
14:39:05 USER	EXIT
14:39:05 MONTR	 $@COMPILE EXECED.MAC EXECED
14:39:05 USER	MACRO:	EXECED
14:39:07 USER	
14:39:07 USER	EXIT
14:39:07 MONTR	 $@COMPILE EXECCS.MAC EXECCS
14:39:07 USER	MACRO:	EXECCS
14:39:11 USER	
14:39:11 USER	EXIT
14:39:11 MONTR	 $@COMPILE EXECQU.MAC EXECQU
14:39:11 USER	MACRO:	EXECQU
14:39:24 USER	
14:39:24 USER	EXIT
14:39:24 MONTR	 $@COMPILE EXECSU.MAC EXECSU
14:39:24 USER	MACRO:	EXECSU
14:39:30 USER	
14:39:30 USER	EXIT
14:39:30 MONTR	 $@COMPILE MICPRM.MAC MICPRM
14:39:30 USER	MACRO:	MICPRM
14:39:30 USER	
14:39:30 USER	EXIT
14:39:30 MONTR	 $@COMPILE EXECMI.MAC EXECMI
14:39:31 USER	MACRO:	EXECMI
14:39:33 USER	
14:39:33 USER	EXIT
14:39:33 MONTR	 $@COMPILE EXECCE.MAC EXECCE
14:39:33 USER	MACRO:	EXECCE
14:39:35 USER	
14:39:35 USER	EXIT
14:39:35 MONTR	 $@R LINK
14:39:35 USER	**EXEC/SAVE, -
14:39:35 USER	#*/SET:.HIGH.:200000, -
14:39:35 USER	#*/SYMSEG:HIGH, -
14:39:35 USER	#*TTY:/LOG/LOGL:5, -
14:39:35 USER	#*EXECGL,EXECPR,EXECVR,EXEC0,EXEC1,EXECSE,EXECMT,EXECP,EXECIN, -
14:39:35 USER	#*EXEC2,EXEC3,EXEC4,EXECED,EXECCS,EXECQU,EXECSU, -
14:39:35 USER	#*EXECCA, -
14:39:36 USER	#*MICPRM,EXECMI, -
14:39:36 USER	#*EXECPM,EXECPS,EXECPI,EXECPC,EXECPX,EXECPU, -
14:39:36 USER	#*EXECCE, -
14:39:36 USER	#*SYS:MACREL.REL
14:39:36 USER	[LNKLMN	Loading module EXECDE from file EXECGL.REL.1]
14:39:36 USER	[LNKLMN	Loading module EXECPR from file EXECPR.REL.1]
14:39:36 USER	[LNKLMN	Loading module EXECVR from file EXECVR.REL.1]
14:39:36 USER	[LNKLMN	Loading module EXEC0 from file EXEC0.REL.1]
14:39:36 USER	[LNKLMN	Loading module EXEC1 from file EXEC1.REL.1]
14:39:36 USER	[LNKLMN	Loading module EXECSE from file EXECSE.REL.1]
14:39:36 USER	[LNKLMN	Loading module EXECMT from file EXECMT.REL.1]
14:39:36 USER	[LNKLMN	Loading module EXECP from file EXECP.REL.1]
14:39:36 USER	[LNKLMN	Loading module EXECIN from file EXECIN.REL.1]
14:39:36 USER	[LNKLMN	Loading module EXEC2 from file EXEC2.REL.1]
14:39:36 USER	[LNKLMN	Loading module EXEC3 from file EXEC3.REL.1]
14:39:36 USER	[LNKLMN	Loading module EXEC4 from file EXEC4.REL.1]
14:39:36 USER	[LNKLMN	Loading module EXECED from file EXECED.REL.1]
14:39:36 USER	[LNKLMN	Loading module EXECCS from file EXECCS.REL.1]
14:39:36 USER	[LNKLMN	Loading module EXECQU from file EXECQU.REL.1]
14:39:36 USER	[LNKLMN	Loading module EXECSU from file EXECSU.REL.1]
14:39:36 USER	[LNKLMN	Loading module EXECCA from file EXECCA.REL.1]
14:39:36 USER	[LNKLMN	Loading module MICPRM from file MICPRM.REL.1]
14:39:36 USER	[LNKLMN	Loading module EXECMI from file EXECMI.REL.1]
14:39:36 USER	[LNKLMN	Loading module EXECPM from file <TOOLS.EXEC-MODS>EXECPM.REL.1]
14:39:36 USER	[LNKLMN	Loading module EXECPS from file <TOOLS.EXEC-MODS>EXECPS.REL.1]
14:39:36 USER	[LNKLMN	Loading module EXECPI from file <TOOLS.EXEC-MODS>EXECPI.REL.1]
14:39:37 USER	[LNKLMN	Loading module EXECPC from file <TOOLS.EXEC-MODS>EXECPC.REL.1]
14:39:37 USER	[LNKLMN	Loading module EXECPX from file <TOOLS.EXEC-MODS>EXECPX.REL.1]
14:39:37 USER	[LNKLMN	Loading module EXECPU from file <TOOLS.EXEC-MODS>EXECPU.REL.1]
14:39:37 USER	[LNKLMN	Loading module EXECCE from file EXECCE.REL.1]
14:39:37 USER	[LNKLMN	Loading module MACREL from file <SUBSYS>MACREL.REL.1]
14:39:37 USER	**/COUNTER/GO
14:39:37 USER	[LNKRLC	Reloc. ctr.	initial value	current value	limit value
14:39:37 USER		.LOW.		0		173676		1000000
14:39:37 USER		.HIGH.		200000		223510		1000000
14:39:37 USER		Absolute code loaded]
14:39:38 MONTR	 $@EXPUNGE
14:39:38 MONTR	 HSING:<EXEC-SOURCES> [No pages freed]
14:39:38 MONTR	 $@RUN EXEC
14:39:38 USER	
14:39:38 USER	Data seg: 13. Pages
14:39:38 USER	          337. Words free
14:39:38 USER	
14:39:38 USER	Pure seg: 135.+40. Pages + symbols
14:39:38 USER	          120. Words to next page boundary
14:39:38 USER	
14:39:38 USER	Save symbols? *Y
14:39:38 USER	
14:39:38 USER	Saving EXEC on file: EXEC.EXE.2 [OK]
14:39:38 MONTR	 $@FILDDT
14:39:38 USER	
14:39:38 USER	FILDDT>*ENABLE PATCHING
14:39:38 USER	
14:39:38 USER	FILDDT>*GET EXEC.EXE
14:39:38 USER	[Patching file EXEC.EXE.2]
14:39:38 USER	[10201 symbols loaded from file]
14:39:38 USER	
14:39:38 USER	*PCDO 42/^[<SETZM PCLMID^[>
14:39:38 USER	   MOVEI A,A   
14:39:38 USER	PAT../   0   
14:39:38 USER	PAT..+1/   0   MOVEI A,A
14:39:38 USER	PAT..+2/   0   JUMPA A,PCDO#+43
14:39:38 USER	PAT..+3/   0   JUMPA B,PCDO#+44
14:39:38 USER	PCDO#+42/   MOVEI A,A   JUMPA DINROU+5   *^Z
14:39:39 MONTR	
14:39:39 MONTR	 $ $
14:39:39 MONTR	Killed by OPERATOR, Detached
14:39:39 MONTR	Killed Job 12, User MRC, TTY22, at 20-Apr-2006 14:39:39
14:39:39 MONTR	 Used 0:01:20 in 0:01:24
